17:14:46.563 [JavaFX Application Thread] DEBUG GameApplication      - Logger initialized
17:14:46.614 [JavaFX Application Thread] DEBUG MainWindow           - Creating a JavaFX scene
17:14:47.213 [JavaFX Application Thread] DEBUG MainWindow           - Target settings size: 500.0 x 600.0
17:14:47.213 [JavaFX Application Thread] DEBUG MainWindow           - Scaled scene size:    500.0 x 600.0
17:14:47.214 [JavaFX Application Thread] DEBUG MainWindow           - Scaled ratio: (1.0, 1.0)
17:14:47.231 [JavaFX Application Thread] DEBUG GameApplication      - Starting FXGL
17:14:47.302 [JavaFX Application Thread] INFO  FXGL                 - FXGL-0.5.2 on DESKTOP
17:14:47.303 [JavaFX Application Thread] INFO  FXGL                 - Source code and latest versions at: https://github.com/AlmasB/FXGL
17:14:47.303 [JavaFX Application Thread] INFO  FXGL                 -              Join the FXGL chat at: https://gitter.im/AlmasB/FXGL
17:14:47.343 [JavaFX Application Thread] DEBUG FS                   - Loaded DesktopFSService
17:14:47.344 [JavaFX Application Thread] DEBUG FXGL                 - Loading FXGL system data
17:14:47.363 [JavaFX Application Thread] DEBUG DesktopFSService     - Reading from: system\fxgl.bundle
17:14:47.394 [JavaFX Application Thread] DEBUG Bundle               - Logging bundle: FXGL
17:14:47.395 [JavaFX Application Thread] DEBUG Bundle               - FXGL.offline.timer.version.check=2018-08-10T04:24:54.913
17:14:47.528 [JavaFX Application Thread] DEBUG GameApplication      - FXGL started
17:14:47.528 [JavaFX Application Thread] DEBUG GameApplication      - Logging game settings
Title: PinBall
Version: 0.1
Width: 500
Height: 600
Fullscreen: false
Intro: false
Menus: false
Profiling: false
Single step:false
App Mode: DEVELOPER
Menu Key: ESCAPE
Stage Style: DECORATED
Scene Factory: class com.almasb.fxgl.scene.SceneFactory
Dialog Factory: class com.almasb.fxgl.ui.FXGLDialogFactory
UI Factory: class com.almasb.fxgl.ui.FXGLUIFactory
Notification Service: class com.almasb.fxgl.gameplay.notification.XboxNotificationView
Exception Handler: class com.almasb.fxgl.app.FXGLExceptionHandler
17:14:47.530 [JavaFX Application Thread] DEBUG GameApplication      - Configuring GameApplication
17:14:47.531 [JavaFX Application Thread] DEBUG GameApplication      - Initializing state machine and application states
17:14:47.572 [JavaFX Application Thread] DEBUG AssetLoader          - Loading from disk: /assets/ui/cursors/fxgl_default.png
17:14:47.687 [JavaFX Application Thread] DEBUG AssetLoader          - Loading from disk: /assets/ui/cursors/fxgl_default.png
17:14:47.752 [JavaFX Application Thread] DEBUG FXGLAssets           - Loading FXGLAssets
17:14:47.846 [JavaFX Application Thread] DEBUG AssetLoader          - Loading from disk: /assets/ui/fonts/VarelaRound-Regular.ttf
17:14:48.115 [JavaFX Application Thread] DEBUG AssetLoader          - Loading from disk: /assets/ui/fonts/lucida_console.ttf
17:14:48.135 [JavaFX Application Thread] DEBUG AssetLoader          - Loading from disk: /assets/ui/css/fxgl_dark.css
17:14:48.209 [JavaFX Application Thread] DEBUG AssetLoader          - Loading from disk: /assets/ui/cursors/fxgl_default.png
17:14:48.285 [JavaFX Application Thread] DEBUG AssetLoader          - Loading from disk: /assets/ui/cursors/fxgl_default.png
17:14:48.353 [JavaFX Application Thread] DEBUG GameScene            - Game scene initialized: 500x600
17:14:48.360 [JavaFX Application Thread] DEBUG GameWorld            - Game world initialized
17:14:48.485 [JavaFX Application Thread] DEBUG PhysicsWorld         - Physics world initialized: appHeight=600, physics.ppm=50,0
17:14:48.542 [JavaFX Application Thread] DEBUG Input                - Registered new binding: Pause - Esc
17:14:48.584 [JavaFX Application Thread] DEBUG Input                - Clearing active input actions
17:14:48.668 [JavaFX Application Thread] DEBUG AppStateMachine      - StartupState -> StartupState
17:14:48.674 [JavaFX Application Thread] INFO  GameApplication      - Game configuration took:  1,142 sec
17:14:48.676 [JavaFX Application Thread] DEBUG AssetLoader          - Loading from disk: /assets/textures/fxgl_icon.png
17:14:48.681 [JavaFX Application Thread] DEBUG MainWindow           - Opening main window
17:14:48.872 [JavaFX Application Thread] DEBUG MainWindow           - Window border size: (6.0, 29.0)
17:14:48.873 [JavaFX Application Thread] DEBUG MainWindow           - Scaled size: 500.0 x 600.0
17:14:48.873 [JavaFX Application Thread] DEBUG MainWindow           - Scaled ratio: (1.0, 1.0)
17:14:48.873 [JavaFX Application Thread] DEBUG MainWindow           - Scene size: 500.0 x 600.0
17:14:48.873 [JavaFX Application Thread] DEBUG MainWindow           - Stage size: 506.0 x 629.0
17:14:48.873 [JavaFX Application Thread] DEBUG GameApplication      - Running preInit()
17:14:48.875 [JavaFX Application Thread] DEBUG Input                - Registered new binding: Screenshot - P
17:14:48.876 [JavaFX Application Thread] DEBUG Input                - Registered new binding: Dev Options - CTRL+0
17:14:48.877 [JavaFX Application Thread] DEBUG Input                - Registered new binding: System info dump - CTRL+9
17:14:48.877 [JavaFX Application Thread] DEBUG Input                - Registered new binding: Restart - CTRL+R
17:14:48.878 [JavaFX Application Thread] DEBUG Input                - Registered new binding: Move Right - D
17:14:48.899 [JavaFX Application Thread] DEBUG GameApplication      - Starting main loop
17:14:48.902 [JavaFX Application Thread] DEBUG StartupState         - STARTUP
17:14:48.902 [JavaFX Application Thread] DEBUG GameApplication      - Starting new game
17:14:48.902 [JavaFX Application Thread] DEBUG Input                - Clearing active input actions
17:14:48.910 [JavaFX Application Thread] DEBUG AppStateMachine      - StartupState -> LoadingState
17:14:48.916 [FXGL Background Thread 1 ] DEBUG InitAppTask          - Clearing previous game
17:14:48.916 [FXGL Background Thread 1 ] DEBUG GameWorld            - Clearing game world
17:14:48.916 [FXGL Background Thread 1 ] DEBUG PhysicsWorld         - Clearing physics world
17:14:48.917 [FXGL Background Thread 1 ] DEBUG GameScene            - Clearing game scene
17:14:48.918 [FXGL Background Thread 1 ] DEBUG InitAppTask          - Initializing Game
17:14:48.996 [FXGL Background Thread 1 ] DEBUG GameScene            - Creating render group for layer: BACKGROUND(1000)
17:14:48.998 [FXGL Background Thread 1 ] DEBUG GameScene            - Creating render group for layer: DEFAULT(100000)
17:14:49.032 [FXGL Background Thread 1 ] DEBUG InitAppTask          - Initializing Physics
17:14:49.032 [FXGL Background Thread 1 ] DEBUG InitAppTask          - Initializing UI
17:14:49.033 [FXGL Background Thread 1 ] DEBUG InitAppTask          - Initialization Complete
17:14:49.033 [FXGL Background Thread 1 ] INFO  InitAppTask          - Game initialization took: 0,117 sec
17:14:49.043 [JavaFX Application Thread] DEBUG Input                - Clearing active input actions
17:14:49.050 [JavaFX Application Thread] DEBUG AppStateMachine      - LoadingState -> PlayState
17:14:54.696 [JavaFX Application Thread] DEBUG GameApplication      - Exiting game application
17:14:54.698 [JavaFX Application Thread] DEBUG GameApplication      - Shutting down background threads
17:14:54.699 [JavaFX Application Thread] DEBUG GameApplication      - Exiting FXGL
17:14:54.700 [JavaFX Application Thread] DEBUG FXGL                 - Saving FXGL system data
17:14:54.707 [JavaFX Application Thread] DEBUG DesktopFSService     - Writing to: system\fxgl.bundle
17:14:54.721 [JavaFX Application Thread] DEBUG GameApplication      - Closing logger and exiting JavaFX
