20:51:31.423 [JavaFX Application Thread] DEBUG GameApplication      - Logger initialized
20:51:31.478 [JavaFX Application Thread] DEBUG MainWindow           - Creating a JavaFX scene
20:51:31.907 [JavaFX Application Thread] DEBUG MainWindow           - Target settings size: 500.0 x 600.0
20:51:31.908 [JavaFX Application Thread] DEBUG MainWindow           - Scaled scene size:    500.0 x 600.0
20:51:31.908 [JavaFX Application Thread] DEBUG MainWindow           - Scaled ratio: (1.0, 1.0)
20:51:31.929 [JavaFX Application Thread] DEBUG GameApplication      - Starting FXGL
20:51:31.975 [JavaFX Application Thread] INFO  FXGL                 - FXGL-0.5.2 on DESKTOP
20:51:31.977 [JavaFX Application Thread] INFO  FXGL                 - Source code and latest versions at: https://github.com/AlmasB/FXGL
20:51:31.977 [JavaFX Application Thread] INFO  FXGL                 -              Join the FXGL chat at: https://gitter.im/AlmasB/FXGL
20:51:32.000 [JavaFX Application Thread] DEBUG FS                   - Loaded DesktopFSService
20:51:32.002 [JavaFX Application Thread] DEBUG FXGL                 - Loading FXGL system data
20:51:32.020 [JavaFX Application Thread] DEBUG DesktopFSService     - Reading from: system\fxgl.bundle
20:51:32.050 [JavaFX Application Thread] DEBUG Bundle               - Logging bundle: FXGL
20:51:32.054 [JavaFX Application Thread] DEBUG Bundle               - FXGL.offline.timer.version.check=2018-08-10T04:24:54.913
20:51:32.173 [JavaFX Application Thread] DEBUG GameApplication      - FXGL started
20:51:32.174 [JavaFX Application Thread] DEBUG GameApplication      - Logging game settings
Title: PinBall
Version: 0.1
Width: 500
Height: 600
Fullscreen: false
Intro: false
Menus: false
Profiling: false
Single step:false
App Mode: DEVELOPER
Menu Key: ESCAPE
Stage Style: DECORATED
Scene Factory: class com.almasb.fxgl.scene.SceneFactory
Dialog Factory: class com.almasb.fxgl.ui.FXGLDialogFactory
UI Factory: class com.almasb.fxgl.ui.FXGLUIFactory
Notification Service: class com.almasb.fxgl.gameplay.notification.XboxNotificationView
Exception Handler: class com.almasb.fxgl.app.FXGLExceptionHandler
20:51:32.178 [JavaFX Application Thread] DEBUG GameApplication      - Configuring GameApplication
20:51:32.179 [JavaFX Application Thread] DEBUG GameApplication      - Initializing state machine and application states
20:51:32.237 [JavaFX Application Thread] DEBUG AssetLoader          - Loading from disk: /assets/ui/cursors/fxgl_default.png
20:51:32.342 [JavaFX Application Thread] DEBUG AssetLoader          - Loading from disk: /assets/ui/cursors/fxgl_default.png
20:51:32.436 [JavaFX Application Thread] DEBUG FXGLAssets           - Loading FXGLAssets
20:51:32.565 [JavaFX Application Thread] DEBUG AssetLoader          - Loading from disk: /assets/ui/fonts/VarelaRound-Regular.ttf
20:51:32.815 [JavaFX Application Thread] DEBUG AssetLoader          - Loading from disk: /assets/ui/fonts/lucida_console.ttf
20:51:32.828 [JavaFX Application Thread] DEBUG AssetLoader          - Loading from disk: /assets/ui/css/fxgl_dark.css
20:51:32.947 [JavaFX Application Thread] DEBUG AssetLoader          - Loading from disk: /assets/ui/cursors/fxgl_default.png
20:51:33.070 [JavaFX Application Thread] DEBUG AssetLoader          - Loading from disk: /assets/ui/cursors/fxgl_default.png
20:51:33.183 [JavaFX Application Thread] DEBUG GameScene            - Game scene initialized: 500x600
20:51:33.195 [JavaFX Application Thread] DEBUG GameWorld            - Game world initialized
20:51:33.382 [JavaFX Application Thread] DEBUG PhysicsWorld         - Physics world initialized: appHeight=600, physics.ppm=50,0
20:51:33.477 [JavaFX Application Thread] DEBUG Input                - Registered new binding: Pause - Esc
20:51:33.545 [JavaFX Application Thread] DEBUG Input                - Clearing active input actions
20:51:33.753 [JavaFX Application Thread] DEBUG AppStateMachine      - StartupState -> StartupState
20:51:33.768 [JavaFX Application Thread] INFO  GameApplication      - Game configuration took:  1,589 sec
20:51:33.775 [JavaFX Application Thread] DEBUG AssetLoader          - Loading from disk: /assets/textures/fxgl_icon.png
20:51:33.791 [JavaFX Application Thread] DEBUG MainWindow           - Opening main window
20:51:34.330 [JavaFX Application Thread] DEBUG MainWindow           - Window border size: (6.0, 29.0)
20:51:34.331 [JavaFX Application Thread] DEBUG MainWindow           - Scaled size: 500.0 x 600.0
20:51:34.331 [JavaFX Application Thread] DEBUG MainWindow           - Scaled ratio: (1.0, 1.0)
20:51:34.332 [JavaFX Application Thread] DEBUG MainWindow           - Scene size: 500.0 x 600.0
20:51:34.332 [JavaFX Application Thread] DEBUG MainWindow           - Stage size: 506.0 x 629.0
20:51:34.333 [JavaFX Application Thread] DEBUG GameApplication      - Running preInit()
20:51:34.339 [JavaFX Application Thread] DEBUG Input                - Registered new binding: Screenshot - P
20:51:34.341 [JavaFX Application Thread] DEBUG Input                - Registered new binding: Dev Options - CTRL+0
20:51:34.343 [JavaFX Application Thread] DEBUG Input                - Registered new binding: System info dump - CTRL+9
20:51:34.344 [JavaFX Application Thread] DEBUG Input                - Registered new binding: Restart - CTRL+R
20:51:34.345 [JavaFX Application Thread] DEBUG Input                - Registered new binding: Move Right - D
20:51:34.401 [JavaFX Application Thread] DEBUG GameApplication      - Starting main loop
20:51:34.405 [JavaFX Application Thread] DEBUG StartupState         - STARTUP
20:51:34.406 [JavaFX Application Thread] DEBUG GameApplication      - Starting new game
20:51:34.406 [JavaFX Application Thread] DEBUG Input                - Clearing active input actions
20:51:34.428 [JavaFX Application Thread] DEBUG AppStateMachine      - StartupState -> LoadingState
20:51:34.443 [FXGL Background Thread 1 ] DEBUG InitAppTask          - Clearing previous game
20:51:34.444 [FXGL Background Thread 1 ] DEBUG GameWorld            - Clearing game world
20:51:34.444 [FXGL Background Thread 1 ] DEBUG PhysicsWorld         - Clearing physics world
20:51:34.445 [FXGL Background Thread 1 ] DEBUG GameScene            - Clearing game scene
20:51:34.450 [FXGL Background Thread 1 ] DEBUG InitAppTask          - Initializing Game
20:51:34.715 [FXGL Background Thread 1 ] DEBUG GameScene            - Creating render group for layer: BACKGROUND(1000)
20:51:34.722 [FXGL Background Thread 1 ] DEBUG GameScene            - Creating render group for layer: DEFAULT(100000)
20:51:34.831 [FXGL Background Thread 1 ] DEBUG InitAppTask          - Initializing Physics
20:51:34.833 [FXGL Background Thread 1 ] DEBUG InitAppTask          - Initializing UI
20:51:34.834 [FXGL Background Thread 1 ] DEBUG InitAppTask          - Initialization Complete
20:51:34.835 [FXGL Background Thread 1 ] INFO  InitAppTask          - Game initialization took: 0,392 sec
20:51:34.845 [JavaFX Application Thread] DEBUG Input                - Clearing active input actions
20:51:34.870 [JavaFX Application Thread] DEBUG AppStateMachine      - LoadingState -> PlayState
20:51:44.557 [JavaFX Application Thread] DEBUG GameApplication      - Exiting game application
20:51:44.559 [JavaFX Application Thread] DEBUG GameApplication      - Shutting down background threads
20:51:44.561 [JavaFX Application Thread] DEBUG GameApplication      - Exiting FXGL
20:51:44.561 [JavaFX Application Thread] DEBUG FXGL                 - Saving FXGL system data
20:51:44.571 [JavaFX Application Thread] DEBUG DesktopFSService     - Writing to: system\fxgl.bundle
20:51:44.586 [JavaFX Application Thread] DEBUG GameApplication      - Closing logger and exiting JavaFX
