15:59:04.003 [JavaFX Application Thread] DEBUG GameApplication      - Logger initialized
15:59:04.076 [JavaFX Application Thread] DEBUG MainWindow           - Creating a JavaFX scene
15:59:04.604 [JavaFX Application Thread] DEBUG MainWindow           - Target settings size: 700.0 x 600.0
15:59:04.605 [JavaFX Application Thread] DEBUG MainWindow           - Scaled scene size:    700.0 x 600.0
15:59:04.606 [JavaFX Application Thread] DEBUG MainWindow           - Scaled ratio: (1.0, 1.0)
15:59:04.635 [JavaFX Application Thread] DEBUG GameApplication      - Starting FXGL
15:59:04.684 [JavaFX Application Thread] INFO  FXGL                 - FXGL-0.5.2 on DESKTOP
15:59:04.686 [JavaFX Application Thread] INFO  FXGL                 - Source code and latest versions at: https://github.com/AlmasB/FXGL
15:59:04.686 [JavaFX Application Thread] INFO  FXGL                 -              Join the FXGL chat at: https://gitter.im/AlmasB/FXGL
15:59:04.717 [JavaFX Application Thread] DEBUG FS                   - Loaded DesktopFSService
15:59:04.718 [JavaFX Application Thread] DEBUG FXGL                 - Loading FXGL system data
15:59:04.746 [JavaFX Application Thread] DEBUG DesktopFSService     - Reading from: system\fxgl.bundle
15:59:04.787 [JavaFX Application Thread] DEBUG Bundle               - Logging bundle: FXGL
15:59:04.790 [JavaFX Application Thread] DEBUG Bundle               - FXGL.offline.timer.version.check=2018-08-17T16:45:45.901
15:59:04.946 [JavaFX Application Thread] DEBUG GameApplication      - FXGL started
15:59:04.947 [JavaFX Application Thread] DEBUG GameApplication      - Logging game settings
Title: PinBall
Version: 0.1
Width: 700
Height: 600
Fullscreen: false
Intro: false
Menus: false
Profiling: false
Single step:false
App Mode: DEVELOPER
Menu Key: ESCAPE
Stage Style: DECORATED
Scene Factory: class com.almasb.fxgl.scene.SceneFactory
Dialog Factory: class com.almasb.fxgl.ui.FXGLDialogFactory
UI Factory: class com.almasb.fxgl.ui.FXGLUIFactory
Notification Service: class com.almasb.fxgl.gameplay.notification.XboxNotificationView
Exception Handler: class com.almasb.fxgl.app.FXGLExceptionHandler
15:59:04.951 [JavaFX Application Thread] DEBUG GameApplication      - Configuring GameApplication
15:59:04.952 [JavaFX Application Thread] DEBUG GameApplication      - Initializing state machine and application states
15:59:05.020 [JavaFX Application Thread] DEBUG AssetLoader          - Loading from disk: /assets/ui/cursors/fxgl_default.png
15:59:05.123 [JavaFX Application Thread] DEBUG AssetLoader          - Loading from disk: /assets/ui/cursors/fxgl_default.png
15:59:05.225 [JavaFX Application Thread] DEBUG FXGLAssets           - Loading FXGLAssets
15:59:05.383 [JavaFX Application Thread] DEBUG AssetLoader          - Loading from disk: /assets/ui/fonts/VarelaRound-Regular.ttf
15:59:05.791 [JavaFX Application Thread] DEBUG AssetLoader          - Loading from disk: /assets/ui/fonts/lucida_console.ttf
15:59:05.843 [JavaFX Application Thread] DEBUG AssetLoader          - Loading from disk: /assets/ui/css/fxgl_dark.css
15:59:06.020 [JavaFX Application Thread] DEBUG AssetLoader          - Loading from disk: /assets/ui/cursors/fxgl_default.png
15:59:06.194 [JavaFX Application Thread] DEBUG AssetLoader          - Loading from disk: /assets/ui/cursors/fxgl_default.png
15:59:06.356 [JavaFX Application Thread] DEBUG GameScene            - Game scene initialized: 700x600
15:59:06.373 [JavaFX Application Thread] DEBUG GameWorld            - Game world initialized
15:59:06.620 [JavaFX Application Thread] DEBUG PhysicsWorld         - Physics world initialized: appHeight=600, physics.ppm=50,0
15:59:06.738 [JavaFX Application Thread] DEBUG Input                - Registered new binding: Pause - Esc
15:59:06.822 [JavaFX Application Thread] DEBUG Input                - Clearing active input actions
15:59:07.019 [JavaFX Application Thread] DEBUG AppStateMachine      - StartupState -> StartupState
15:59:07.038 [JavaFX Application Thread] INFO  GameApplication      - Game configuration took:  2,086 sec
15:59:07.047 [JavaFX Application Thread] DEBUG AssetLoader          - Loading from disk: /assets/textures/fxgl_icon.png
15:59:07.064 [JavaFX Application Thread] DEBUG MainWindow           - Opening main window
15:59:07.741 [JavaFX Application Thread] DEBUG MainWindow           - Window border size: (6.0, 29.0)
15:59:07.742 [JavaFX Application Thread] DEBUG MainWindow           - Scaled size: 700.0 x 600.0
15:59:07.743 [JavaFX Application Thread] DEBUG MainWindow           - Scaled ratio: (1.0, 1.0)
15:59:07.744 [JavaFX Application Thread] DEBUG MainWindow           - Scene size: 700.0 x 600.0
15:59:07.744 [JavaFX Application Thread] DEBUG MainWindow           - Stage size: 706.0 x 629.0
15:59:07.745 [JavaFX Application Thread] DEBUG GameApplication      - Running preInit()
15:59:07.754 [JavaFX Application Thread] DEBUG Input                - Registered new binding: Screenshot - P
15:59:07.755 [JavaFX Application Thread] DEBUG Input                - Registered new binding: Dev Options - CTRL+0
15:59:07.757 [JavaFX Application Thread] DEBUG Input                - Registered new binding: System info dump - CTRL+9
15:59:07.759 [JavaFX Application Thread] DEBUG Input                - Registered new binding: Restart - CTRL+R
15:59:07.759 [JavaFX Application Thread] DEBUG Input                - Registered new binding: Hit with LeftFlipper - A
15:59:07.760 [JavaFX Application Thread] DEBUG Input                - Registered new binding: Hit with RightFlipper - D
15:59:07.761 [JavaFX Application Thread] DEBUG Input                - Registered new binding: New ball - Space
15:59:07.765 [JavaFX Application Thread] DEBUG Input                - Registered new binding: New Table - N
15:59:07.822 [JavaFX Application Thread] DEBUG GameApplication      - Starting main loop
15:59:07.827 [JavaFX Application Thread] DEBUG StartupState         - STARTUP
15:59:07.828 [JavaFX Application Thread] DEBUG GameApplication      - Starting new game
15:59:07.829 [JavaFX Application Thread] DEBUG Input                - Clearing active input actions
15:59:07.853 [JavaFX Application Thread] DEBUG AppStateMachine      - StartupState -> LoadingState
15:59:07.872 [FXGL Background Thread 1 ] DEBUG InitAppTask          - Clearing previous game
15:59:07.872 [FXGL Background Thread 1 ] DEBUG GameWorld            - Clearing game world
15:59:07.873 [FXGL Background Thread 1 ] DEBUG PhysicsWorld         - Clearing physics world
15:59:07.874 [FXGL Background Thread 1 ] DEBUG GameScene            - Clearing game scene
15:59:07.880 [FXGL Background Thread 1 ] DEBUG InitAppTask          - Initializing Game
15:59:08.138 [FXGL Background Thread 1 ] DEBUG GameScene            - Creating render group for layer: BACKGROUND(1000)
15:59:08.255 [FXGL Background Thread 1 ] DEBUG GameScene            - Creating render group for layer: DEFAULT(100000)
15:59:08.268 [FXGL Background Thread 1 ] DEBUG InitAppTask          - Initializing Physics
15:59:08.270 [FXGL Background Thread 1 ] DEBUG InitAppTask          - Initializing UI
15:59:08.276 [FXGL Background Thread 1 ] DEBUG InitAppTask          - Initialization Complete
15:59:08.277 [FXGL Background Thread 1 ] INFO  InitAppTask          - Game initialization took: 0,406 sec
15:59:08.287 [JavaFX Application Thread] DEBUG Input                - Clearing active input actions
15:59:08.312 [JavaFX Application Thread] DEBUG AppStateMachine      - LoadingState -> PlayState
15:59:19.904 [JavaFX Application Thread] DEBUG AssetLoader          - Loading from cache: /assets/sounds/popBumper.wav
15:59:26.703 [JavaFX Application Thread] DEBUG AssetLoader          - Loading from cache: /assets/sounds/kickerBumper.wav
15:59:30.505 [JavaFX Application Thread] DEBUG AssetLoader          - Loading from cache: /assets/sounds/DisableTarget.wav
15:59:32.897 [JavaFX Application Thread] DEBUG AssetLoader          - Loading from cache: /assets/sounds/DisableTarget.wav
15:59:32.898 [JavaFX Application Thread] DEBUG AssetLoader          - Loading from cache: /assets/sounds/DisableTarget.wav
15:59:36.591 [JavaFX Application Thread] DEBUG AssetLoader          - Loading from cache: /assets/sounds/SpotTarget.wav
15:59:36.592 [JavaFX Application Thread] DEBUG AssetLoader          - Loading from cache: /assets/sounds/DisableTarget.wav
15:59:38.351 [JavaFX Application Thread] DEBUG AssetLoader          - Loading from cache: /assets/sounds/SpotTarget.wav
15:59:38.352 [JavaFX Application Thread] DEBUG AssetLoader          - Loading from cache: /assets/sounds/DisableTarget.wav
15:59:38.863 [JavaFX Application Thread] DEBUG AssetLoader          - Loading from cache: /assets/sounds/SpotTarget.wav
15:59:38.865 [JavaFX Application Thread] DEBUG AssetLoader          - Loading from cache: /assets/sounds/DisableTarget.wav
15:59:39.023 [JavaFX Application Thread] DEBUG AssetLoader          - Loading from cache: /assets/sounds/kickerBumper.wav
15:59:39.471 [JavaFX Application Thread] DEBUG AssetLoader          - Loading from cache: /assets/sounds/kickerBumper.wav
15:59:40.159 [JavaFX Application Thread] DEBUG AssetLoader          - Loading from cache: /assets/sounds/kickerBumper.wav
15:59:40.927 [JavaFX Application Thread] DEBUG AssetLoader          - Loading from cache: /assets/sounds/popBumper.wav
15:59:41.535 [JavaFX Application Thread] DEBUG AssetLoader          - Loading from cache: /assets/sounds/kickerBumper.wav
15:59:41.743 [JavaFX Application Thread] DEBUG AssetLoader          - Loading from cache: /assets/sounds/popBumper.wav
16:03:26.518 [JavaFX Application Thread] DEBUG GameApplication      - Exiting game application
16:03:26.521 [JavaFX Application Thread] DEBUG GameApplication      - Shutting down background threads
16:03:26.522 [JavaFX Application Thread] DEBUG GameApplication      - Exiting FXGL
16:03:26.522 [JavaFX Application Thread] DEBUG FXGL                 - Saving FXGL system data
16:03:26.532 [JavaFX Application Thread] DEBUG DesktopFSService     - Writing to: system\fxgl.bundle
16:03:26.550 [JavaFX Application Thread] DEBUG GameApplication      - Closing logger and exiting JavaFX
