17:25:10.018 [JavaFX Application Thread] DEBUG GameApplication      - Logger initialized
17:25:10.074 [JavaFX Application Thread] DEBUG MainWindow           - Creating a JavaFX scene
17:25:10.511 [JavaFX Application Thread] DEBUG MainWindow           - Target settings size: 500.0 x 600.0
17:25:10.512 [JavaFX Application Thread] DEBUG MainWindow           - Scaled scene size:    500.0 x 600.0
17:25:10.513 [JavaFX Application Thread] DEBUG MainWindow           - Scaled ratio: (1.0, 1.0)
17:25:10.534 [JavaFX Application Thread] DEBUG GameApplication      - Starting FXGL
17:25:10.570 [JavaFX Application Thread] INFO  FXGL                 - FXGL-0.5.2 on DESKTOP
17:25:10.571 [JavaFX Application Thread] INFO  FXGL                 - Source code and latest versions at: https://github.com/AlmasB/FXGL
17:25:10.571 [JavaFX Application Thread] INFO  FXGL                 -              Join the FXGL chat at: https://gitter.im/AlmasB/FXGL
17:25:10.598 [JavaFX Application Thread] DEBUG FS                   - Loaded DesktopFSService
17:25:10.600 [JavaFX Application Thread] DEBUG FXGL                 - Loading FXGL system data
17:25:10.621 [JavaFX Application Thread] DEBUG DesktopFSService     - Reading from: system\fxgl.bundle
17:25:10.654 [JavaFX Application Thread] DEBUG Bundle               - Logging bundle: FXGL
17:25:10.657 [JavaFX Application Thread] DEBUG Bundle               - FXGL.offline.timer.version.check=2018-08-10T04:24:54.913
17:25:10.791 [JavaFX Application Thread] DEBUG GameApplication      - FXGL started
17:25:10.792 [JavaFX Application Thread] DEBUG GameApplication      - Logging game settings
Title: PinBall
Version: 0.1
Width: 500
Height: 600
Fullscreen: false
Intro: false
Menus: false
Profiling: false
Single step:false
App Mode: DEVELOPER
Menu Key: ESCAPE
Stage Style: DECORATED
Scene Factory: class com.almasb.fxgl.scene.SceneFactory
Dialog Factory: class com.almasb.fxgl.ui.FXGLDialogFactory
UI Factory: class com.almasb.fxgl.ui.FXGLUIFactory
Notification Service: class com.almasb.fxgl.gameplay.notification.XboxNotificationView
Exception Handler: class com.almasb.fxgl.app.FXGLExceptionHandler
17:25:10.796 [JavaFX Application Thread] DEBUG GameApplication      - Configuring GameApplication
17:25:10.797 [JavaFX Application Thread] DEBUG GameApplication      - Initializing state machine and application states
17:25:10.858 [JavaFX Application Thread] DEBUG AssetLoader          - Loading from disk: /assets/ui/cursors/fxgl_default.png
17:25:10.964 [JavaFX Application Thread] DEBUG AssetLoader          - Loading from disk: /assets/ui/cursors/fxgl_default.png
17:25:11.061 [JavaFX Application Thread] DEBUG FXGLAssets           - Loading FXGLAssets
17:25:11.188 [JavaFX Application Thread] DEBUG AssetLoader          - Loading from disk: /assets/ui/fonts/VarelaRound-Regular.ttf
17:25:11.669 [JavaFX Application Thread] DEBUG AssetLoader          - Loading from disk: /assets/ui/fonts/lucida_console.ttf
17:25:11.723 [JavaFX Application Thread] DEBUG AssetLoader          - Loading from disk: /assets/ui/css/fxgl_dark.css
17:25:11.903 [JavaFX Application Thread] DEBUG AssetLoader          - Loading from disk: /assets/ui/cursors/fxgl_default.png
17:25:12.004 [JavaFX Application Thread] DEBUG AssetLoader          - Loading from disk: /assets/ui/cursors/fxgl_default.png
17:25:12.090 [JavaFX Application Thread] DEBUG GameScene            - Game scene initialized: 500x600
17:25:12.098 [JavaFX Application Thread] DEBUG GameWorld            - Game world initialized
17:25:12.236 [JavaFX Application Thread] DEBUG PhysicsWorld         - Physics world initialized: appHeight=600, physics.ppm=50,0
17:25:12.300 [JavaFX Application Thread] DEBUG Input                - Registered new binding: Pause - Esc
17:25:12.346 [JavaFX Application Thread] DEBUG Input                - Clearing active input actions
17:25:12.469 [JavaFX Application Thread] DEBUG AppStateMachine      - StartupState -> StartupState
17:25:12.478 [JavaFX Application Thread] INFO  GameApplication      - Game configuration took:  1,681 sec
17:25:12.483 [JavaFX Application Thread] DEBUG AssetLoader          - Loading from disk: /assets/textures/fxgl_icon.png
17:25:12.495 [JavaFX Application Thread] DEBUG MainWindow           - Opening main window
17:25:12.845 [JavaFX Application Thread] DEBUG MainWindow           - Window border size: (6.0, 29.0)
17:25:12.845 [JavaFX Application Thread] DEBUG MainWindow           - Scaled size: 500.0 x 600.0
17:25:12.845 [JavaFX Application Thread] DEBUG MainWindow           - Scaled ratio: (1.0, 1.0)
17:25:12.846 [JavaFX Application Thread] DEBUG MainWindow           - Scene size: 500.0 x 600.0
17:25:12.847 [JavaFX Application Thread] DEBUG MainWindow           - Stage size: 506.0 x 629.0
17:25:12.848 [JavaFX Application Thread] DEBUG GameApplication      - Running preInit()
17:25:12.854 [JavaFX Application Thread] DEBUG Input                - Registered new binding: Screenshot - P
17:25:12.856 [JavaFX Application Thread] DEBUG Input                - Registered new binding: Dev Options - CTRL+0
17:25:12.857 [JavaFX Application Thread] DEBUG Input                - Registered new binding: System info dump - CTRL+9
17:25:12.858 [JavaFX Application Thread] DEBUG Input                - Registered new binding: Restart - CTRL+R
17:25:12.859 [JavaFX Application Thread] DEBUG Input                - Registered new binding: Move Right - D
17:25:12.890 [JavaFX Application Thread] DEBUG GameApplication      - Starting main loop
17:25:12.893 [JavaFX Application Thread] DEBUG StartupState         - STARTUP
17:25:12.893 [JavaFX Application Thread] DEBUG GameApplication      - Starting new game
17:25:12.894 [JavaFX Application Thread] DEBUG Input                - Clearing active input actions
17:25:12.905 [JavaFX Application Thread] DEBUG AppStateMachine      - StartupState -> LoadingState
17:25:12.916 [FXGL Background Thread 1 ] DEBUG InitAppTask          - Clearing previous game
17:25:12.916 [FXGL Background Thread 1 ] DEBUG GameWorld            - Clearing game world
17:25:12.916 [FXGL Background Thread 1 ] DEBUG PhysicsWorld         - Clearing physics world
17:25:12.917 [FXGL Background Thread 1 ] DEBUG GameScene            - Clearing game scene
17:25:12.919 [FXGL Background Thread 1 ] DEBUG InitAppTask          - Initializing Game
17:25:13.050 [FXGL Background Thread 1 ] DEBUG GameScene            - Creating render group for layer: BACKGROUND(1000)
17:25:13.054 [FXGL Background Thread 1 ] DEBUG GameScene            - Creating render group for layer: DEFAULT(100000)
17:25:13.112 [FXGL Background Thread 1 ] DEBUG InitAppTask          - Initializing Physics
17:25:13.114 [FXGL Background Thread 1 ] DEBUG InitAppTask          - Initializing UI
17:25:13.114 [FXGL Background Thread 1 ] DEBUG InitAppTask          - Initialization Complete
17:25:13.115 [FXGL Background Thread 1 ] INFO  InitAppTask          - Game initialization took: 0,199 sec
17:25:13.128 [JavaFX Application Thread] DEBUG Input                - Clearing active input actions
17:25:13.139 [JavaFX Application Thread] DEBUG AppStateMachine      - LoadingState -> PlayState
17:25:23.191 [JavaFX Application Thread] DEBUG GameApplication      - Exiting game application
17:25:23.194 [JavaFX Application Thread] DEBUG GameApplication      - Shutting down background threads
17:25:23.195 [JavaFX Application Thread] DEBUG GameApplication      - Exiting FXGL
17:25:23.196 [JavaFX Application Thread] DEBUG FXGL                 - Saving FXGL system data
17:25:23.203 [JavaFX Application Thread] DEBUG DesktopFSService     - Writing to: system\fxgl.bundle
17:25:23.216 [JavaFX Application Thread] DEBUG GameApplication      - Closing logger and exiting JavaFX
