20:40:00.957 [JavaFX Application Thread] DEBUG GameApplication      - Logger initialized
20:40:01.035 [JavaFX Application Thread] DEBUG MainWindow           - Creating a JavaFX scene
20:40:01.815 [JavaFX Application Thread] DEBUG MainWindow           - Target settings size: 700.0 x 600.0
20:40:01.816 [JavaFX Application Thread] DEBUG MainWindow           - Scaled scene size:    700.0 x 600.0
20:40:01.817 [JavaFX Application Thread] DEBUG MainWindow           - Scaled ratio: (1.0, 1.0)
20:40:01.847 [JavaFX Application Thread] DEBUG GameApplication      - Starting FXGL
20:40:01.919 [JavaFX Application Thread] INFO  FXGL                 - FXGL-0.5.2 on DESKTOP
20:40:01.921 [JavaFX Application Thread] INFO  FXGL                 - Source code and latest versions at: https://github.com/AlmasB/FXGL
20:40:01.922 [JavaFX Application Thread] INFO  FXGL                 -              Join the FXGL chat at: https://gitter.im/AlmasB/FXGL
20:40:02.010 [JavaFX Application Thread] DEBUG FS                   - Loaded DesktopFSService
20:40:02.012 [JavaFX Application Thread] DEBUG FXGL                 - Loading FXGL system data
20:40:02.044 [JavaFX Application Thread] DEBUG DesktopFSService     - Reading from: system\fxgl.bundle
20:40:02.090 [JavaFX Application Thread] DEBUG Bundle               - Logging bundle: FXGL
20:40:02.093 [JavaFX Application Thread] DEBUG Bundle               - FXGL.offline.timer.version.check=2018-08-17T16:45:45.901
20:40:02.338 [JavaFX Application Thread] DEBUG GameApplication      - FXGL started
20:40:02.339 [JavaFX Application Thread] DEBUG GameApplication      - Logging game settings
Title: PinBall
Version: 0.1
Width: 700
Height: 600
Fullscreen: false
Intro: false
Menus: false
Profiling: false
Single step:false
App Mode: DEVELOPER
Menu Key: ESCAPE
Stage Style: DECORATED
Scene Factory: class com.almasb.fxgl.scene.SceneFactory
Dialog Factory: class com.almasb.fxgl.ui.FXGLDialogFactory
UI Factory: class com.almasb.fxgl.ui.FXGLUIFactory
Notification Service: class com.almasb.fxgl.gameplay.notification.XboxNotificationView
Exception Handler: class com.almasb.fxgl.app.FXGLExceptionHandler
20:40:02.343 [JavaFX Application Thread] DEBUG GameApplication      - Configuring GameApplication
20:40:02.344 [JavaFX Application Thread] DEBUG GameApplication      - Initializing state machine and application states
20:40:02.447 [JavaFX Application Thread] DEBUG AssetLoader          - Loading from disk: /assets/ui/cursors/fxgl_default.png
20:40:02.634 [JavaFX Application Thread] DEBUG AssetLoader          - Loading from disk: /assets/ui/cursors/fxgl_default.png
20:40:02.805 [JavaFX Application Thread] DEBUG FXGLAssets           - Loading FXGLAssets
20:40:02.990 [JavaFX Application Thread] DEBUG AssetLoader          - Loading from disk: /assets/ui/fonts/VarelaRound-Regular.ttf
20:40:03.533 [JavaFX Application Thread] DEBUG AssetLoader          - Loading from disk: /assets/ui/fonts/lucida_console.ttf
20:40:03.551 [JavaFX Application Thread] DEBUG AssetLoader          - Loading from disk: /assets/ui/css/fxgl_dark.css
20:40:03.784 [JavaFX Application Thread] DEBUG AssetLoader          - Loading from disk: /assets/ui/cursors/fxgl_default.png
20:40:04.017 [JavaFX Application Thread] DEBUG AssetLoader          - Loading from disk: /assets/ui/cursors/fxgl_default.png
20:40:04.217 [JavaFX Application Thread] DEBUG GameScene            - Game scene initialized: 700x600
20:40:04.236 [JavaFX Application Thread] DEBUG GameWorld            - Game world initialized
20:40:04.615 [JavaFX Application Thread] DEBUG PhysicsWorld         - Physics world initialized: appHeight=600, physics.ppm=50,0
20:40:04.754 [JavaFX Application Thread] DEBUG Input                - Registered new binding: Pause - Esc
20:40:04.855 [JavaFX Application Thread] DEBUG Input                - Clearing active input actions
20:40:05.100 [JavaFX Application Thread] DEBUG AppStateMachine      - StartupState -> StartupState
20:40:05.119 [JavaFX Application Thread] INFO  GameApplication      - Game configuration took:  2,775 sec
20:40:05.129 [JavaFX Application Thread] DEBUG AssetLoader          - Loading from disk: /assets/textures/fxgl_icon.png
20:40:05.176 [JavaFX Application Thread] DEBUG MainWindow           - Opening main window
20:40:06.169 [JavaFX Application Thread] DEBUG MainWindow           - Window border size: (6.0, 29.0)
20:40:06.170 [JavaFX Application Thread] DEBUG MainWindow           - Scaled size: 700.0 x 600.0
20:40:06.171 [JavaFX Application Thread] DEBUG MainWindow           - Scaled ratio: (1.0, 1.0)
20:40:06.172 [JavaFX Application Thread] DEBUG MainWindow           - Scene size: 700.0 x 600.0
20:40:06.173 [JavaFX Application Thread] DEBUG MainWindow           - Stage size: 706.0 x 629.0
20:40:06.173 [JavaFX Application Thread] DEBUG GameApplication      - Running preInit()
20:40:06.181 [JavaFX Application Thread] DEBUG Input                - Registered new binding: Screenshot - P
20:40:06.183 [JavaFX Application Thread] DEBUG Input                - Registered new binding: Dev Options - CTRL+0
20:40:06.184 [JavaFX Application Thread] DEBUG Input                - Registered new binding: System info dump - CTRL+9
20:40:06.186 [JavaFX Application Thread] DEBUG Input                - Registered new binding: Restart - CTRL+R
20:40:06.187 [JavaFX Application Thread] DEBUG Input                - Registered new binding: Hit with LeftFlipper - A
20:40:06.188 [JavaFX Application Thread] DEBUG Input                - Registered new binding: Hit with RightFlipper - D
20:40:06.188 [JavaFX Application Thread] DEBUG Input                - Registered new binding: New ball - Space
20:40:06.192 [JavaFX Application Thread] DEBUG Input                - Registered new binding: New Table - N
20:40:06.261 [JavaFX Application Thread] DEBUG GameApplication      - Starting main loop
20:40:06.268 [JavaFX Application Thread] DEBUG StartupState         - STARTUP
20:40:06.269 [JavaFX Application Thread] DEBUG GameApplication      - Starting new game
20:40:06.269 [JavaFX Application Thread] DEBUG Input                - Clearing active input actions
20:40:06.303 [JavaFX Application Thread] DEBUG AppStateMachine      - StartupState -> LoadingState
20:40:06.327 [FXGL Background Thread 1 ] DEBUG InitAppTask          - Clearing previous game
20:40:06.328 [FXGL Background Thread 1 ] DEBUG GameWorld            - Clearing game world
20:40:06.329 [FXGL Background Thread 1 ] DEBUG PhysicsWorld         - Clearing physics world
20:40:06.329 [FXGL Background Thread 1 ] DEBUG GameScene            - Clearing game scene
20:40:06.334 [FXGL Background Thread 1 ] DEBUG InitAppTask          - Initializing Game
20:40:06.778 [FXGL Background Thread 1 ] DEBUG GameScene            - Creating render group for layer: BACKGROUND(1000)
20:40:06.933 [FXGL Background Thread 1 ] DEBUG GameScene            - Creating render group for layer: DEFAULT(100000)
20:40:06.950 [FXGL Background Thread 1 ] DEBUG InitAppTask          - Initializing Physics
20:40:06.953 [FXGL Background Thread 1 ] DEBUG InitAppTask          - Initializing UI
20:40:06.961 [FXGL Background Thread 1 ] DEBUG InitAppTask          - Initialization Complete
20:40:06.962 [FXGL Background Thread 1 ] INFO  InitAppTask          - Game initialization took: 0,635 sec
20:40:06.965 [JavaFX Application Thread] DEBUG Input                - Clearing active input actions
20:40:06.999 [JavaFX Application Thread] DEBUG AppStateMachine      - LoadingState -> PlayState
20:40:15.478 [JavaFX Application Thread] DEBUG AssetLoader          - Loading from cache: /assets/sounds/popBumper.wav
20:40:17.398 [JavaFX Application Thread] DEBUG AssetLoader          - Loading from cache: /assets/sounds/popBumper.wav
20:40:23.461 [JavaFX Application Thread] DEBUG AssetLoader          - Loading from cache: /assets/sounds/popBumper.wav
20:40:26.086 [JavaFX Application Thread] DEBUG AssetLoader          - Loading from cache: /assets/sounds/kickerBumper.wav
20:40:26.328 [JavaFX Application Thread] DEBUG AssetLoader          - Loading from cache: /assets/sounds/Bonus.wav
20:40:26.339 [JavaFX Application Thread] DEBUG AssetLoader          - Loading from cache: /assets/sounds/kickerBumper.wav
20:40:26.598 [JavaFX Application Thread] DEBUG AssetLoader          - Loading from cache: /assets/sounds/popBumper.wav
20:40:26.631 [JavaFX Application Thread] DEBUG AssetLoader          - Loading from cache: /assets/sounds/SpotTarget.wav
20:40:26.631 [JavaFX Application Thread] DEBUG AssetLoader          - Loading from cache: /assets/sounds/Bonus.wav
20:40:26.790 [JavaFX Application Thread] DEBUG AssetLoader          - Loading from cache: /assets/sounds/SpotTarget.wav
20:40:26.790 [JavaFX Application Thread] DEBUG AssetLoader          - Loading from cache: /assets/sounds/Bonus.wav
20:40:26.901 [JavaFX Application Thread] DEBUG AssetLoader          - Loading from cache: /assets/sounds/popBumper.wav
20:40:26.997 [JavaFX Application Thread] DEBUG AssetLoader          - Loading from cache: /assets/sounds/kickerBumper.wav
20:40:27.077 [JavaFX Application Thread] DEBUG AssetLoader          - Loading from cache: /assets/sounds/DisableTarget.wav
20:40:27.126 [JavaFX Application Thread] DEBUG AssetLoader          - Loading from cache: /assets/sounds/popBumper.wav
20:40:27.127 [JavaFX Application Thread] DEBUG AssetLoader          - Loading from cache: /assets/sounds/Bonus.wav
20:40:27.701 [JavaFX Application Thread] DEBUG AssetLoader          - Loading from cache: /assets/sounds/kickerBumper.wav
20:40:38.533 [JavaFX Application Thread] DEBUG AssetLoader          - Loading from cache: /assets/sounds/popBumper.wav
20:40:39.205 [JavaFX Application Thread] DEBUG AssetLoader          - Loading from cache: /assets/sounds/kickerBumper.wav
20:40:41.319 [JavaFX Application Thread] DEBUG AssetLoader          - Loading from cache: /assets/sounds/DropTarget.wav
20:40:41.320 [JavaFX Application Thread] DEBUG AssetLoader          - Loading from cache: /assets/sounds/Bonus.wav
20:40:41.326 [JavaFX Application Thread] DEBUG AssetLoader          - Loading from cache: /assets/sounds/Bonus.wav
20:40:41.328 [JavaFX Application Thread] DEBUG AssetLoader          - Loading from cache: /assets/sounds/popBumper.wav
20:40:42.101 [JavaFX Application Thread] DEBUG AssetLoader          - Loading from cache: /assets/sounds/kickerBumper.wav
20:40:42.517 [JavaFX Application Thread] DEBUG AssetLoader          - Loading from cache: /assets/sounds/DisableTarget.wav
20:40:42.518 [JavaFX Application Thread] DEBUG AssetLoader          - Loading from cache: /assets/sounds/Bonus.wav
20:40:42.965 [JavaFX Application Thread] DEBUG AssetLoader          - Loading from cache: /assets/sounds/kickerBumper.wav
20:40:42.967 [JavaFX Application Thread] DEBUG AssetLoader          - Loading from cache: /assets/sounds/kickerBumper.wav
20:40:43.413 [JavaFX Application Thread] DEBUG AssetLoader          - Loading from cache: /assets/sounds/DisableTarget.wav
20:40:43.685 [JavaFX Application Thread] DEBUG AssetLoader          - Loading from cache: /assets/sounds/DropTarget.wav
20:40:43.686 [JavaFX Application Thread] DEBUG AssetLoader          - Loading from cache: /assets/sounds/Bonus.wav
20:40:43.690 [JavaFX Application Thread] DEBUG AssetLoader          - Loading from cache: /assets/sounds/Bonus.wav
20:40:43.861 [JavaFX Application Thread] DEBUG AssetLoader          - Loading from cache: /assets/sounds/popBumper.wav
20:40:44.165 [JavaFX Application Thread] DEBUG AssetLoader          - Loading from cache: /assets/sounds/DisableTarget.wav
20:40:44.453 [JavaFX Application Thread] DEBUG AssetLoader          - Loading from cache: /assets/sounds/popBumper.wav
20:40:44.565 [JavaFX Application Thread] DEBUG AssetLoader          - Loading from cache: /assets/sounds/DisableTarget.wav
20:40:45.301 [JavaFX Application Thread] DEBUG AssetLoader          - Loading from cache: /assets/sounds/kickerBumper.wav
20:40:45.733 [JavaFX Application Thread] DEBUG AssetLoader          - Loading from cache: /assets/sounds/kickerBumper.wav
20:40:45.814 [JavaFX Application Thread] DEBUG AssetLoader          - Loading from cache: /assets/sounds/kickerBumper.wav
20:40:46.021 [JavaFX Application Thread] DEBUG AssetLoader          - Loading from cache: /assets/sounds/DisableTarget.wav
20:40:52.661 [JavaFX Application Thread] DEBUG AssetLoader          - Loading from cache: /assets/sounds/DropTarget.wav
20:40:52.662 [JavaFX Application Thread] DEBUG AssetLoader          - Loading from cache: /assets/sounds/Bonus.wav
20:40:52.789 [JavaFX Application Thread] DEBUG AssetLoader          - Loading from cache: /assets/sounds/DropTarget.wav
20:40:52.790 [JavaFX Application Thread] DEBUG AssetLoader          - Loading from cache: /assets/sounds/Bonus.wav
20:40:52.794 [JavaFX Application Thread] DEBUG AssetLoader          - Loading from cache: /assets/sounds/Bonus.wav
20:40:59.029 [JavaFX Application Thread] DEBUG AssetLoader          - Loading from cache: /assets/sounds/DisableTarget.wav
20:40:59.030 [JavaFX Application Thread] DEBUG AssetLoader          - Loading from cache: /assets/sounds/Bonus.wav
20:40:59.157 [JavaFX Application Thread] DEBUG AssetLoader          - Loading from cache: /assets/sounds/DropTarget.wav
20:40:59.158 [JavaFX Application Thread] DEBUG AssetLoader          - Loading from cache: /assets/sounds/Bonus.wav
20:40:59.162 [JavaFX Application Thread] DEBUG AssetLoader          - Loading from cache: /assets/sounds/Bonus.wav
20:41:02.791 [JavaFX Application Thread] DEBUG AssetLoader          - Loading from cache: /assets/sounds/popBumper.wav
20:41:02.791 [JavaFX Application Thread] DEBUG AssetLoader          - Loading from cache: /assets/sounds/SpotTarget.wav
20:41:02.792 [JavaFX Application Thread] DEBUG AssetLoader          - Loading from cache: /assets/sounds/Bonus.wav
20:41:03.269 [JavaFX Application Thread] DEBUG AssetLoader          - Loading from cache: /assets/sounds/kickerBumper.wav
20:41:03.621 [JavaFX Application Thread] DEBUG AssetLoader          - Loading from cache: /assets/sounds/kickerBumper.wav
20:41:04.711 [JavaFX Application Thread] DEBUG AssetLoader          - Loading from cache: /assets/sounds/popBumper.wav
20:41:04.712 [JavaFX Application Thread] DEBUG AssetLoader          - Loading from cache: /assets/sounds/DisableTarget.wav
20:41:05.189 [JavaFX Application Thread] DEBUG AssetLoader          - Loading from cache: /assets/sounds/kickerBumper.wav
20:41:06.933 [JavaFX Application Thread] DEBUG AssetLoader          - Loading from cache: /assets/sounds/popBumper.wav
20:41:08.823 [JavaFX Application Thread] DEBUG AssetLoader          - Loading from cache: /assets/sounds/popBumper.wav
20:41:08.824 [JavaFX Application Thread] DEBUG AssetLoader          - Loading from cache: /assets/sounds/Bonus.wav
20:41:08.825 [JavaFX Application Thread] DEBUG AssetLoader          - Loading from cache: /assets/sounds/DisableTarget.wav
20:41:09.301 [JavaFX Application Thread] DEBUG AssetLoader          - Loading from cache: /assets/sounds/kickerBumper.wav
20:41:09.653 [JavaFX Application Thread] DEBUG AssetLoader          - Loading from cache: /assets/sounds/kickerBumper.wav
20:41:09.654 [JavaFX Application Thread] DEBUG AssetLoader          - Loading from cache: /assets/sounds/Bonus.wav
20:41:10.647 [JavaFX Application Thread] DEBUG AssetLoader          - Loading from cache: /assets/sounds/popBumper.wav
20:41:10.649 [JavaFX Application Thread] DEBUG AssetLoader          - Loading from cache: /assets/sounds/DisableTarget.wav
20:41:11.125 [JavaFX Application Thread] DEBUG AssetLoader          - Loading from cache: /assets/sounds/kickerBumper.wav
20:41:11.477 [JavaFX Application Thread] DEBUG AssetLoader          - Loading from cache: /assets/sounds/kickerBumper.wav
20:41:12.599 [JavaFX Application Thread] DEBUG AssetLoader          - Loading from cache: /assets/sounds/popBumper.wav
20:41:12.600 [JavaFX Application Thread] DEBUG AssetLoader          - Loading from cache: /assets/sounds/DisableTarget.wav
20:41:13.077 [JavaFX Application Thread] DEBUG AssetLoader          - Loading from cache: /assets/sounds/kickerBumper.wav
20:41:13.781 [JavaFX Application Thread] DEBUG AssetLoader          - Loading from cache: /assets/sounds/DropTarget.wav
20:41:13.782 [JavaFX Application Thread] DEBUG AssetLoader          - Loading from cache: /assets/sounds/Bonus.wav
20:41:14.471 [JavaFX Application Thread] FATAL GameApplication      - Uncaught Exception:

Fatal exception occurred: java.lang.NullPointerException : null
E: com.almasb.fxgl.physics.box2d.dynamics.Fixture.getProxyId(Fixture.java:263)
E: com.almasb.fxgl.physics.box2d.dynamics.Fixture.testProxyOverlap(Fixture.java:257)
E: com.almasb.fxgl.physics.box2d.dynamics.ContactManager.collide(ContactManager.java:264)
E: com.almasb.fxgl.physics.box2d.dynamics.World.step(World.java:303)
E: com.almasb.fxgl.physics.PhysicsWorld.onUpdate(PhysicsWorld.java:232)
E: com.almasb.fxgl.app.PlayState.onUpdate(AppStates.kt:237)
E: com.almasb.fxgl.app.State.update(State.java:73)
E: com.almasb.fxgl.app.AppStateMachine.onUpdate(AppStateMachine.java:100)
E: com.almasb.fxgl.app.GameApplication.stepLoop(GameApplication.java:382)
E: com.almasb.fxgl.app.GameApplication$2.handle(GameApplication.java:348)
E: javafx.animation.AnimationTimer$AnimationTimerReceiver.lambda$handle$484(AnimationTimer.java:57)
E: java.security.AccessController.doPrivileged(Native Method)
E: javafx.animation.AnimationTimer$AnimationTimerReceiver.handle(AnimationTimer.java:56)
E: com.sun.scenario.animation.AbstractMasterTimer.timePulseImpl(AbstractMasterTimer.java:357)
E: com.sun.scenario.animation.AbstractMasterTimer$MainLoop.run(AbstractMasterTimer.java:267)
E: com.sun.javafx.tk.quantum.QuantumToolkit.pulse(QuantumToolkit.java:506)
E: com.sun.javafx.tk.quantum.QuantumToolkit.pulse(QuantumToolkit.java:490)
E: com.sun.javafx.tk.quantum.QuantumToolkit.lambda$runToolkit$404(QuantumToolkit.java:319)
E: com.sun.glass.ui.InvokeLaterDispatcher$Future.run(InvokeLaterDispatcher.java:95)
E: com.sun.glass.ui.win.WinApplication._runLoop(Native Method)
E: com.sun.glass.ui.win.WinApplication.lambda$null$148(WinApplication.java:191)
E: java.lang.Thread.run(Thread.java:745)

20:41:14.472 [JavaFX Application Thread] FATAL GameApplication      - Application will now exit
20:41:14.472 [JavaFX Application Thread] DEBUG GameApplication      - Stopping main loop
20:41:17.724 [JavaFX Application Thread] DEBUG GameApplication      - Exiting game application
20:41:17.728 [JavaFX Application Thread] DEBUG GameApplication      - Shutting down background threads
20:41:17.729 [JavaFX Application Thread] DEBUG GameApplication      - Exiting FXGL
20:41:17.729 [JavaFX Application Thread] DEBUG FXGL                 - Saving FXGL system data
20:41:17.773 [JavaFX Application Thread] DEBUG DesktopFSService     - Writing to: system\fxgl.bundle
20:41:17.789 [JavaFX Application Thread] DEBUG GameApplication      - Closing logger and exiting JavaFX
