21:49:45.299 [JavaFX Application Thread] DEBUG GameApplication      - Logger initialized
21:49:45.349 [JavaFX Application Thread] DEBUG MainWindow           - Creating a JavaFX scene
21:49:45.726 [JavaFX Application Thread] DEBUG MainWindow           - Target settings size: 500.0 x 600.0
21:49:45.727 [JavaFX Application Thread] DEBUG MainWindow           - Scaled scene size:    500.0 x 600.0
21:49:45.727 [JavaFX Application Thread] DEBUG MainWindow           - Scaled ratio: (1.0, 1.0)
21:49:45.745 [JavaFX Application Thread] DEBUG GameApplication      - Starting FXGL
21:49:45.779 [JavaFX Application Thread] INFO  FXGL                 - FXGL-0.5.2 on DESKTOP
21:49:45.780 [JavaFX Application Thread] INFO  FXGL                 - Source code and latest versions at: https://github.com/AlmasB/FXGL
21:49:45.781 [JavaFX Application Thread] INFO  FXGL                 -              Join the FXGL chat at: https://gitter.im/AlmasB/FXGL
21:49:45.801 [JavaFX Application Thread] DEBUG FS                   - Loaded DesktopFSService
21:49:45.802 [JavaFX Application Thread] DEBUG FXGL                 - Loading FXGL system data
21:49:45.819 [JavaFX Application Thread] DEBUG DesktopFSService     - Reading from: system\fxgl.bundle
21:49:45.846 [JavaFX Application Thread] DEBUG Bundle               - Logging bundle: FXGL
21:49:45.848 [JavaFX Application Thread] DEBUG Bundle               - FXGL.offline.timer.version.check=2018-08-10T04:24:54.913
21:49:45.939 [JavaFX Application Thread] DEBUG GameApplication      - FXGL started
21:49:45.940 [JavaFX Application Thread] DEBUG GameApplication      - Logging game settings
Title: PinBall
Version: 0.1
Width: 500
Height: 600
Fullscreen: false
Intro: false
Menus: false
Profiling: false
Single step:false
App Mode: DEVELOPER
Menu Key: ESCAPE
Stage Style: DECORATED
Scene Factory: class com.almasb.fxgl.scene.SceneFactory
Dialog Factory: class com.almasb.fxgl.ui.FXGLDialogFactory
UI Factory: class com.almasb.fxgl.ui.FXGLUIFactory
Notification Service: class com.almasb.fxgl.gameplay.notification.XboxNotificationView
Exception Handler: class com.almasb.fxgl.app.FXGLExceptionHandler
21:49:45.942 [JavaFX Application Thread] DEBUG GameApplication      - Configuring GameApplication
21:49:45.943 [JavaFX Application Thread] DEBUG GameApplication      - Initializing state machine and application states
21:49:45.980 [JavaFX Application Thread] DEBUG AssetLoader          - Loading from disk: /assets/ui/cursors/fxgl_default.png
21:49:46.056 [JavaFX Application Thread] DEBUG AssetLoader          - Loading from disk: /assets/ui/cursors/fxgl_default.png
21:49:46.131 [JavaFX Application Thread] DEBUG FXGLAssets           - Loading FXGLAssets
21:49:46.233 [JavaFX Application Thread] DEBUG AssetLoader          - Loading from disk: /assets/ui/fonts/VarelaRound-Regular.ttf
21:49:46.448 [JavaFX Application Thread] DEBUG AssetLoader          - Loading from disk: /assets/ui/fonts/lucida_console.ttf
21:49:46.474 [JavaFX Application Thread] DEBUG AssetLoader          - Loading from disk: /assets/ui/css/fxgl_dark.css
21:49:46.566 [JavaFX Application Thread] DEBUG AssetLoader          - Loading from disk: /assets/ui/cursors/fxgl_default.png
21:49:46.652 [JavaFX Application Thread] DEBUG AssetLoader          - Loading from disk: /assets/ui/cursors/fxgl_default.png
21:49:46.731 [JavaFX Application Thread] DEBUG GameScene            - Game scene initialized: 500x600
21:49:46.739 [JavaFX Application Thread] DEBUG GameWorld            - Game world initialized
21:49:46.871 [JavaFX Application Thread] DEBUG PhysicsWorld         - Physics world initialized: appHeight=600, physics.ppm=50,0
21:49:46.932 [JavaFX Application Thread] DEBUG Input                - Registered new binding: Pause - Esc
21:49:46.968 [JavaFX Application Thread] DEBUG Input                - Clearing active input actions
21:49:47.059 [JavaFX Application Thread] DEBUG AppStateMachine      - StartupState -> StartupState
21:49:47.066 [JavaFX Application Thread] INFO  GameApplication      - Game configuration took:  1,123 sec
21:49:47.069 [JavaFX Application Thread] DEBUG AssetLoader          - Loading from disk: /assets/textures/fxgl_icon.png
21:49:47.078 [JavaFX Application Thread] DEBUG MainWindow           - Opening main window
21:49:47.373 [JavaFX Application Thread] DEBUG MainWindow           - Window border size: (6.0, 29.0)
21:49:47.373 [JavaFX Application Thread] DEBUG MainWindow           - Scaled size: 500.0 x 600.0
21:49:47.374 [JavaFX Application Thread] DEBUG MainWindow           - Scaled ratio: (1.0, 1.0)
21:49:47.374 [JavaFX Application Thread] DEBUG MainWindow           - Scene size: 500.0 x 600.0
21:49:47.374 [JavaFX Application Thread] DEBUG MainWindow           - Stage size: 506.0 x 629.0
21:49:47.375 [JavaFX Application Thread] DEBUG GameApplication      - Running preInit()
21:49:47.379 [JavaFX Application Thread] DEBUG Input                - Registered new binding: Screenshot - P
21:49:47.380 [JavaFX Application Thread] DEBUG Input                - Registered new binding: Dev Options - CTRL+0
21:49:47.381 [JavaFX Application Thread] DEBUG Input                - Registered new binding: System info dump - CTRL+9
21:49:47.382 [JavaFX Application Thread] DEBUG Input                - Registered new binding: Restart - CTRL+R
21:49:47.382 [JavaFX Application Thread] DEBUG Input                - Registered new binding: Move Right - D
21:49:47.410 [JavaFX Application Thread] DEBUG GameApplication      - Starting main loop
21:49:47.413 [JavaFX Application Thread] DEBUG StartupState         - STARTUP
21:49:47.413 [JavaFX Application Thread] DEBUG GameApplication      - Starting new game
21:49:47.413 [JavaFX Application Thread] DEBUG Input                - Clearing active input actions
21:49:47.428 [JavaFX Application Thread] DEBUG AppStateMachine      - StartupState -> LoadingState
21:49:47.441 [FXGL Background Thread 1 ] DEBUG InitAppTask          - Clearing previous game
21:49:47.441 [FXGL Background Thread 1 ] DEBUG GameWorld            - Clearing game world
21:49:47.441 [FXGL Background Thread 1 ] DEBUG PhysicsWorld         - Clearing physics world
21:49:47.442 [FXGL Background Thread 1 ] DEBUG GameScene            - Clearing game scene
21:49:47.444 [FXGL Background Thread 1 ] DEBUG InitAppTask          - Initializing Game
21:49:47.585 [FXGL Background Thread 1 ] DEBUG GameScene            - Creating render group for layer: BACKGROUND(1000)
21:49:47.589 [FXGL Background Thread 1 ] DEBUG GameScene            - Creating render group for layer: DEFAULT(100000)
21:49:47.647 [FXGL Background Thread 1 ] DEBUG InitAppTask          - Initializing Physics
21:49:47.649 [FXGL Background Thread 1 ] DEBUG InitAppTask          - Initializing UI
21:49:47.649 [FXGL Background Thread 1 ] DEBUG InitAppTask          - Initialization Complete
21:49:47.649 [FXGL Background Thread 1 ] INFO  InitAppTask          - Game initialization took: 0,209 sec
21:49:47.657 [JavaFX Application Thread] DEBUG Input                - Clearing active input actions
21:49:47.674 [JavaFX Application Thread] DEBUG AppStateMachine      - LoadingState -> PlayState
21:57:09.092 [JavaFX Application Thread] DEBUG GameApplication      - Exiting game application
21:57:09.096 [JavaFX Application Thread] DEBUG GameApplication      - Shutting down background threads
21:57:09.097 [JavaFX Application Thread] DEBUG GameApplication      - Exiting FXGL
21:57:09.098 [JavaFX Application Thread] DEBUG FXGL                 - Saving FXGL system data
21:57:09.107 [JavaFX Application Thread] DEBUG DesktopFSService     - Writing to: system\fxgl.bundle
21:57:09.126 [JavaFX Application Thread] DEBUG GameApplication      - Closing logger and exiting JavaFX
