05:29:49.061 [JavaFX Application Thread] DEBUG GameApplication      - Logger initialized
05:29:49.118 [JavaFX Application Thread] DEBUG MainWindow           - Creating a JavaFX scene
05:29:49.550 [JavaFX Application Thread] DEBUG MainWindow           - Target settings size: 500.0 x 600.0
05:29:49.550 [JavaFX Application Thread] DEBUG MainWindow           - Scaled scene size:    500.0 x 600.0
05:29:49.551 [JavaFX Application Thread] DEBUG MainWindow           - Scaled ratio: (1.0, 1.0)
05:29:49.579 [JavaFX Application Thread] DEBUG GameApplication      - Starting FXGL
05:29:49.632 [JavaFX Application Thread] INFO  FXGL                 - FXGL-0.5.2 on DESKTOP
05:29:49.634 [JavaFX Application Thread] INFO  FXGL                 - Source code and latest versions at: https://github.com/AlmasB/FXGL
05:29:49.635 [JavaFX Application Thread] INFO  FXGL                 -              Join the FXGL chat at: https://gitter.im/AlmasB/FXGL
05:29:49.663 [JavaFX Application Thread] DEBUG FS                   - Loaded DesktopFSService
05:29:49.665 [JavaFX Application Thread] DEBUG FXGL                 - Loading FXGL system data
05:29:49.689 [JavaFX Application Thread] DEBUG DesktopFSService     - Reading from: system\fxgl.bundle
05:29:49.731 [JavaFX Application Thread] DEBUG Bundle               - Logging bundle: FXGL
05:29:49.733 [JavaFX Application Thread] DEBUG Bundle               - FXGL.offline.timer.version.check=2018-08-10T04:24:54.913
05:29:49.878 [JavaFX Application Thread] DEBUG GameApplication      - FXGL started
05:29:49.879 [JavaFX Application Thread] DEBUG GameApplication      - Logging game settings
Title: PinBall
Version: 0.1
Width: 500
Height: 600
Fullscreen: false
Intro: false
Menus: false
Profiling: false
Single step:false
App Mode: DEVELOPER
Menu Key: ESCAPE
Stage Style: DECORATED
Scene Factory: class com.almasb.fxgl.scene.SceneFactory
Dialog Factory: class com.almasb.fxgl.ui.FXGLDialogFactory
UI Factory: class com.almasb.fxgl.ui.FXGLUIFactory
Notification Service: class com.almasb.fxgl.gameplay.notification.XboxNotificationView
Exception Handler: class com.almasb.fxgl.app.FXGLExceptionHandler
05:29:49.883 [JavaFX Application Thread] DEBUG GameApplication      - Configuring GameApplication
05:29:49.884 [JavaFX Application Thread] DEBUG GameApplication      - Initializing state machine and application states
05:29:49.945 [JavaFX Application Thread] DEBUG AssetLoader          - Loading from disk: /assets/ui/cursors/fxgl_default.png
05:29:50.059 [JavaFX Application Thread] DEBUG AssetLoader          - Loading from disk: /assets/ui/cursors/fxgl_default.png
05:29:50.172 [JavaFX Application Thread] DEBUG FXGLAssets           - Loading FXGLAssets
05:29:50.318 [JavaFX Application Thread] DEBUG AssetLoader          - Loading from disk: /assets/ui/fonts/VarelaRound-Regular.ttf
05:29:50.623 [JavaFX Application Thread] DEBUG AssetLoader          - Loading from disk: /assets/ui/fonts/lucida_console.ttf
05:29:50.642 [JavaFX Application Thread] DEBUG AssetLoader          - Loading from disk: /assets/ui/css/fxgl_dark.css
05:29:50.785 [JavaFX Application Thread] DEBUG AssetLoader          - Loading from disk: /assets/ui/cursors/fxgl_default.png
05:29:50.954 [JavaFX Application Thread] DEBUG AssetLoader          - Loading from disk: /assets/ui/cursors/fxgl_default.png
05:29:51.091 [JavaFX Application Thread] DEBUG GameScene            - Game scene initialized: 500x600
05:29:51.105 [JavaFX Application Thread] DEBUG GameWorld            - Game world initialized
05:29:51.368 [JavaFX Application Thread] DEBUG PhysicsWorld         - Physics world initialized: appHeight=600, physics.ppm=50,0
05:29:51.508 [JavaFX Application Thread] DEBUG Input                - Registered new binding: Pause - Esc
05:29:51.597 [JavaFX Application Thread] DEBUG Input                - Clearing active input actions
05:29:51.835 [JavaFX Application Thread] DEBUG AppStateMachine      - StartupState -> StartupState
05:29:51.853 [JavaFX Application Thread] INFO  GameApplication      - Game configuration took:  1,968 sec
05:29:51.866 [JavaFX Application Thread] DEBUG AssetLoader          - Loading from disk: /assets/textures/fxgl_icon.png
05:29:51.883 [JavaFX Application Thread] DEBUG MainWindow           - Opening main window
05:29:52.421 [JavaFX Application Thread] DEBUG MainWindow           - Window border size: (6.0, 29.0)
05:29:52.422 [JavaFX Application Thread] DEBUG MainWindow           - Scaled size: 500.0 x 600.0
05:29:52.424 [JavaFX Application Thread] DEBUG MainWindow           - Scaled ratio: (1.0, 1.0)
05:29:52.424 [JavaFX Application Thread] DEBUG MainWindow           - Scene size: 500.0 x 600.0
05:29:52.425 [JavaFX Application Thread] DEBUG MainWindow           - Stage size: 506.0 x 629.0
05:29:52.425 [JavaFX Application Thread] DEBUG GameApplication      - Running preInit()
05:29:52.430 [JavaFX Application Thread] DEBUG Input                - Registered new binding: Screenshot - P
05:29:52.431 [JavaFX Application Thread] DEBUG Input                - Registered new binding: Dev Options - CTRL+0
05:29:52.432 [JavaFX Application Thread] DEBUG Input                - Registered new binding: System info dump - CTRL+9
05:29:52.433 [JavaFX Application Thread] DEBUG Input                - Registered new binding: Restart - CTRL+R
05:29:52.433 [JavaFX Application Thread] DEBUG Input                - Registered new binding: Move Right - D
05:29:52.470 [JavaFX Application Thread] DEBUG GameApplication      - Starting main loop
05:29:52.473 [JavaFX Application Thread] DEBUG StartupState         - STARTUP
05:29:52.474 [JavaFX Application Thread] DEBUG GameApplication      - Starting new game
05:29:52.474 [JavaFX Application Thread] DEBUG Input                - Clearing active input actions
05:29:52.490 [JavaFX Application Thread] DEBUG AppStateMachine      - StartupState -> LoadingState
05:29:52.509 [FXGL Background Thread 1 ] DEBUG InitAppTask          - Clearing previous game
05:29:52.509 [FXGL Background Thread 1 ] DEBUG GameWorld            - Clearing game world
05:29:52.510 [FXGL Background Thread 1 ] DEBUG PhysicsWorld         - Clearing physics world
05:29:52.510 [FXGL Background Thread 1 ] DEBUG GameScene            - Clearing game scene
05:29:52.515 [FXGL Background Thread 1 ] DEBUG InitAppTask          - Initializing Game
05:29:52.786 [FXGL Background Thread 1 ] DEBUG GameScene            - Creating render group for layer: BACKGROUND(1000)
05:29:52.797 [FXGL Background Thread 1 ] DEBUG GameScene            - Creating render group for layer: DEFAULT(100000)
05:29:52.914 [FXGL Background Thread 1 ] DEBUG InitAppTask          - Initializing Physics
05:29:52.915 [FXGL Background Thread 1 ] DEBUG InitAppTask          - Initializing UI
05:29:52.916 [FXGL Background Thread 1 ] DEBUG InitAppTask          - Initialization Complete
05:29:52.916 [FXGL Background Thread 1 ] INFO  InitAppTask          - Game initialization took: 0,408 sec
05:29:52.924 [JavaFX Application Thread] DEBUG Input                - Clearing active input actions
05:29:52.949 [JavaFX Application Thread] DEBUG AppStateMachine      - LoadingState -> PlayState
05:30:48.734 [JavaFX Application Thread] DEBUG GameApplication      - Exiting game application
05:30:48.737 [JavaFX Application Thread] DEBUG GameApplication      - Shutting down background threads
05:30:48.738 [JavaFX Application Thread] DEBUG GameApplication      - Exiting FXGL
05:30:48.739 [JavaFX Application Thread] DEBUG FXGL                 - Saving FXGL system data
05:30:48.747 [JavaFX Application Thread] DEBUG DesktopFSService     - Writing to: system\fxgl.bundle
05:30:48.763 [JavaFX Application Thread] DEBUG GameApplication      - Closing logger and exiting JavaFX
