04:52:27.022 [JavaFX Application Thread] DEBUG GameApplication      - Logger initialized
04:52:27.078 [JavaFX Application Thread] DEBUG MainWindow           - Creating a JavaFX scene
04:52:27.602 [JavaFX Application Thread] DEBUG MainWindow           - Target settings size: 700.0 x 600.0
04:52:27.603 [JavaFX Application Thread] DEBUG MainWindow           - Scaled scene size:    700.0 x 600.0
04:52:27.604 [JavaFX Application Thread] DEBUG MainWindow           - Scaled ratio: (1.0, 1.0)
04:52:27.627 [JavaFX Application Thread] DEBUG GameApplication      - Starting FXGL
04:52:27.667 [JavaFX Application Thread] INFO  FXGL                 - FXGL-0.5.2 on DESKTOP
04:52:27.669 [JavaFX Application Thread] INFO  FXGL                 - Source code and latest versions at: https://github.com/AlmasB/FXGL
04:52:27.669 [JavaFX Application Thread] INFO  FXGL                 -              Join the FXGL chat at: https://gitter.im/AlmasB/FXGL
04:52:27.695 [JavaFX Application Thread] DEBUG FS                   - Loaded DesktopFSService
04:52:27.697 [JavaFX Application Thread] DEBUG FXGL                 - Loading FXGL system data
04:52:27.712 [JavaFX Application Thread] DEBUG DesktopFSService     - Reading from: system\fxgl.bundle
04:52:27.738 [JavaFX Application Thread] DEBUG Bundle               - Logging bundle: FXGL
04:52:27.740 [JavaFX Application Thread] DEBUG Bundle               - FXGL.offline.timer.version.check=2018-08-17T16:45:45.901
04:52:27.894 [JavaFX Application Thread] DEBUG GameApplication      - FXGL started
04:52:27.895 [JavaFX Application Thread] DEBUG GameApplication      - Logging game settings
Title: PinBall
Version: 0.1
Width: 700
Height: 600
Fullscreen: false
Intro: false
Menus: false
Profiling: false
Single step:false
App Mode: DEVELOPER
Menu Key: ESCAPE
Stage Style: DECORATED
Scene Factory: class com.almasb.fxgl.scene.SceneFactory
Dialog Factory: class com.almasb.fxgl.ui.FXGLDialogFactory
UI Factory: class com.almasb.fxgl.ui.FXGLUIFactory
Notification Service: class com.almasb.fxgl.gameplay.notification.XboxNotificationView
Exception Handler: class com.almasb.fxgl.app.FXGLExceptionHandler
04:52:27.900 [JavaFX Application Thread] DEBUG GameApplication      - Configuring GameApplication
04:52:27.901 [JavaFX Application Thread] DEBUG GameApplication      - Initializing state machine and application states
04:52:27.962 [JavaFX Application Thread] DEBUG AssetLoader          - Loading from disk: /assets/ui/cursors/fxgl_default.png
04:52:28.068 [JavaFX Application Thread] DEBUG AssetLoader          - Loading from disk: /assets/ui/cursors/fxgl_default.png
04:52:28.171 [JavaFX Application Thread] DEBUG FXGLAssets           - Loading FXGLAssets
04:52:28.321 [JavaFX Application Thread] DEBUG AssetLoader          - Loading from disk: /assets/ui/fonts/VarelaRound-Regular.ttf
04:52:28.672 [JavaFX Application Thread] DEBUG AssetLoader          - Loading from disk: /assets/ui/fonts/lucida_console.ttf
04:52:28.718 [JavaFX Application Thread] DEBUG AssetLoader          - Loading from disk: /assets/ui/css/fxgl_dark.css
04:52:28.853 [JavaFX Application Thread] DEBUG AssetLoader          - Loading from disk: /assets/ui/cursors/fxgl_default.png
04:52:29.075 [JavaFX Application Thread] DEBUG AssetLoader          - Loading from disk: /assets/ui/cursors/fxgl_default.png
04:52:29.218 [JavaFX Application Thread] DEBUG GameScene            - Game scene initialized: 700x600
04:52:29.239 [JavaFX Application Thread] DEBUG GameWorld            - Game world initialized
04:52:29.513 [JavaFX Application Thread] DEBUG PhysicsWorld         - Physics world initialized: appHeight=600, physics.ppm=50,0
04:52:29.612 [JavaFX Application Thread] DEBUG Input                - Registered new binding: Pause - Esc
04:52:29.694 [JavaFX Application Thread] DEBUG Input                - Clearing active input actions
04:52:29.931 [JavaFX Application Thread] DEBUG AppStateMachine      - StartupState -> StartupState
04:52:29.950 [JavaFX Application Thread] INFO  GameApplication      - Game configuration took:  2,048 sec
04:52:29.959 [JavaFX Application Thread] DEBUG AssetLoader          - Loading from disk: /assets/textures/fxgl_icon.png
04:52:29.977 [JavaFX Application Thread] DEBUG MainWindow           - Opening main window
04:52:30.642 [JavaFX Application Thread] DEBUG MainWindow           - Window border size: (6.0, 29.0)
04:52:30.643 [JavaFX Application Thread] DEBUG MainWindow           - Scaled size: 700.0 x 600.0
04:52:30.644 [JavaFX Application Thread] DEBUG MainWindow           - Scaled ratio: (1.0, 1.0)
04:52:30.645 [JavaFX Application Thread] DEBUG MainWindow           - Scene size: 700.0 x 600.0
04:52:30.645 [JavaFX Application Thread] DEBUG MainWindow           - Stage size: 706.0 x 629.0
04:52:30.646 [JavaFX Application Thread] DEBUG GameApplication      - Running preInit()
04:52:30.656 [JavaFX Application Thread] DEBUG Input                - Registered new binding: Screenshot - P
04:52:30.658 [JavaFX Application Thread] DEBUG Input                - Registered new binding: Dev Options - CTRL+0
04:52:30.661 [JavaFX Application Thread] DEBUG Input                - Registered new binding: System info dump - CTRL+9
04:52:30.664 [JavaFX Application Thread] DEBUG Input                - Registered new binding: Restart - CTRL+R
04:52:30.665 [JavaFX Application Thread] DEBUG Input                - Registered new binding: Hit with LeftFlipper - A
04:52:30.666 [JavaFX Application Thread] DEBUG Input                - Registered new binding: Hit with RightFlipper - D
04:52:30.667 [JavaFX Application Thread] DEBUG Input                - Registered new binding: New ball - Space
04:52:30.671 [JavaFX Application Thread] DEBUG Input                - Registered new binding: New Table - N
04:52:30.731 [JavaFX Application Thread] DEBUG GameApplication      - Starting main loop
04:52:30.739 [JavaFX Application Thread] DEBUG StartupState         - STARTUP
04:52:30.740 [JavaFX Application Thread] DEBUG GameApplication      - Starting new game
04:52:30.741 [JavaFX Application Thread] DEBUG Input                - Clearing active input actions
04:52:30.770 [JavaFX Application Thread] DEBUG AppStateMachine      - StartupState -> LoadingState
04:52:30.793 [FXGL Background Thread 1 ] DEBUG InitAppTask          - Clearing previous game
04:52:30.794 [FXGL Background Thread 1 ] DEBUG GameWorld            - Clearing game world
04:52:30.794 [FXGL Background Thread 1 ] DEBUG PhysicsWorld         - Clearing physics world
04:52:30.795 [FXGL Background Thread 1 ] DEBUG GameScene            - Clearing game scene
04:52:30.800 [FXGL Background Thread 1 ] DEBUG InitAppTask          - Initializing Game
04:52:31.057 [FXGL Background Thread 1 ] DEBUG GameScene            - Creating render group for layer: BACKGROUND(1000)
04:52:31.167 [FXGL Background Thread 1 ] DEBUG GameScene            - Creating render group for layer: DEFAULT(100000)
04:52:31.180 [FXGL Background Thread 1 ] DEBUG InitAppTask          - Initializing Physics
04:52:31.182 [FXGL Background Thread 1 ] DEBUG InitAppTask          - Initializing UI
04:52:31.188 [FXGL Background Thread 1 ] DEBUG InitAppTask          - Initialization Complete
04:52:31.189 [FXGL Background Thread 1 ] INFO  InitAppTask          - Game initialization took: 0,396 sec
04:52:31.207 [JavaFX Application Thread] DEBUG Input                - Clearing active input actions
04:52:31.237 [JavaFX Application Thread] DEBUG AppStateMachine      - LoadingState -> PlayState
04:52:40.603 [JavaFX Application Thread] DEBUG GameApplication      - Exiting game application
04:52:40.606 [JavaFX Application Thread] DEBUG GameApplication      - Shutting down background threads
04:52:40.607 [JavaFX Application Thread] DEBUG GameApplication      - Exiting FXGL
04:52:40.608 [JavaFX Application Thread] DEBUG FXGL                 - Saving FXGL system data
04:52:40.614 [JavaFX Application Thread] DEBUG DesktopFSService     - Writing to: system\fxgl.bundle
04:52:40.629 [JavaFX Application Thread] DEBUG GameApplication      - Closing logger and exiting JavaFX
