04:53:58.585 [JavaFX Application Thread] DEBUG GameApplication      - Logger initialized
04:53:58.661 [JavaFX Application Thread] DEBUG MainWindow           - Creating a JavaFX scene
04:53:59.171 [JavaFX Application Thread] DEBUG MainWindow           - Target settings size: 700.0 x 600.0
04:53:59.172 [JavaFX Application Thread] DEBUG MainWindow           - Scaled scene size:    700.0 x 600.0
04:53:59.173 [JavaFX Application Thread] DEBUG MainWindow           - Scaled ratio: (1.0, 1.0)
04:53:59.195 [JavaFX Application Thread] DEBUG GameApplication      - Starting FXGL
04:53:59.244 [JavaFX Application Thread] INFO  FXGL                 - FXGL-0.5.2 on DESKTOP
04:53:59.246 [JavaFX Application Thread] INFO  FXGL                 - Source code and latest versions at: https://github.com/AlmasB/FXGL
04:53:59.247 [JavaFX Application Thread] INFO  FXGL                 -              Join the FXGL chat at: https://gitter.im/AlmasB/FXGL
04:53:59.277 [JavaFX Application Thread] DEBUG FS                   - Loaded DesktopFSService
04:53:59.279 [JavaFX Application Thread] DEBUG FXGL                 - Loading FXGL system data
04:53:59.303 [JavaFX Application Thread] DEBUG DesktopFSService     - Reading from: system\fxgl.bundle
04:53:59.336 [JavaFX Application Thread] DEBUG Bundle               - Logging bundle: FXGL
04:53:59.339 [JavaFX Application Thread] DEBUG Bundle               - FXGL.offline.timer.version.check=2018-08-17T16:45:45.901
04:53:59.465 [JavaFX Application Thread] DEBUG GameApplication      - FXGL started
04:53:59.466 [JavaFX Application Thread] DEBUG GameApplication      - Logging game settings
Title: PinBall
Version: 0.1
Width: 700
Height: 600
Fullscreen: false
Intro: false
Menus: false
Profiling: false
Single step:false
App Mode: DEVELOPER
Menu Key: ESCAPE
Stage Style: DECORATED
Scene Factory: class com.almasb.fxgl.scene.SceneFactory
Dialog Factory: class com.almasb.fxgl.ui.FXGLDialogFactory
UI Factory: class com.almasb.fxgl.ui.FXGLUIFactory
Notification Service: class com.almasb.fxgl.gameplay.notification.XboxNotificationView
Exception Handler: class com.almasb.fxgl.app.FXGLExceptionHandler
04:53:59.471 [JavaFX Application Thread] DEBUG GameApplication      - Configuring GameApplication
04:53:59.472 [JavaFX Application Thread] DEBUG GameApplication      - Initializing state machine and application states
04:53:59.530 [JavaFX Application Thread] DEBUG AssetLoader          - Loading from disk: /assets/ui/cursors/fxgl_default.png
04:53:59.627 [JavaFX Application Thread] DEBUG AssetLoader          - Loading from disk: /assets/ui/cursors/fxgl_default.png
04:53:59.725 [JavaFX Application Thread] DEBUG FXGLAssets           - Loading FXGLAssets
04:53:59.882 [JavaFX Application Thread] DEBUG AssetLoader          - Loading from disk: /assets/ui/fonts/VarelaRound-Regular.ttf
04:54:00.252 [JavaFX Application Thread] DEBUG AssetLoader          - Loading from disk: /assets/ui/fonts/lucida_console.ttf
04:54:00.293 [JavaFX Application Thread] DEBUG AssetLoader          - Loading from disk: /assets/ui/css/fxgl_dark.css
04:54:00.436 [JavaFX Application Thread] DEBUG AssetLoader          - Loading from disk: /assets/ui/cursors/fxgl_default.png
04:54:00.584 [JavaFX Application Thread] DEBUG AssetLoader          - Loading from disk: /assets/ui/cursors/fxgl_default.png
04:54:00.716 [JavaFX Application Thread] DEBUG GameScene            - Game scene initialized: 700x600
04:54:00.731 [JavaFX Application Thread] DEBUG GameWorld            - Game world initialized
04:54:00.953 [JavaFX Application Thread] DEBUG PhysicsWorld         - Physics world initialized: appHeight=600, physics.ppm=50,0
04:54:01.063 [JavaFX Application Thread] DEBUG Input                - Registered new binding: Pause - Esc
04:54:01.138 [JavaFX Application Thread] DEBUG Input                - Clearing active input actions
04:54:01.341 [JavaFX Application Thread] DEBUG AppStateMachine      - StartupState -> StartupState
04:54:01.360 [JavaFX Application Thread] INFO  GameApplication      - Game configuration took:  1,887 sec
04:54:01.368 [JavaFX Application Thread] DEBUG AssetLoader          - Loading from disk: /assets/textures/fxgl_icon.png
04:54:01.383 [JavaFX Application Thread] DEBUG MainWindow           - Opening main window
04:54:01.986 [JavaFX Application Thread] DEBUG MainWindow           - Window border size: (6.0, 29.0)
04:54:01.987 [JavaFX Application Thread] DEBUG MainWindow           - Scaled size: 700.0 x 600.0
04:54:01.987 [JavaFX Application Thread] DEBUG MainWindow           - Scaled ratio: (1.0, 1.0)
04:54:01.988 [JavaFX Application Thread] DEBUG MainWindow           - Scene size: 700.0 x 600.0
04:54:01.988 [JavaFX Application Thread] DEBUG MainWindow           - Stage size: 706.0 x 629.0
04:54:01.989 [JavaFX Application Thread] DEBUG GameApplication      - Running preInit()
04:54:01.995 [JavaFX Application Thread] DEBUG Input                - Registered new binding: Screenshot - P
04:54:01.997 [JavaFX Application Thread] DEBUG Input                - Registered new binding: Dev Options - CTRL+0
04:54:01.998 [JavaFX Application Thread] DEBUG Input                - Registered new binding: System info dump - CTRL+9
04:54:02.000 [JavaFX Application Thread] DEBUG Input                - Registered new binding: Restart - CTRL+R
04:54:02.001 [JavaFX Application Thread] DEBUG Input                - Registered new binding: Hit with LeftFlipper - A
04:54:02.002 [JavaFX Application Thread] DEBUG Input                - Registered new binding: Hit with RightFlipper - D
04:54:02.002 [JavaFX Application Thread] DEBUG Input                - Registered new binding: New ball - Space
04:54:02.006 [JavaFX Application Thread] DEBUG Input                - Registered new binding: New Table - N
04:54:02.058 [JavaFX Application Thread] DEBUG GameApplication      - Starting main loop
04:54:02.062 [JavaFX Application Thread] DEBUG StartupState         - STARTUP
04:54:02.063 [JavaFX Application Thread] DEBUG GameApplication      - Starting new game
04:54:02.064 [JavaFX Application Thread] DEBUG Input                - Clearing active input actions
04:54:02.086 [JavaFX Application Thread] DEBUG AppStateMachine      - StartupState -> LoadingState
04:54:02.103 [FXGL Background Thread 1 ] DEBUG InitAppTask          - Clearing previous game
04:54:02.104 [FXGL Background Thread 1 ] DEBUG GameWorld            - Clearing game world
04:54:02.104 [FXGL Background Thread 1 ] DEBUG PhysicsWorld         - Clearing physics world
04:54:02.105 [FXGL Background Thread 1 ] DEBUG GameScene            - Clearing game scene
04:54:02.109 [FXGL Background Thread 1 ] DEBUG InitAppTask          - Initializing Game
04:54:02.335 [FXGL Background Thread 1 ] DEBUG GameScene            - Creating render group for layer: BACKGROUND(1000)
04:54:02.462 [FXGL Background Thread 1 ] DEBUG GameScene            - Creating render group for layer: DEFAULT(100000)
04:54:02.474 [FXGL Background Thread 1 ] DEBUG InitAppTask          - Initializing Physics
04:54:02.477 [FXGL Background Thread 1 ] DEBUG InitAppTask          - Initializing UI
04:54:02.482 [FXGL Background Thread 1 ] DEBUG InitAppTask          - Initialization Complete
04:54:02.483 [FXGL Background Thread 1 ] INFO  InitAppTask          - Game initialization took: 0,380 sec
04:54:02.488 [JavaFX Application Thread] DEBUG Input                - Clearing active input actions
04:54:02.511 [JavaFX Application Thread] DEBUG AppStateMachine      - LoadingState -> PlayState
04:54:17.493 [JavaFX Application Thread] DEBUG GameApplication      - Exiting game application
04:54:17.495 [JavaFX Application Thread] DEBUG GameApplication      - Shutting down background threads
04:54:17.496 [JavaFX Application Thread] DEBUG GameApplication      - Exiting FXGL
04:54:17.497 [JavaFX Application Thread] DEBUG FXGL                 - Saving FXGL system data
04:54:17.505 [JavaFX Application Thread] DEBUG DesktopFSService     - Writing to: system\fxgl.bundle
04:54:17.518 [JavaFX Application Thread] DEBUG GameApplication      - Closing logger and exiting JavaFX
