04:54:42.631 [JavaFX Application Thread] DEBUG GameApplication      - Logger initialized
04:54:42.685 [JavaFX Application Thread] DEBUG MainWindow           - Creating a JavaFX scene
04:54:43.223 [JavaFX Application Thread] DEBUG MainWindow           - Target settings size: 700.0 x 600.0
04:54:43.224 [JavaFX Application Thread] DEBUG MainWindow           - Scaled scene size:    700.0 x 600.0
04:54:43.225 [JavaFX Application Thread] DEBUG MainWindow           - Scaled ratio: (1.0, 1.0)
04:54:43.249 [JavaFX Application Thread] DEBUG GameApplication      - Starting FXGL
04:54:43.292 [JavaFX Application Thread] INFO  FXGL                 - FXGL-0.5.2 on DESKTOP
04:54:43.294 [JavaFX Application Thread] INFO  FXGL                 - Source code and latest versions at: https://github.com/AlmasB/FXGL
04:54:43.295 [JavaFX Application Thread] INFO  FXGL                 -              Join the FXGL chat at: https://gitter.im/AlmasB/FXGL
04:54:43.322 [JavaFX Application Thread] DEBUG FS                   - Loaded DesktopFSService
04:54:43.324 [JavaFX Application Thread] DEBUG FXGL                 - Loading FXGL system data
04:54:43.338 [JavaFX Application Thread] DEBUG DesktopFSService     - Reading from: system\fxgl.bundle
04:54:43.368 [JavaFX Application Thread] DEBUG Bundle               - Logging bundle: FXGL
04:54:43.372 [JavaFX Application Thread] DEBUG Bundle               - FXGL.offline.timer.version.check=2018-08-17T16:45:45.901
04:54:43.531 [JavaFX Application Thread] DEBUG GameApplication      - FXGL started
04:54:43.533 [JavaFX Application Thread] DEBUG GameApplication      - Logging game settings
Title: PinBall
Version: 0.1
Width: 700
Height: 600
Fullscreen: false
Intro: false
Menus: false
Profiling: false
Single step:false
App Mode: DEVELOPER
Menu Key: ESCAPE
Stage Style: DECORATED
Scene Factory: class com.almasb.fxgl.scene.SceneFactory
Dialog Factory: class com.almasb.fxgl.ui.FXGLDialogFactory
UI Factory: class com.almasb.fxgl.ui.FXGLUIFactory
Notification Service: class com.almasb.fxgl.gameplay.notification.XboxNotificationView
Exception Handler: class com.almasb.fxgl.app.FXGLExceptionHandler
04:54:43.538 [JavaFX Application Thread] DEBUG GameApplication      - Configuring GameApplication
04:54:43.539 [JavaFX Application Thread] DEBUG GameApplication      - Initializing state machine and application states
04:54:43.610 [JavaFX Application Thread] DEBUG AssetLoader          - Loading from disk: /assets/ui/cursors/fxgl_default.png
04:54:43.722 [JavaFX Application Thread] DEBUG AssetLoader          - Loading from disk: /assets/ui/cursors/fxgl_default.png
04:54:43.825 [JavaFX Application Thread] DEBUG FXGLAssets           - Loading FXGLAssets
04:54:43.986 [JavaFX Application Thread] DEBUG AssetLoader          - Loading from disk: /assets/ui/fonts/VarelaRound-Regular.ttf
04:54:44.321 [JavaFX Application Thread] DEBUG AssetLoader          - Loading from disk: /assets/ui/fonts/lucida_console.ttf
04:54:44.345 [JavaFX Application Thread] DEBUG AssetLoader          - Loading from disk: /assets/ui/css/fxgl_dark.css
04:54:44.509 [JavaFX Application Thread] DEBUG AssetLoader          - Loading from disk: /assets/ui/cursors/fxgl_default.png
04:54:44.723 [JavaFX Application Thread] DEBUG AssetLoader          - Loading from disk: /assets/ui/cursors/fxgl_default.png
04:54:44.891 [JavaFX Application Thread] DEBUG GameScene            - Game scene initialized: 700x600
04:54:44.905 [JavaFX Application Thread] DEBUG GameWorld            - Game world initialized
04:54:45.138 [JavaFX Application Thread] DEBUG PhysicsWorld         - Physics world initialized: appHeight=600, physics.ppm=50,0
04:54:45.246 [JavaFX Application Thread] DEBUG Input                - Registered new binding: Pause - Esc
04:54:45.327 [JavaFX Application Thread] DEBUG Input                - Clearing active input actions
04:54:45.534 [JavaFX Application Thread] DEBUG AppStateMachine      - StartupState -> StartupState
04:54:45.550 [JavaFX Application Thread] INFO  GameApplication      - Game configuration took:  2,010 sec
04:54:45.557 [JavaFX Application Thread] DEBUG AssetLoader          - Loading from disk: /assets/textures/fxgl_icon.png
04:54:45.574 [JavaFX Application Thread] DEBUG MainWindow           - Opening main window
04:54:46.170 [JavaFX Application Thread] DEBUG MainWindow           - Window border size: (6.0, 29.0)
04:54:46.170 [JavaFX Application Thread] DEBUG MainWindow           - Scaled size: 700.0 x 600.0
04:54:46.171 [JavaFX Application Thread] DEBUG MainWindow           - Scaled ratio: (1.0, 1.0)
04:54:46.172 [JavaFX Application Thread] DEBUG MainWindow           - Scene size: 700.0 x 600.0
04:54:46.173 [JavaFX Application Thread] DEBUG MainWindow           - Stage size: 706.0 x 629.0
04:54:46.174 [JavaFX Application Thread] DEBUG GameApplication      - Running preInit()
04:54:46.182 [JavaFX Application Thread] DEBUG Input                - Registered new binding: Screenshot - P
04:54:46.184 [JavaFX Application Thread] DEBUG Input                - Registered new binding: Dev Options - CTRL+0
04:54:46.186 [JavaFX Application Thread] DEBUG Input                - Registered new binding: System info dump - CTRL+9
04:54:46.188 [JavaFX Application Thread] DEBUG Input                - Registered new binding: Restart - CTRL+R
04:54:46.189 [JavaFX Application Thread] DEBUG Input                - Registered new binding: Hit with LeftFlipper - A
04:54:46.189 [JavaFX Application Thread] DEBUG Input                - Registered new binding: Hit with RightFlipper - D
04:54:46.190 [JavaFX Application Thread] DEBUG Input                - Registered new binding: New ball - Space
04:54:46.195 [JavaFX Application Thread] DEBUG Input                - Registered new binding: New Table - N
04:54:46.253 [JavaFX Application Thread] DEBUG GameApplication      - Starting main loop
04:54:46.259 [JavaFX Application Thread] DEBUG StartupState         - STARTUP
04:54:46.260 [JavaFX Application Thread] DEBUG GameApplication      - Starting new game
04:54:46.261 [JavaFX Application Thread] DEBUG Input                - Clearing active input actions
04:54:46.287 [JavaFX Application Thread] DEBUG AppStateMachine      - StartupState -> LoadingState
04:54:46.309 [FXGL Background Thread 1 ] DEBUG InitAppTask          - Clearing previous game
04:54:46.310 [FXGL Background Thread 1 ] DEBUG GameWorld            - Clearing game world
04:54:46.310 [FXGL Background Thread 1 ] DEBUG PhysicsWorld         - Clearing physics world
04:54:46.311 [FXGL Background Thread 1 ] DEBUG GameScene            - Clearing game scene
04:54:46.317 [FXGL Background Thread 1 ] DEBUG InitAppTask          - Initializing Game
04:54:46.600 [FXGL Background Thread 1 ] DEBUG GameScene            - Creating render group for layer: BACKGROUND(1000)
04:54:46.707 [FXGL Background Thread 1 ] DEBUG GameScene            - Creating render group for layer: DEFAULT(100000)
04:54:46.719 [FXGL Background Thread 1 ] DEBUG InitAppTask          - Initializing Physics
04:54:46.721 [FXGL Background Thread 1 ] DEBUG InitAppTask          - Initializing UI
04:54:46.727 [FXGL Background Thread 1 ] DEBUG InitAppTask          - Initialization Complete
04:54:46.728 [FXGL Background Thread 1 ] INFO  InitAppTask          - Game initialization took: 0,419 sec
04:54:46.736 [JavaFX Application Thread] DEBUG Input                - Clearing active input actions
04:54:46.772 [JavaFX Application Thread] DEBUG AppStateMachine      - LoadingState -> PlayState
04:55:01.112 [JavaFX Application Thread] DEBUG GameApplication      - Exiting game application
04:55:01.114 [JavaFX Application Thread] DEBUG GameApplication      - Shutting down background threads
04:55:01.115 [JavaFX Application Thread] DEBUG GameApplication      - Exiting FXGL
04:55:01.116 [JavaFX Application Thread] DEBUG FXGL                 - Saving FXGL system data
04:55:01.123 [JavaFX Application Thread] DEBUG DesktopFSService     - Writing to: system\fxgl.bundle
04:55:01.136 [JavaFX Application Thread] DEBUG GameApplication      - Closing logger and exiting JavaFX
