20:52:49.268 [JavaFX Application Thread] DEBUG GameApplication      - Logger initialized
20:52:49.318 [JavaFX Application Thread] DEBUG MainWindow           - Creating a JavaFX scene
20:52:49.631 [JavaFX Application Thread] DEBUG MainWindow           - Target settings size: 500.0 x 600.0
20:52:49.631 [JavaFX Application Thread] DEBUG MainWindow           - Scaled scene size:    500.0 x 600.0
20:52:49.632 [JavaFX Application Thread] DEBUG MainWindow           - Scaled ratio: (1.0, 1.0)
20:52:49.647 [JavaFX Application Thread] DEBUG GameApplication      - Starting FXGL
20:52:49.675 [JavaFX Application Thread] INFO  FXGL                 - FXGL-0.5.2 on DESKTOP
20:52:49.675 [JavaFX Application Thread] INFO  FXGL                 - Source code and latest versions at: https://github.com/AlmasB/FXGL
20:52:49.676 [JavaFX Application Thread] INFO  FXGL                 -              Join the FXGL chat at: https://gitter.im/AlmasB/FXGL
20:52:49.693 [JavaFX Application Thread] DEBUG FS                   - Loaded DesktopFSService
20:52:49.694 [JavaFX Application Thread] DEBUG FXGL                 - Loading FXGL system data
20:52:49.708 [JavaFX Application Thread] DEBUG DesktopFSService     - Reading from: system\fxgl.bundle
20:52:49.730 [JavaFX Application Thread] DEBUG Bundle               - Logging bundle: FXGL
20:52:49.732 [JavaFX Application Thread] DEBUG Bundle               - FXGL.offline.timer.version.check=2018-08-10T04:24:54.913
20:52:49.809 [JavaFX Application Thread] DEBUG GameApplication      - FXGL started
20:52:49.810 [JavaFX Application Thread] DEBUG GameApplication      - Logging game settings
Title: PinBall
Version: 0.1
Width: 500
Height: 600
Fullscreen: false
Intro: false
Menus: false
Profiling: false
Single step:false
App Mode: DEVELOPER
Menu Key: ESCAPE
Stage Style: DECORATED
Scene Factory: class com.almasb.fxgl.scene.SceneFactory
Dialog Factory: class com.almasb.fxgl.ui.FXGLDialogFactory
UI Factory: class com.almasb.fxgl.ui.FXGLUIFactory
Notification Service: class com.almasb.fxgl.gameplay.notification.XboxNotificationView
Exception Handler: class com.almasb.fxgl.app.FXGLExceptionHandler
20:52:49.812 [JavaFX Application Thread] DEBUG GameApplication      - Configuring GameApplication
20:52:49.813 [JavaFX Application Thread] DEBUG GameApplication      - Initializing state machine and application states
20:52:49.848 [JavaFX Application Thread] DEBUG AssetLoader          - Loading from disk: /assets/ui/cursors/fxgl_default.png
20:52:49.909 [JavaFX Application Thread] DEBUG AssetLoader          - Loading from disk: /assets/ui/cursors/fxgl_default.png
20:52:49.966 [JavaFX Application Thread] DEBUG FXGLAssets           - Loading FXGLAssets
20:52:50.047 [JavaFX Application Thread] DEBUG AssetLoader          - Loading from disk: /assets/ui/fonts/VarelaRound-Regular.ttf
20:52:50.308 [JavaFX Application Thread] DEBUG AssetLoader          - Loading from disk: /assets/ui/fonts/lucida_console.ttf
20:52:50.329 [JavaFX Application Thread] DEBUG AssetLoader          - Loading from disk: /assets/ui/css/fxgl_dark.css
20:52:50.402 [JavaFX Application Thread] DEBUG AssetLoader          - Loading from disk: /assets/ui/cursors/fxgl_default.png
20:52:50.477 [JavaFX Application Thread] DEBUG AssetLoader          - Loading from disk: /assets/ui/cursors/fxgl_default.png
20:52:50.542 [JavaFX Application Thread] DEBUG GameScene            - Game scene initialized: 500x600
20:52:50.549 [JavaFX Application Thread] DEBUG GameWorld            - Game world initialized
20:52:50.667 [JavaFX Application Thread] DEBUG PhysicsWorld         - Physics world initialized: appHeight=600, physics.ppm=50,0
20:52:50.726 [JavaFX Application Thread] DEBUG Input                - Registered new binding: Pause - Esc
20:52:50.770 [JavaFX Application Thread] DEBUG Input                - Clearing active input actions
20:52:50.862 [JavaFX Application Thread] DEBUG AppStateMachine      - StartupState -> StartupState
20:52:50.870 [JavaFX Application Thread] INFO  GameApplication      - Game configuration took:  1,056 sec
20:52:50.873 [JavaFX Application Thread] DEBUG AssetLoader          - Loading from disk: /assets/textures/fxgl_icon.png
20:52:50.882 [JavaFX Application Thread] DEBUG MainWindow           - Opening main window
20:52:51.177 [JavaFX Application Thread] DEBUG MainWindow           - Window border size: (6.0, 29.0)
20:52:51.177 [JavaFX Application Thread] DEBUG MainWindow           - Scaled size: 500.0 x 600.0
20:52:51.178 [JavaFX Application Thread] DEBUG MainWindow           - Scaled ratio: (1.0, 1.0)
20:52:51.178 [JavaFX Application Thread] DEBUG MainWindow           - Scene size: 500.0 x 600.0
20:52:51.179 [JavaFX Application Thread] DEBUG MainWindow           - Stage size: 506.0 x 629.0
20:52:51.179 [JavaFX Application Thread] DEBUG GameApplication      - Running preInit()
20:52:51.183 [JavaFX Application Thread] DEBUG Input                - Registered new binding: Screenshot - P
20:52:51.185 [JavaFX Application Thread] DEBUG Input                - Registered new binding: Dev Options - CTRL+0
20:52:51.187 [JavaFX Application Thread] DEBUG Input                - Registered new binding: System info dump - CTRL+9
20:52:51.187 [JavaFX Application Thread] DEBUG Input                - Registered new binding: Restart - CTRL+R
20:52:51.188 [JavaFX Application Thread] DEBUG Input                - Registered new binding: Move Right - D
20:52:51.220 [JavaFX Application Thread] DEBUG GameApplication      - Starting main loop
20:52:51.223 [JavaFX Application Thread] DEBUG StartupState         - STARTUP
20:52:51.223 [JavaFX Application Thread] DEBUG GameApplication      - Starting new game
20:52:51.223 [JavaFX Application Thread] DEBUG Input                - Clearing active input actions
20:52:51.237 [JavaFX Application Thread] DEBUG AppStateMachine      - StartupState -> LoadingState
20:52:51.249 [FXGL Background Thread 1 ] DEBUG InitAppTask          - Clearing previous game
20:52:51.250 [FXGL Background Thread 1 ] DEBUG GameWorld            - Clearing game world
20:52:51.250 [FXGL Background Thread 1 ] DEBUG PhysicsWorld         - Clearing physics world
20:52:51.250 [FXGL Background Thread 1 ] DEBUG GameScene            - Clearing game scene
20:52:51.253 [FXGL Background Thread 1 ] DEBUG InitAppTask          - Initializing Game
20:52:51.386 [FXGL Background Thread 1 ] DEBUG GameScene            - Creating render group for layer: BACKGROUND(1000)
20:52:51.390 [FXGL Background Thread 1 ] DEBUG GameScene            - Creating render group for layer: DEFAULT(100000)
20:52:51.449 [FXGL Background Thread 1 ] DEBUG InitAppTask          - Initializing Physics
20:52:51.450 [FXGL Background Thread 1 ] DEBUG InitAppTask          - Initializing UI
20:52:51.451 [FXGL Background Thread 1 ] DEBUG InitAppTask          - Initialization Complete
20:52:51.451 [FXGL Background Thread 1 ] INFO  InitAppTask          - Game initialization took: 0,202 sec
20:52:51.459 [JavaFX Application Thread] DEBUG Input                - Clearing active input actions
20:52:51.473 [JavaFX Application Thread] DEBUG AppStateMachine      - LoadingState -> PlayState
20:52:55.905 [JavaFX Application Thread] DEBUG GameApplication      - Exiting game application
20:52:55.908 [JavaFX Application Thread] DEBUG GameApplication      - Shutting down background threads
20:52:55.908 [JavaFX Application Thread] DEBUG GameApplication      - Exiting FXGL
20:52:55.909 [JavaFX Application Thread] DEBUG FXGL                 - Saving FXGL system data
20:52:55.917 [JavaFX Application Thread] DEBUG DesktopFSService     - Writing to: system\fxgl.bundle
20:52:55.930 [JavaFX Application Thread] DEBUG GameApplication      - Closing logger and exiting JavaFX
