16:36:32.440 [JavaFX Application Thread] DEBUG GameApplication      - Logger initialized
16:36:32.523 [JavaFX Application Thread] DEBUG MainWindow           - Creating a JavaFX scene
16:36:33.125 [JavaFX Application Thread] DEBUG MainWindow           - Target settings size: 700.0 x 600.0
16:36:33.126 [JavaFX Application Thread] DEBUG MainWindow           - Scaled scene size:    700.0 x 600.0
16:36:33.127 [JavaFX Application Thread] DEBUG MainWindow           - Scaled ratio: (1.0, 1.0)
16:36:33.159 [JavaFX Application Thread] DEBUG GameApplication      - Starting FXGL
16:36:33.212 [JavaFX Application Thread] INFO  FXGL                 - FXGL-0.5.2 on DESKTOP
16:36:33.213 [JavaFX Application Thread] INFO  FXGL                 - Source code and latest versions at: https://github.com/AlmasB/FXGL
16:36:33.214 [JavaFX Application Thread] INFO  FXGL                 -              Join the FXGL chat at: https://gitter.im/AlmasB/FXGL
16:36:33.245 [JavaFX Application Thread] DEBUG FS                   - Loaded DesktopFSService
16:36:33.247 [JavaFX Application Thread] DEBUG FXGL                 - Loading FXGL system data
16:36:33.272 [JavaFX Application Thread] DEBUG DesktopFSService     - Reading from: system\fxgl.bundle
16:36:33.306 [JavaFX Application Thread] DEBUG Bundle               - Logging bundle: FXGL
16:36:33.309 [JavaFX Application Thread] DEBUG Bundle               - FXGL.offline.timer.version.check=2018-08-17T16:45:45.901
16:36:33.455 [JavaFX Application Thread] DEBUG GameApplication      - FXGL started
16:36:33.456 [JavaFX Application Thread] DEBUG GameApplication      - Logging game settings
Title: PinBall
Version: 0.1
Width: 700
Height: 600
Fullscreen: false
Intro: false
Menus: false
Profiling: false
Single step:false
App Mode: DEVELOPER
Menu Key: ESCAPE
Stage Style: DECORATED
Scene Factory: class com.almasb.fxgl.scene.SceneFactory
Dialog Factory: class com.almasb.fxgl.ui.FXGLDialogFactory
UI Factory: class com.almasb.fxgl.ui.FXGLUIFactory
Notification Service: class com.almasb.fxgl.gameplay.notification.XboxNotificationView
Exception Handler: class com.almasb.fxgl.app.FXGLExceptionHandler
16:36:33.461 [JavaFX Application Thread] DEBUG GameApplication      - Configuring GameApplication
16:36:33.462 [JavaFX Application Thread] DEBUG GameApplication      - Initializing state machine and application states
16:36:33.519 [JavaFX Application Thread] DEBUG AssetLoader          - Loading from disk: /assets/ui/cursors/fxgl_default.png
16:36:33.630 [JavaFX Application Thread] DEBUG AssetLoader          - Loading from disk: /assets/ui/cursors/fxgl_default.png
16:36:33.736 [JavaFX Application Thread] DEBUG FXGLAssets           - Loading FXGLAssets
16:36:33.894 [JavaFX Application Thread] DEBUG AssetLoader          - Loading from disk: /assets/ui/fonts/VarelaRound-Regular.ttf
16:36:34.280 [JavaFX Application Thread] DEBUG AssetLoader          - Loading from disk: /assets/ui/fonts/lucida_console.ttf
16:36:34.323 [JavaFX Application Thread] DEBUG AssetLoader          - Loading from disk: /assets/ui/css/fxgl_dark.css
16:36:34.469 [JavaFX Application Thread] DEBUG AssetLoader          - Loading from disk: /assets/ui/cursors/fxgl_default.png
16:36:34.637 [JavaFX Application Thread] DEBUG AssetLoader          - Loading from disk: /assets/ui/cursors/fxgl_default.png
16:36:34.777 [JavaFX Application Thread] DEBUG GameScene            - Game scene initialized: 700x600
16:36:34.791 [JavaFX Application Thread] DEBUG GameWorld            - Game world initialized
16:36:35.047 [JavaFX Application Thread] DEBUG PhysicsWorld         - Physics world initialized: appHeight=600, physics.ppm=50,0
16:36:35.165 [JavaFX Application Thread] DEBUG Input                - Registered new binding: Pause - Esc
16:36:35.246 [JavaFX Application Thread] DEBUG Input                - Clearing active input actions
16:36:35.448 [JavaFX Application Thread] DEBUG AppStateMachine      - StartupState -> StartupState
16:36:35.466 [JavaFX Application Thread] INFO  GameApplication      - Game configuration took:  2,003 sec
16:36:35.475 [JavaFX Application Thread] DEBUG AssetLoader          - Loading from disk: /assets/textures/fxgl_icon.png
16:36:35.491 [JavaFX Application Thread] DEBUG MainWindow           - Opening main window
16:36:36.177 [JavaFX Application Thread] DEBUG MainWindow           - Window border size: (6.0, 29.0)
16:36:36.177 [JavaFX Application Thread] DEBUG MainWindow           - Scaled size: 700.0 x 600.0
16:36:36.178 [JavaFX Application Thread] DEBUG MainWindow           - Scaled ratio: (1.0, 1.0)
16:36:36.179 [JavaFX Application Thread] DEBUG MainWindow           - Scene size: 700.0 x 600.0
16:36:36.179 [JavaFX Application Thread] DEBUG MainWindow           - Stage size: 706.0 x 629.0
16:36:36.180 [JavaFX Application Thread] DEBUG GameApplication      - Running preInit()
16:36:36.186 [JavaFX Application Thread] DEBUG Input                - Registered new binding: Screenshot - P
16:36:36.188 [JavaFX Application Thread] DEBUG Input                - Registered new binding: Dev Options - CTRL+0
16:36:36.189 [JavaFX Application Thread] DEBUG Input                - Registered new binding: System info dump - CTRL+9
16:36:36.191 [JavaFX Application Thread] DEBUG Input                - Registered new binding: Restart - CTRL+R
16:36:36.192 [JavaFX Application Thread] DEBUG Input                - Registered new binding: Hit with LeftFlipper - A
16:36:36.193 [JavaFX Application Thread] DEBUG Input                - Registered new binding: Hit with RightFlipper - D
16:36:36.193 [JavaFX Application Thread] DEBUG Input                - Registered new binding: New ball - Space
16:36:36.196 [JavaFX Application Thread] DEBUG Input                - Registered new binding: New Table - N
16:36:36.248 [JavaFX Application Thread] DEBUG GameApplication      - Starting main loop
16:36:36.253 [JavaFX Application Thread] DEBUG StartupState         - STARTUP
16:36:36.253 [JavaFX Application Thread] DEBUG GameApplication      - Starting new game
16:36:36.254 [JavaFX Application Thread] DEBUG Input                - Clearing active input actions
16:36:36.277 [JavaFX Application Thread] DEBUG AppStateMachine      - StartupState -> LoadingState
16:36:36.296 [FXGL Background Thread 1 ] DEBUG InitAppTask          - Clearing previous game
16:36:36.296 [FXGL Background Thread 1 ] DEBUG GameWorld            - Clearing game world
16:36:36.297 [FXGL Background Thread 1 ] DEBUG PhysicsWorld         - Clearing physics world
16:36:36.297 [FXGL Background Thread 1 ] DEBUG GameScene            - Clearing game scene
16:36:36.301 [FXGL Background Thread 1 ] DEBUG InitAppTask          - Initializing Game
16:36:36.537 [FXGL Background Thread 1 ] DEBUG GameScene            - Creating render group for layer: BACKGROUND(1000)
16:36:36.659 [FXGL Background Thread 1 ] DEBUG GameScene            - Creating render group for layer: DEFAULT(100000)
16:36:36.672 [FXGL Background Thread 1 ] DEBUG InitAppTask          - Initializing Physics
16:36:36.675 [FXGL Background Thread 1 ] DEBUG InitAppTask          - Initializing UI
16:36:36.680 [FXGL Background Thread 1 ] DEBUG InitAppTask          - Initialization Complete
16:36:36.681 [FXGL Background Thread 1 ] INFO  InitAppTask          - Game initialization took: 0,385 sec
16:36:36.688 [JavaFX Application Thread] DEBUG Input                - Clearing active input actions
16:36:36.713 [JavaFX Application Thread] DEBUG AppStateMachine      - LoadingState -> PlayState
16:36:45.673 [JavaFX Application Thread] DEBUG AssetLoader          - Loading from cache: /assets/sounds/DisableTarget.wav
16:36:59.288 [JavaFX Application Thread] DEBUG GameApplication      - Exiting game application
16:36:59.290 [JavaFX Application Thread] DEBUG GameApplication      - Shutting down background threads
16:36:59.291 [JavaFX Application Thread] DEBUG GameApplication      - Exiting FXGL
16:36:59.292 [JavaFX Application Thread] DEBUG FXGL                 - Saving FXGL system data
16:36:59.300 [JavaFX Application Thread] DEBUG DesktopFSService     - Writing to: system\fxgl.bundle
16:36:59.314 [JavaFX Application Thread] DEBUG GameApplication      - Closing logger and exiting JavaFX
