17:25:27.607 [JavaFX Application Thread] DEBUG GameApplication      - Logger initialized
17:25:27.674 [JavaFX Application Thread] DEBUG MainWindow           - Creating a JavaFX scene
17:25:28.226 [JavaFX Application Thread] DEBUG MainWindow           - Target settings size: 500.0 x 600.0
17:25:28.227 [JavaFX Application Thread] DEBUG MainWindow           - Scaled scene size:    500.0 x 600.0
17:25:28.228 [JavaFX Application Thread] DEBUG MainWindow           - Scaled ratio: (1.0, 1.0)
17:25:28.258 [JavaFX Application Thread] DEBUG GameApplication      - Starting FXGL
17:25:28.309 [JavaFX Application Thread] INFO  FXGL                 - FXGL-0.5.2 on DESKTOP
17:25:28.311 [JavaFX Application Thread] INFO  FXGL                 - Source code and latest versions at: https://github.com/AlmasB/FXGL
17:25:28.312 [JavaFX Application Thread] INFO  FXGL                 -              Join the FXGL chat at: https://gitter.im/AlmasB/FXGL
17:25:28.344 [JavaFX Application Thread] DEBUG FS                   - Loaded DesktopFSService
17:25:28.346 [JavaFX Application Thread] DEBUG FXGL                 - Loading FXGL system data
17:25:28.372 [JavaFX Application Thread] DEBUG DesktopFSService     - Reading from: system\fxgl.bundle
17:25:28.412 [JavaFX Application Thread] DEBUG Bundle               - Logging bundle: FXGL
17:25:28.414 [JavaFX Application Thread] DEBUG Bundle               - FXGL.offline.timer.version.check=2018-08-10T04:24:54.913
17:25:28.551 [JavaFX Application Thread] DEBUG GameApplication      - FXGL started
17:25:28.552 [JavaFX Application Thread] DEBUG GameApplication      - Logging game settings
Title: PinBall
Version: 0.1
Width: 500
Height: 600
Fullscreen: false
Intro: false
Menus: false
Profiling: false
Single step:false
App Mode: DEVELOPER
Menu Key: ESCAPE
Stage Style: DECORATED
Scene Factory: class com.almasb.fxgl.scene.SceneFactory
Dialog Factory: class com.almasb.fxgl.ui.FXGLDialogFactory
UI Factory: class com.almasb.fxgl.ui.FXGLUIFactory
Notification Service: class com.almasb.fxgl.gameplay.notification.XboxNotificationView
Exception Handler: class com.almasb.fxgl.app.FXGLExceptionHandler
17:25:28.555 [JavaFX Application Thread] DEBUG GameApplication      - Configuring GameApplication
17:25:28.557 [JavaFX Application Thread] DEBUG GameApplication      - Initializing state machine and application states
17:25:28.615 [JavaFX Application Thread] DEBUG AssetLoader          - Loading from disk: /assets/ui/cursors/fxgl_default.png
17:25:28.733 [JavaFX Application Thread] DEBUG AssetLoader          - Loading from disk: /assets/ui/cursors/fxgl_default.png
17:25:28.836 [JavaFX Application Thread] DEBUG FXGLAssets           - Loading FXGLAssets
17:25:28.995 [JavaFX Application Thread] DEBUG AssetLoader          - Loading from disk: /assets/ui/fonts/VarelaRound-Regular.ttf
17:25:29.271 [JavaFX Application Thread] DEBUG AssetLoader          - Loading from disk: /assets/ui/fonts/lucida_console.ttf
17:25:29.313 [JavaFX Application Thread] DEBUG AssetLoader          - Loading from disk: /assets/ui/css/fxgl_dark.css
17:25:29.464 [JavaFX Application Thread] DEBUG AssetLoader          - Loading from disk: /assets/ui/cursors/fxgl_default.png
17:25:29.613 [JavaFX Application Thread] DEBUG AssetLoader          - Loading from disk: /assets/ui/cursors/fxgl_default.png
17:25:29.749 [JavaFX Application Thread] DEBUG GameScene            - Game scene initialized: 500x600
17:25:29.766 [JavaFX Application Thread] DEBUG GameWorld            - Game world initialized
17:25:29.996 [JavaFX Application Thread] DEBUG PhysicsWorld         - Physics world initialized: appHeight=600, physics.ppm=50,0
17:25:30.114 [JavaFX Application Thread] DEBUG Input                - Registered new binding: Pause - Esc
17:25:30.193 [JavaFX Application Thread] DEBUG Input                - Clearing active input actions
17:25:30.370 [JavaFX Application Thread] DEBUG AppStateMachine      - StartupState -> StartupState
17:25:30.385 [JavaFX Application Thread] INFO  GameApplication      - Game configuration took:  1,827 sec
17:25:30.393 [JavaFX Application Thread] DEBUG AssetLoader          - Loading from disk: /assets/textures/fxgl_icon.png
17:25:30.410 [JavaFX Application Thread] DEBUG MainWindow           - Opening main window
17:25:31.027 [JavaFX Application Thread] DEBUG MainWindow           - Window border size: (6.0, 29.0)
17:25:31.028 [JavaFX Application Thread] DEBUG MainWindow           - Scaled size: 500.0 x 600.0
17:25:31.029 [JavaFX Application Thread] DEBUG MainWindow           - Scaled ratio: (1.0, 1.0)
17:25:31.030 [JavaFX Application Thread] DEBUG MainWindow           - Scene size: 500.0 x 600.0
17:25:31.030 [JavaFX Application Thread] DEBUG MainWindow           - Stage size: 506.0 x 629.0
17:25:31.031 [JavaFX Application Thread] DEBUG GameApplication      - Running preInit()
17:25:31.040 [JavaFX Application Thread] DEBUG Input                - Registered new binding: Screenshot - P
17:25:31.042 [JavaFX Application Thread] DEBUG Input                - Registered new binding: Dev Options - CTRL+0
17:25:31.044 [JavaFX Application Thread] DEBUG Input                - Registered new binding: System info dump - CTRL+9
17:25:31.045 [JavaFX Application Thread] DEBUG Input                - Registered new binding: Restart - CTRL+R
17:25:31.047 [JavaFX Application Thread] DEBUG Input                - Registered new binding: Move Right - D
17:25:31.116 [JavaFX Application Thread] DEBUG GameApplication      - Starting main loop
17:25:31.122 [JavaFX Application Thread] DEBUG StartupState         - STARTUP
17:25:31.122 [JavaFX Application Thread] DEBUG GameApplication      - Starting new game
17:25:31.123 [JavaFX Application Thread] DEBUG Input                - Clearing active input actions
17:25:31.152 [JavaFX Application Thread] DEBUG AppStateMachine      - StartupState -> LoadingState
17:25:31.177 [FXGL Background Thread 1 ] DEBUG InitAppTask          - Clearing previous game
17:25:31.178 [FXGL Background Thread 1 ] DEBUG GameWorld            - Clearing game world
17:25:31.178 [FXGL Background Thread 1 ] DEBUG PhysicsWorld         - Clearing physics world
17:25:31.179 [FXGL Background Thread 1 ] DEBUG GameScene            - Clearing game scene
17:25:31.185 [FXGL Background Thread 1 ] DEBUG InitAppTask          - Initializing Game
17:25:31.442 [FXGL Background Thread 1 ] DEBUG GameScene            - Creating render group for layer: BACKGROUND(1000)
17:25:31.450 [FXGL Background Thread 1 ] DEBUG GameScene            - Creating render group for layer: DEFAULT(100000)
17:25:31.569 [FXGL Background Thread 1 ] DEBUG InitAppTask          - Initializing Physics
17:25:31.571 [FXGL Background Thread 1 ] DEBUG InitAppTask          - Initializing UI
17:25:31.572 [FXGL Background Thread 1 ] DEBUG InitAppTask          - Initialization Complete
17:25:31.573 [FXGL Background Thread 1 ] INFO  InitAppTask          - Game initialization took: 0,396 sec
17:25:31.577 [JavaFX Application Thread] DEBUG Input                - Clearing active input actions
17:25:31.601 [JavaFX Application Thread] DEBUG AppStateMachine      - LoadingState -> PlayState
17:38:08.886 [JavaFX Application Thread] DEBUG GameApplication      - Exiting game application
17:38:08.889 [JavaFX Application Thread] DEBUG GameApplication      - Shutting down background threads
17:38:08.890 [JavaFX Application Thread] DEBUG GameApplication      - Exiting FXGL
17:38:08.891 [JavaFX Application Thread] DEBUG FXGL                 - Saving FXGL system data
17:38:08.899 [JavaFX Application Thread] DEBUG DesktopFSService     - Writing to: system\fxgl.bundle
17:38:08.912 [JavaFX Application Thread] DEBUG GameApplication      - Closing logger and exiting JavaFX
