20:52:39.486 [JavaFX Application Thread] DEBUG GameApplication      - Logger initialized
20:52:39.532 [JavaFX Application Thread] DEBUG MainWindow           - Creating a JavaFX scene
20:52:39.880 [JavaFX Application Thread] DEBUG MainWindow           - Target settings size: 500.0 x 600.0
20:52:39.881 [JavaFX Application Thread] DEBUG MainWindow           - Scaled scene size:    500.0 x 600.0
20:52:39.881 [JavaFX Application Thread] DEBUG MainWindow           - Scaled ratio: (1.0, 1.0)
20:52:39.896 [JavaFX Application Thread] DEBUG GameApplication      - Starting FXGL
20:52:39.929 [JavaFX Application Thread] INFO  FXGL                 - FXGL-0.5.2 on DESKTOP
20:52:39.930 [JavaFX Application Thread] INFO  FXGL                 - Source code and latest versions at: https://github.com/AlmasB/FXGL
20:52:39.931 [JavaFX Application Thread] INFO  FXGL                 -              Join the FXGL chat at: https://gitter.im/AlmasB/FXGL
20:52:39.949 [JavaFX Application Thread] DEBUG FS                   - Loaded DesktopFSService
20:52:39.950 [JavaFX Application Thread] DEBUG FXGL                 - Loading FXGL system data
20:52:39.968 [JavaFX Application Thread] DEBUG DesktopFSService     - Reading from: system\fxgl.bundle
20:52:39.993 [JavaFX Application Thread] DEBUG Bundle               - Logging bundle: FXGL
20:52:39.995 [JavaFX Application Thread] DEBUG Bundle               - FXGL.offline.timer.version.check=2018-08-10T04:24:54.913
20:52:40.089 [JavaFX Application Thread] DEBUG GameApplication      - FXGL started
20:52:40.090 [JavaFX Application Thread] DEBUG GameApplication      - Logging game settings
Title: PinBall
Version: 0.1
Width: 500
Height: 600
Fullscreen: false
Intro: false
Menus: false
Profiling: false
Single step:false
App Mode: DEVELOPER
Menu Key: ESCAPE
Stage Style: DECORATED
Scene Factory: class com.almasb.fxgl.scene.SceneFactory
Dialog Factory: class com.almasb.fxgl.ui.FXGLDialogFactory
UI Factory: class com.almasb.fxgl.ui.FXGLUIFactory
Notification Service: class com.almasb.fxgl.gameplay.notification.XboxNotificationView
Exception Handler: class com.almasb.fxgl.app.FXGLExceptionHandler
20:52:40.092 [JavaFX Application Thread] DEBUG GameApplication      - Configuring GameApplication
20:52:40.093 [JavaFX Application Thread] DEBUG GameApplication      - Initializing state machine and application states
20:52:40.132 [JavaFX Application Thread] DEBUG AssetLoader          - Loading from disk: /assets/ui/cursors/fxgl_default.png
20:52:40.213 [JavaFX Application Thread] DEBUG AssetLoader          - Loading from disk: /assets/ui/cursors/fxgl_default.png
20:52:40.286 [JavaFX Application Thread] DEBUG FXGLAssets           - Loading FXGLAssets
20:52:40.387 [JavaFX Application Thread] DEBUG AssetLoader          - Loading from disk: /assets/ui/fonts/VarelaRound-Regular.ttf
20:52:40.596 [JavaFX Application Thread] DEBUG AssetLoader          - Loading from disk: /assets/ui/fonts/lucida_console.ttf
20:52:40.609 [JavaFX Application Thread] DEBUG AssetLoader          - Loading from disk: /assets/ui/css/fxgl_dark.css
20:52:40.706 [JavaFX Application Thread] DEBUG AssetLoader          - Loading from disk: /assets/ui/cursors/fxgl_default.png
20:52:40.815 [JavaFX Application Thread] DEBUG AssetLoader          - Loading from disk: /assets/ui/cursors/fxgl_default.png
20:52:40.908 [JavaFX Application Thread] DEBUG GameScene            - Game scene initialized: 500x600
20:52:40.918 [JavaFX Application Thread] DEBUG GameWorld            - Game world initialized
20:52:41.077 [JavaFX Application Thread] DEBUG PhysicsWorld         - Physics world initialized: appHeight=600, physics.ppm=50,0
20:52:41.156 [JavaFX Application Thread] DEBUG Input                - Registered new binding: Pause - Esc
20:52:41.204 [JavaFX Application Thread] DEBUG Input                - Clearing active input actions
20:52:41.330 [JavaFX Application Thread] DEBUG AppStateMachine      - StartupState -> StartupState
20:52:41.340 [JavaFX Application Thread] INFO  GameApplication      - Game configuration took:  1,246 sec
20:52:41.345 [JavaFX Application Thread] DEBUG AssetLoader          - Loading from disk: /assets/textures/fxgl_icon.png
20:52:41.355 [JavaFX Application Thread] DEBUG MainWindow           - Opening main window
20:52:41.815 [JavaFX Application Thread] DEBUG MainWindow           - Window border size: (6.0, 29.0)
20:52:41.815 [JavaFX Application Thread] DEBUG MainWindow           - Scaled size: 500.0 x 600.0
20:52:41.816 [JavaFX Application Thread] DEBUG MainWindow           - Scaled ratio: (1.0, 1.0)
20:52:41.816 [JavaFX Application Thread] DEBUG MainWindow           - Scene size: 500.0 x 600.0
20:52:41.817 [JavaFX Application Thread] DEBUG MainWindow           - Stage size: 506.0 x 629.0
20:52:41.817 [JavaFX Application Thread] DEBUG GameApplication      - Running preInit()
20:52:41.823 [JavaFX Application Thread] DEBUG Input                - Registered new binding: Screenshot - P
20:52:41.825 [JavaFX Application Thread] DEBUG Input                - Registered new binding: Dev Options - CTRL+0
20:52:41.827 [JavaFX Application Thread] DEBUG Input                - Registered new binding: System info dump - CTRL+9
20:52:41.828 [JavaFX Application Thread] DEBUG Input                - Registered new binding: Restart - CTRL+R
20:52:41.829 [JavaFX Application Thread] DEBUG Input                - Registered new binding: Move Right - D
20:52:41.876 [JavaFX Application Thread] DEBUG GameApplication      - Starting main loop
20:52:41.878 [JavaFX Application Thread] DEBUG StartupState         - STARTUP
20:52:41.879 [JavaFX Application Thread] DEBUG GameApplication      - Starting new game
20:52:41.879 [JavaFX Application Thread] DEBUG Input                - Clearing active input actions
20:52:41.899 [JavaFX Application Thread] DEBUG AppStateMachine      - StartupState -> LoadingState
20:52:41.912 [FXGL Background Thread 1 ] DEBUG InitAppTask          - Clearing previous game
20:52:41.912 [FXGL Background Thread 1 ] DEBUG GameWorld            - Clearing game world
20:52:41.913 [FXGL Background Thread 1 ] DEBUG PhysicsWorld         - Clearing physics world
20:52:41.913 [FXGL Background Thread 1 ] DEBUG GameScene            - Clearing game scene
20:52:41.916 [FXGL Background Thread 1 ] DEBUG InitAppTask          - Initializing Game
20:52:42.076 [FXGL Background Thread 1 ] DEBUG GameScene            - Creating render group for layer: BACKGROUND(1000)
20:52:42.081 [FXGL Background Thread 1 ] DEBUG GameScene            - Creating render group for layer: DEFAULT(100000)
20:52:42.155 [FXGL Background Thread 1 ] DEBUG InitAppTask          - Initializing Physics
20:52:42.156 [FXGL Background Thread 1 ] DEBUG InitAppTask          - Initializing UI
20:52:42.157 [FXGL Background Thread 1 ] DEBUG InitAppTask          - Initialization Complete
20:52:42.157 [FXGL Background Thread 1 ] INFO  InitAppTask          - Game initialization took: 0,245 sec
20:52:42.163 [JavaFX Application Thread] DEBUG Input                - Clearing active input actions
20:52:42.177 [JavaFX Application Thread] DEBUG AppStateMachine      - LoadingState -> PlayState
20:52:58.781 [JavaFX Application Thread] DEBUG GameApplication      - Exiting game application
20:52:58.783 [JavaFX Application Thread] DEBUG GameApplication      - Shutting down background threads
20:52:58.784 [JavaFX Application Thread] DEBUG GameApplication      - Exiting FXGL
20:52:58.785 [JavaFX Application Thread] DEBUG FXGL                 - Saving FXGL system data
20:52:58.792 [JavaFX Application Thread] DEBUG DesktopFSService     - Writing to: system\fxgl.bundle
20:52:58.838 [JavaFX Application Thread] DEBUG GameApplication      - Closing logger and exiting JavaFX
