22:56:22.758 [JavaFX Application Thread] DEBUG GameApplication      - Logger initialized
22:56:22.807 [JavaFX Application Thread] DEBUG MainWindow           - Creating a JavaFX scene
22:56:23.343 [JavaFX Application Thread] DEBUG MainWindow           - Target settings size: 700.0 x 600.0
22:56:23.344 [JavaFX Application Thread] DEBUG MainWindow           - Scaled scene size:    700.0 x 600.0
22:56:23.345 [JavaFX Application Thread] DEBUG MainWindow           - Scaled ratio: (1.0, 1.0)
22:56:23.367 [JavaFX Application Thread] DEBUG GameApplication      - Starting FXGL
22:56:23.412 [JavaFX Application Thread] INFO  FXGL                 - FXGL-0.5.2 on DESKTOP
22:56:23.414 [JavaFX Application Thread] INFO  FXGL                 - Source code and latest versions at: https://github.com/AlmasB/FXGL
22:56:23.415 [JavaFX Application Thread] INFO  FXGL                 -              Join the FXGL chat at: https://gitter.im/AlmasB/FXGL
22:56:23.458 [JavaFX Application Thread] DEBUG FS                   - Loaded DesktopFSService
22:56:23.460 [JavaFX Application Thread] DEBUG FXGL                 - Loading FXGL system data
22:56:23.476 [JavaFX Application Thread] DEBUG DesktopFSService     - Reading from: system\fxgl.bundle
22:56:23.502 [JavaFX Application Thread] DEBUG Bundle               - Logging bundle: FXGL
22:56:23.504 [JavaFX Application Thread] DEBUG Bundle               - FXGL.offline.timer.version.check=2018-08-17T16:45:45.901
22:56:23.692 [JavaFX Application Thread] DEBUG GameApplication      - FXGL started
22:56:23.694 [JavaFX Application Thread] DEBUG GameApplication      - Logging game settings
Title: PinBall
Version: 0.1
Width: 700
Height: 600
Fullscreen: false
Intro: false
Menus: false
Profiling: false
Single step:false
App Mode: DEVELOPER
Menu Key: ESCAPE
Stage Style: DECORATED
Scene Factory: class com.almasb.fxgl.scene.SceneFactory
Dialog Factory: class com.almasb.fxgl.ui.FXGLDialogFactory
UI Factory: class com.almasb.fxgl.ui.FXGLUIFactory
Notification Service: class com.almasb.fxgl.gameplay.notification.XboxNotificationView
Exception Handler: class com.almasb.fxgl.app.FXGLExceptionHandler
22:56:23.698 [JavaFX Application Thread] DEBUG GameApplication      - Configuring GameApplication
22:56:23.699 [JavaFX Application Thread] DEBUG GameApplication      - Initializing state machine and application states
22:56:23.768 [JavaFX Application Thread] DEBUG AssetLoader          - Loading from disk: /assets/ui/cursors/fxgl_default.png
22:56:23.869 [JavaFX Application Thread] DEBUG AssetLoader          - Loading from disk: /assets/ui/cursors/fxgl_default.png
22:56:23.955 [JavaFX Application Thread] DEBUG FXGLAssets           - Loading FXGLAssets
22:56:24.095 [JavaFX Application Thread] DEBUG AssetLoader          - Loading from disk: /assets/ui/fonts/VarelaRound-Regular.ttf
22:56:24.464 [JavaFX Application Thread] DEBUG AssetLoader          - Loading from disk: /assets/ui/fonts/lucida_console.ttf
22:56:24.510 [JavaFX Application Thread] DEBUG AssetLoader          - Loading from disk: /assets/ui/css/fxgl_dark.css
22:56:24.642 [JavaFX Application Thread] DEBUG AssetLoader          - Loading from disk: /assets/ui/cursors/fxgl_default.png
22:56:24.819 [JavaFX Application Thread] DEBUG AssetLoader          - Loading from disk: /assets/ui/cursors/fxgl_default.png
22:56:24.946 [JavaFX Application Thread] DEBUG GameScene            - Game scene initialized: 700x600
22:56:24.960 [JavaFX Application Thread] DEBUG GameWorld            - Game world initialized
22:56:25.202 [JavaFX Application Thread] DEBUG PhysicsWorld         - Physics world initialized: appHeight=600, physics.ppm=50,0
22:56:25.293 [JavaFX Application Thread] DEBUG Input                - Registered new binding: Pause - Esc
22:56:25.375 [JavaFX Application Thread] DEBUG Input                - Clearing active input actions
22:56:25.577 [JavaFX Application Thread] DEBUG AppStateMachine      - StartupState -> StartupState
22:56:25.594 [JavaFX Application Thread] INFO  GameApplication      - Game configuration took:  1,894 sec
22:56:25.603 [JavaFX Application Thread] DEBUG AssetLoader          - Loading from disk: /assets/textures/fxgl_icon.png
22:56:25.624 [JavaFX Application Thread] DEBUG MainWindow           - Opening main window
22:56:26.246 [JavaFX Application Thread] DEBUG MainWindow           - Window border size: (6.0, 29.0)
22:56:26.247 [JavaFX Application Thread] DEBUG MainWindow           - Scaled size: 700.0 x 600.0
22:56:26.248 [JavaFX Application Thread] DEBUG MainWindow           - Scaled ratio: (1.0, 1.0)
22:56:26.249 [JavaFX Application Thread] DEBUG MainWindow           - Scene size: 700.0 x 600.0
22:56:26.250 [JavaFX Application Thread] DEBUG MainWindow           - Stage size: 706.0 x 629.0
22:56:26.250 [JavaFX Application Thread] DEBUG GameApplication      - Running preInit()
22:56:26.259 [JavaFX Application Thread] DEBUG Input                - Registered new binding: Screenshot - P
22:56:26.261 [JavaFX Application Thread] DEBUG Input                - Registered new binding: Dev Options - CTRL+0
22:56:26.263 [JavaFX Application Thread] DEBUG Input                - Registered new binding: System info dump - CTRL+9
22:56:26.265 [JavaFX Application Thread] DEBUG Input                - Registered new binding: Restart - CTRL+R
22:56:26.266 [JavaFX Application Thread] DEBUG Input                - Registered new binding: Hit with LeftFlipper - A
22:56:26.267 [JavaFX Application Thread] DEBUG Input                - Registered new binding: Hit with RightFlipper - D
22:56:26.268 [JavaFX Application Thread] DEBUG Input                - Registered new binding: New ball - Space
22:56:26.272 [JavaFX Application Thread] DEBUG Input                - Registered new binding: New Table - N
22:56:26.347 [JavaFX Application Thread] DEBUG GameApplication      - Starting main loop
22:56:26.353 [JavaFX Application Thread] DEBUG StartupState         - STARTUP
22:56:26.354 [JavaFX Application Thread] DEBUG GameApplication      - Starting new game
22:56:26.354 [JavaFX Application Thread] DEBUG Input                - Clearing active input actions
22:56:26.386 [JavaFX Application Thread] DEBUG AppStateMachine      - StartupState -> LoadingState
22:56:26.527 [FXGL Background Thread 1 ] DEBUG InitAppTask          - Clearing previous game
22:56:26.528 [FXGL Background Thread 1 ] DEBUG GameWorld            - Clearing game world
22:56:26.529 [FXGL Background Thread 1 ] DEBUG PhysicsWorld         - Clearing physics world
22:56:26.529 [FXGL Background Thread 1 ] DEBUG GameScene            - Clearing game scene
22:56:26.535 [FXGL Background Thread 1 ] DEBUG InitAppTask          - Initializing Game
22:56:26.842 [FXGL Background Thread 1 ] DEBUG GameScene            - Creating render group for layer: BACKGROUND(1000)
22:56:27.030 [FXGL Background Thread 1 ] DEBUG GameScene            - Creating render group for layer: DEFAULT(100000)
22:56:27.049 [FXGL Background Thread 1 ] DEBUG InitAppTask          - Initializing Physics
22:56:27.053 [FXGL Background Thread 1 ] DEBUG InitAppTask          - Initializing UI
22:56:27.062 [FXGL Background Thread 1 ] DEBUG InitAppTask          - Initialization Complete
22:56:27.064 [FXGL Background Thread 1 ] INFO  InitAppTask          - Game initialization took: 0,537 sec
22:56:27.081 [JavaFX Application Thread] DEBUG Input                - Clearing active input actions
22:56:27.124 [JavaFX Application Thread] DEBUG AppStateMachine      - LoadingState -> PlayState
22:56:32.564 [JavaFX Application Thread] DEBUG AssetLoader          - Loading from cache: /assets/sounds/kickerBumper.wav
22:56:32.980 [JavaFX Application Thread] DEBUG AssetLoader          - Loading from cache: /assets/sounds/kickerBumper.wav
22:56:34.102 [JavaFX Application Thread] DEBUG AssetLoader          - Loading from cache: /assets/sounds/kickerBumper.wav
22:56:36.501 [JavaFX Application Thread] DEBUG AssetLoader          - Loading from cache: /assets/sounds/SpotTarget.wav
22:56:36.501 [JavaFX Application Thread] DEBUG AssetLoader          - Loading from cache: /assets/sounds/Bonus.wav
22:56:36.517 [JavaFX Application Thread] DEBUG AssetLoader          - Loading from cache: /assets/sounds/kickerBumper.wav
22:56:38.452 [JavaFX Application Thread] DEBUG AssetLoader          - Loading from cache: /assets/sounds/kickerBumper.wav
22:56:39.542 [JavaFX Application Thread] DEBUG AssetLoader          - Loading from cache: /assets/sounds/DropTarget.wav
22:56:39.542 [JavaFX Application Thread] DEBUG AssetLoader          - Loading from cache: /assets/sounds/Bonus.wav
22:56:48.149 [JavaFX Application Thread] DEBUG AssetLoader          - Loading from cache: /assets/sounds/DropTarget.wav
22:56:49.412 [JavaFX Application Thread] DEBUG AssetLoader          - Loading from cache: /assets/sounds/kickerBumper.wav
22:56:50.037 [JavaFX Application Thread] DEBUG AssetLoader          - Loading from cache: /assets/sounds/kickerBumper.wav
22:56:50.085 [JavaFX Application Thread] DEBUG AssetLoader          - Loading from cache: /assets/sounds/SpotTarget.wav
22:56:50.086 [JavaFX Application Thread] DEBUG AssetLoader          - Loading from cache: /assets/sounds/Bonus.wav
22:56:50.324 [JavaFX Application Thread] DEBUG AssetLoader          - Loading from cache: /assets/sounds/kickerBumper.wav
22:56:50.836 [JavaFX Application Thread] DEBUG AssetLoader          - Loading from cache: /assets/sounds/SpotTarget.wav
22:56:50.837 [JavaFX Application Thread] DEBUG AssetLoader          - Loading from cache: /assets/sounds/Bonus.wav
22:56:51.317 [JavaFX Application Thread] DEBUG AssetLoader          - Loading from cache: /assets/sounds/kickerBumper.wav
22:56:51.556 [JavaFX Application Thread] DEBUG AssetLoader          - Loading from cache: /assets/sounds/kickerBumper.wav
22:56:51.780 [JavaFX Application Thread] DEBUG AssetLoader          - Loading from cache: /assets/sounds/DisableTarget.wav
22:56:52.037 [JavaFX Application Thread] DEBUG AssetLoader          - Loading from cache: /assets/sounds/kickerBumper.wav
22:56:52.069 [JavaFX Application Thread] DEBUG AssetLoader          - Loading from cache: /assets/sounds/DisableTarget.wav
22:56:52.101 [JavaFX Application Thread] DEBUG AssetLoader          - Loading from cache: /assets/sounds/kickerBumper.wav
22:56:52.373 [JavaFX Application Thread] DEBUG AssetLoader          - Loading from cache: /assets/sounds/DisableTarget.wav
22:56:53.636 [JavaFX Application Thread] DEBUG AssetLoader          - Loading from cache: /assets/sounds/kickerBumper.wav
22:56:53.861 [JavaFX Application Thread] DEBUG AssetLoader          - Loading from cache: /assets/sounds/kickerBumper.wav
22:56:54.372 [JavaFX Application Thread] DEBUG AssetLoader          - Loading from cache: /assets/sounds/kickerBumper.wav
22:56:54.597 [JavaFX Application Thread] DEBUG AssetLoader          - Loading from cache: /assets/sounds/kickerBumper.wav
22:56:57.844 [JavaFX Application Thread] DEBUG AssetLoader          - Loading from cache: /assets/sounds/DisableTarget.wav
22:56:59.108 [JavaFX Application Thread] DEBUG AssetLoader          - Loading from cache: /assets/sounds/kickerBumper.wav
22:56:59.717 [JavaFX Application Thread] DEBUG AssetLoader          - Loading from cache: /assets/sounds/kickerBumper.wav
22:56:59.780 [JavaFX Application Thread] DEBUG AssetLoader          - Loading from cache: /assets/sounds/DisableTarget.wav
22:57:00.020 [JavaFX Application Thread] DEBUG AssetLoader          - Loading from cache: /assets/sounds/kickerBumper.wav
22:57:00.516 [JavaFX Application Thread] DEBUG AssetLoader          - Loading from cache: /assets/sounds/DisableTarget.wav
22:57:01.013 [JavaFX Application Thread] DEBUG AssetLoader          - Loading from cache: /assets/sounds/kickerBumper.wav
22:57:01.236 [JavaFX Application Thread] DEBUG AssetLoader          - Loading from cache: /assets/sounds/kickerBumper.wav
22:57:01.477 [JavaFX Application Thread] DEBUG AssetLoader          - Loading from cache: /assets/sounds/DisableTarget.wav
22:57:01.733 [JavaFX Application Thread] DEBUG AssetLoader          - Loading from cache: /assets/sounds/kickerBumper.wav
22:57:01.764 [JavaFX Application Thread] DEBUG AssetLoader          - Loading from cache: /assets/sounds/DisableTarget.wav
22:57:01.796 [JavaFX Application Thread] DEBUG AssetLoader          - Loading from cache: /assets/sounds/kickerBumper.wav
22:57:02.069 [JavaFX Application Thread] DEBUG AssetLoader          - Loading from cache: /assets/sounds/DisableTarget.wav
22:57:03.269 [JavaFX Application Thread] DEBUG AssetLoader          - Loading from cache: /assets/sounds/kickerBumper.wav
22:57:05.044 [JavaFX Application Thread] DEBUG AssetLoader          - Loading from cache: /assets/sounds/DisableTarget.wav
22:57:08.292 [JavaFX Application Thread] DEBUG AssetLoader          - Loading from cache: /assets/sounds/SpotTarget.wav
22:57:08.292 [JavaFX Application Thread] DEBUG AssetLoader          - Loading from cache: /assets/sounds/Bonus.wav
22:57:08.405 [JavaFX Application Thread] DEBUG AssetLoader          - Loading from cache: /assets/sounds/DropTarget.wav
22:57:08.406 [JavaFX Application Thread] DEBUG AssetLoader          - Loading from cache: /assets/sounds/Bonus.wav
22:57:09.525 [JavaFX Application Thread] DEBUG AssetLoader          - Loading from cache: /assets/sounds/kickerBumper.wav
22:57:09.716 [JavaFX Application Thread] DEBUG AssetLoader          - Loading from cache: /assets/sounds/popBumper.wav
22:57:10.516 [JavaFX Application Thread] DEBUG AssetLoader          - Loading from cache: /assets/sounds/DisableTarget.wav
22:57:11.829 [JavaFX Application Thread] DEBUG AssetLoader          - Loading from cache: /assets/sounds/popBumper.wav
22:57:12.308 [JavaFX Application Thread] DEBUG AssetLoader          - Loading from cache: /assets/sounds/kickerBumper.wav
22:57:14.245 [JavaFX Application Thread] DEBUG AssetLoader          - Loading from cache: /assets/sounds/kickerBumper.wav
22:57:15.860 [JavaFX Application Thread] DEBUG AssetLoader          - Loading from cache: /assets/sounds/popBumper.wav
22:57:16.741 [JavaFX Application Thread] DEBUG AssetLoader          - Loading from cache: /assets/sounds/kickerBumper.wav
22:57:16.980 [JavaFX Application Thread] DEBUG AssetLoader          - Loading from cache: /assets/sounds/DisableTarget.wav
22:57:17.988 [JavaFX Application Thread] DEBUG AssetLoader          - Loading from cache: /assets/sounds/popBumper.wav
22:57:18.325 [JavaFX Application Thread] DEBUG AssetLoader          - Loading from cache: /assets/sounds/DropTarget.wav
22:57:18.692 [JavaFX Application Thread] DEBUG AssetLoader          - Loading from cache: /assets/sounds/kickerBumper.wav
22:57:19.253 [JavaFX Application Thread] DEBUG AssetLoader          - Loading from cache: /assets/sounds/kickerBumper.wav
22:57:19.460 [JavaFX Application Thread] DEBUG AssetLoader          - Loading from cache: /assets/sounds/kickerBumper.wav
22:57:21.973 [JavaFX Application Thread] DEBUG AssetLoader          - Loading from cache: /assets/sounds/DisableTarget.wav
22:57:22.565 [JavaFX Application Thread] DEBUG AssetLoader          - Loading from cache: /assets/sounds/DisableTarget.wav
22:57:22.740 [JavaFX Application Thread] DEBUG AssetLoader          - Loading from cache: /assets/sounds/kickerBumper.wav
22:57:23.844 [JavaFX Application Thread] DEBUG AssetLoader          - Loading from cache: /assets/sounds/DisableTarget.wav
22:57:24.357 [JavaFX Application Thread] DEBUG AssetLoader          - Loading from cache: /assets/sounds/kickerBumper.wav
22:57:25.284 [JavaFX Application Thread] DEBUG AssetLoader          - Loading from cache: /assets/sounds/DisableTarget.wav
22:57:25.285 [JavaFX Application Thread] DEBUG AssetLoader          - Loading from cache: /assets/sounds/Bonus.wav
22:57:25.557 [JavaFX Application Thread] DEBUG AssetLoader          - Loading from cache: /assets/sounds/DisableTarget.wav
22:57:26.324 [JavaFX Application Thread] DEBUG AssetLoader          - Loading from cache: /assets/sounds/popBumper.wav
22:57:26.997 [JavaFX Application Thread] DEBUG AssetLoader          - Loading from cache: /assets/sounds/DisableTarget.wav
22:57:27.764 [JavaFX Application Thread] DEBUG AssetLoader          - Loading from cache: /assets/sounds/kickerBumper.wav
22:57:27.908 [JavaFX Application Thread] DEBUG AssetLoader          - Loading from cache: /assets/sounds/popBumper.wav
22:57:28.580 [JavaFX Application Thread] DEBUG AssetLoader          - Loading from cache: /assets/sounds/kickerBumper.wav
22:57:33.005 [JavaFX Application Thread] DEBUG GameApplication      - Exiting game application
22:57:33.008 [JavaFX Application Thread] DEBUG GameApplication      - Shutting down background threads
22:57:33.009 [JavaFX Application Thread] DEBUG GameApplication      - Exiting FXGL
22:57:33.009 [JavaFX Application Thread] DEBUG FXGL                 - Saving FXGL system data
22:57:33.015 [JavaFX Application Thread] DEBUG DesktopFSService     - Writing to: system\fxgl.bundle
22:57:33.038 [JavaFX Application Thread] DEBUG GameApplication      - Closing logger and exiting JavaFX
