23:03:32.941 [JavaFX Application Thread] DEBUG GameApplication      - Logger initialized
23:03:32.994 [JavaFX Application Thread] DEBUG MainWindow           - Creating a JavaFX scene
23:03:33.547 [JavaFX Application Thread] DEBUG MainWindow           - Target settings size: 700.0 x 600.0
23:03:33.548 [JavaFX Application Thread] DEBUG MainWindow           - Scaled scene size:    700.0 x 600.0
23:03:33.549 [JavaFX Application Thread] DEBUG MainWindow           - Scaled ratio: (1.0, 1.0)
23:03:33.574 [JavaFX Application Thread] DEBUG GameApplication      - Starting FXGL
23:03:33.618 [JavaFX Application Thread] INFO  FXGL                 - FXGL-0.5.2 on DESKTOP
23:03:33.620 [JavaFX Application Thread] INFO  FXGL                 - Source code and latest versions at: https://github.com/AlmasB/FXGL
23:03:33.621 [JavaFX Application Thread] INFO  FXGL                 -              Join the FXGL chat at: https://gitter.im/AlmasB/FXGL
23:03:33.650 [JavaFX Application Thread] DEBUG FS                   - Loaded DesktopFSService
23:03:33.652 [JavaFX Application Thread] DEBUG FXGL                 - Loading FXGL system data
23:03:33.665 [JavaFX Application Thread] DEBUG DesktopFSService     - Reading from: system\fxgl.bundle
23:03:33.688 [JavaFX Application Thread] DEBUG Bundle               - Logging bundle: FXGL
23:03:33.690 [JavaFX Application Thread] DEBUG Bundle               - FXGL.offline.timer.version.check=2018-08-17T16:45:45.901
23:03:33.827 [JavaFX Application Thread] DEBUG GameApplication      - FXGL started
23:03:33.829 [JavaFX Application Thread] DEBUG GameApplication      - Logging game settings
Title: PinBall
Version: 0.1
Width: 700
Height: 600
Fullscreen: false
Intro: false
Menus: false
Profiling: false
Single step:false
App Mode: DEVELOPER
Menu Key: ESCAPE
Stage Style: DECORATED
Scene Factory: class com.almasb.fxgl.scene.SceneFactory
Dialog Factory: class com.almasb.fxgl.ui.FXGLDialogFactory
UI Factory: class com.almasb.fxgl.ui.FXGLUIFactory
Notification Service: class com.almasb.fxgl.gameplay.notification.XboxNotificationView
Exception Handler: class com.almasb.fxgl.app.FXGLExceptionHandler
23:03:33.833 [JavaFX Application Thread] DEBUG GameApplication      - Configuring GameApplication
23:03:33.834 [JavaFX Application Thread] DEBUG GameApplication      - Initializing state machine and application states
23:03:33.896 [JavaFX Application Thread] DEBUG AssetLoader          - Loading from disk: /assets/ui/cursors/fxgl_default.png
23:03:34.002 [JavaFX Application Thread] DEBUG AssetLoader          - Loading from disk: /assets/ui/cursors/fxgl_default.png
23:03:34.094 [JavaFX Application Thread] DEBUG FXGLAssets           - Loading FXGLAssets
23:03:34.238 [JavaFX Application Thread] DEBUG AssetLoader          - Loading from disk: /assets/ui/fonts/VarelaRound-Regular.ttf
23:03:34.592 [JavaFX Application Thread] DEBUG AssetLoader          - Loading from disk: /assets/ui/fonts/lucida_console.ttf
23:03:34.643 [JavaFX Application Thread] DEBUG AssetLoader          - Loading from disk: /assets/ui/css/fxgl_dark.css
23:03:34.772 [JavaFX Application Thread] DEBUG AssetLoader          - Loading from disk: /assets/ui/cursors/fxgl_default.png
23:03:34.961 [JavaFX Application Thread] DEBUG AssetLoader          - Loading from disk: /assets/ui/cursors/fxgl_default.png
23:03:35.107 [JavaFX Application Thread] DEBUG GameScene            - Game scene initialized: 700x600
23:03:35.121 [JavaFX Application Thread] DEBUG GameWorld            - Game world initialized
23:03:35.346 [JavaFX Application Thread] DEBUG PhysicsWorld         - Physics world initialized: appHeight=600, physics.ppm=50,0
23:03:35.439 [JavaFX Application Thread] DEBUG Input                - Registered new binding: Pause - Esc
23:03:35.517 [JavaFX Application Thread] DEBUG Input                - Clearing active input actions
23:03:35.717 [JavaFX Application Thread] DEBUG AppStateMachine      - StartupState -> StartupState
23:03:35.733 [JavaFX Application Thread] INFO  GameApplication      - Game configuration took:  1,899 sec
23:03:35.740 [JavaFX Application Thread] DEBUG AssetLoader          - Loading from disk: /assets/textures/fxgl_icon.png
23:03:35.756 [JavaFX Application Thread] DEBUG MainWindow           - Opening main window
23:03:36.341 [JavaFX Application Thread] DEBUG MainWindow           - Window border size: (6.0, 29.0)
23:03:36.342 [JavaFX Application Thread] DEBUG MainWindow           - Scaled size: 700.0 x 600.0
23:03:36.343 [JavaFX Application Thread] DEBUG MainWindow           - Scaled ratio: (1.0, 1.0)
23:03:36.344 [JavaFX Application Thread] DEBUG MainWindow           - Scene size: 700.0 x 600.0
23:03:36.345 [JavaFX Application Thread] DEBUG MainWindow           - Stage size: 706.0 x 629.0
23:03:36.346 [JavaFX Application Thread] DEBUG GameApplication      - Running preInit()
23:03:36.354 [JavaFX Application Thread] DEBUG Input                - Registered new binding: Screenshot - P
23:03:36.357 [JavaFX Application Thread] DEBUG Input                - Registered new binding: Dev Options - CTRL+0
23:03:36.359 [JavaFX Application Thread] DEBUG Input                - Registered new binding: System info dump - CTRL+9
23:03:36.362 [JavaFX Application Thread] DEBUG Input                - Registered new binding: Restart - CTRL+R
23:03:36.363 [JavaFX Application Thread] DEBUG Input                - Registered new binding: Hit with LeftFlipper - A
23:03:36.364 [JavaFX Application Thread] DEBUG Input                - Registered new binding: Hit with RightFlipper - D
23:03:36.365 [JavaFX Application Thread] DEBUG Input                - Registered new binding: New ball - Space
23:03:36.369 [JavaFX Application Thread] DEBUG Input                - Registered new binding: New Table - N
23:03:36.427 [JavaFX Application Thread] DEBUG GameApplication      - Starting main loop
23:03:36.434 [JavaFX Application Thread] DEBUG StartupState         - STARTUP
23:03:36.435 [JavaFX Application Thread] DEBUG GameApplication      - Starting new game
23:03:36.435 [JavaFX Application Thread] DEBUG Input                - Clearing active input actions
23:03:36.467 [JavaFX Application Thread] DEBUG AppStateMachine      - StartupState -> LoadingState
23:03:36.490 [FXGL Background Thread 1 ] DEBUG InitAppTask          - Clearing previous game
23:03:36.491 [FXGL Background Thread 1 ] DEBUG GameWorld            - Clearing game world
23:03:36.492 [FXGL Background Thread 1 ] DEBUG PhysicsWorld         - Clearing physics world
23:03:36.492 [FXGL Background Thread 1 ] DEBUG GameScene            - Clearing game scene
23:03:36.497 [FXGL Background Thread 1 ] DEBUG InitAppTask          - Initializing Game
23:03:36.782 [FXGL Background Thread 1 ] DEBUG GameScene            - Creating render group for layer: BACKGROUND(1000)
23:03:36.930 [FXGL Background Thread 1 ] DEBUG GameScene            - Creating render group for layer: DEFAULT(100000)
23:03:36.947 [FXGL Background Thread 1 ] DEBUG InitAppTask          - Initializing Physics
23:03:36.952 [FXGL Background Thread 1 ] DEBUG InitAppTask          - Initializing UI
23:03:36.959 [FXGL Background Thread 1 ] DEBUG InitAppTask          - Initialization Complete
23:03:36.960 [FXGL Background Thread 1 ] INFO  InitAppTask          - Game initialization took: 0,470 sec
23:03:36.966 [JavaFX Application Thread] DEBUG Input                - Clearing active input actions
23:03:36.999 [JavaFX Application Thread] DEBUG AppStateMachine      - LoadingState -> PlayState
23:03:38.942 [JavaFX Application Thread] DEBUG AssetLoader          - Loading from cache: /assets/sounds/kickerBumper.wav
23:03:38.990 [JavaFX Application Thread] DEBUG AssetLoader          - Loading from cache: /assets/sounds/kickerBumper.wav
23:03:39.037 [JavaFX Application Thread] DEBUG AssetLoader          - Loading from cache: /assets/sounds/kickerBumper.wav
23:03:39.070 [JavaFX Application Thread] DEBUG AssetLoader          - Loading from cache: /assets/sounds/kickerBumper.wav
23:03:39.118 [JavaFX Application Thread] DEBUG AssetLoader          - Loading from cache: /assets/sounds/kickerBumper.wav
23:03:39.197 [JavaFX Application Thread] DEBUG AssetLoader          - Loading from cache: /assets/sounds/kickerBumper.wav
23:03:40.339 [JavaFX Application Thread] DEBUG AssetLoader          - Loading from cache: /assets/sounds/Bonus.wav
23:03:40.605 [JavaFX Application Thread] DEBUG AssetLoader          - Loading from cache: /assets/sounds/DropTarget.wav
23:03:40.606 [JavaFX Application Thread] DEBUG AssetLoader          - Loading from cache: /assets/sounds/Bonus.wav
23:03:40.613 [JavaFX Application Thread] DEBUG AssetLoader          - Loading from cache: /assets/sounds/Bonus.wav
23:03:40.637 [JavaFX Application Thread] DEBUG AssetLoader          - Loading from cache: /assets/sounds/kickerBumper.wav
23:03:40.924 [JavaFX Application Thread] DEBUG AssetLoader          - Loading from cache: /assets/sounds/SpotTarget.wav
23:03:40.924 [JavaFX Application Thread] DEBUG AssetLoader          - Loading from cache: /assets/sounds/Bonus.wav
23:03:41.804 [JavaFX Application Thread] FATAL GameApplication      - Uncaught Exception:

Fatal exception occurred: java.lang.NullPointerException : null
E: com.almasb.fxgl.physics.box2d.dynamics.Fixture.getProxyId(Fixture.java:263)
E: com.almasb.fxgl.physics.box2d.dynamics.Fixture.testProxyOverlap(Fixture.java:257)
E: com.almasb.fxgl.physics.box2d.dynamics.ContactManager.collide(ContactManager.java:264)
E: com.almasb.fxgl.physics.box2d.dynamics.World.step(World.java:303)
E: com.almasb.fxgl.physics.PhysicsWorld.onUpdate(PhysicsWorld.java:232)
E: com.almasb.fxgl.app.PlayState.onUpdate(AppStates.kt:237)
E: com.almasb.fxgl.app.State.update(State.java:73)
E: com.almasb.fxgl.app.AppStateMachine.onUpdate(AppStateMachine.java:100)
E: com.almasb.fxgl.app.GameApplication.stepLoop(GameApplication.java:382)
E: com.almasb.fxgl.app.GameApplication$2.handle(GameApplication.java:348)
E: javafx.animation.AnimationTimer$AnimationTimerReceiver.lambda$handle$484(AnimationTimer.java:57)
E: java.security.AccessController.doPrivileged(Native Method)
E: javafx.animation.AnimationTimer$AnimationTimerReceiver.handle(AnimationTimer.java:56)
E: com.sun.scenario.animation.AbstractMasterTimer.timePulseImpl(AbstractMasterTimer.java:357)
E: com.sun.scenario.animation.AbstractMasterTimer$MainLoop.run(AbstractMasterTimer.java:267)
E: com.sun.javafx.tk.quantum.QuantumToolkit.pulse(QuantumToolkit.java:506)
E: com.sun.javafx.tk.quantum.QuantumToolkit.pulse(QuantumToolkit.java:490)
E: com.sun.javafx.tk.quantum.QuantumToolkit.lambda$runToolkit$404(QuantumToolkit.java:319)
E: com.sun.glass.ui.InvokeLaterDispatcher$Future.run(InvokeLaterDispatcher.java:95)
E: com.sun.glass.ui.win.WinApplication._runLoop(Native Method)
E: com.sun.glass.ui.win.WinApplication.lambda$null$148(WinApplication.java:191)
E: java.lang.Thread.run(Thread.java:745)

23:03:41.805 [JavaFX Application Thread] FATAL GameApplication      - Application will now exit
23:03:41.806 [JavaFX Application Thread] DEBUG GameApplication      - Stopping main loop
23:03:44.474 [JavaFX Application Thread] DEBUG GameApplication      - Exiting game application
23:03:44.477 [JavaFX Application Thread] DEBUG GameApplication      - Shutting down background threads
23:03:44.478 [JavaFX Application Thread] DEBUG GameApplication      - Exiting FXGL
23:03:44.479 [JavaFX Application Thread] DEBUG FXGL                 - Saving FXGL system data
23:03:44.487 [JavaFX Application Thread] DEBUG DesktopFSService     - Writing to: system\fxgl.bundle
23:03:44.500 [JavaFX Application Thread] DEBUG GameApplication      - Closing logger and exiting JavaFX
