04:49:39.348 [JavaFX Application Thread] DEBUG GameApplication      - Logger initialized
04:49:39.416 [JavaFX Application Thread] DEBUG MainWindow           - Creating a JavaFX scene
04:49:39.950 [JavaFX Application Thread] DEBUG MainWindow           - Target settings size: 700.0 x 600.0
04:49:39.951 [JavaFX Application Thread] DEBUG MainWindow           - Scaled scene size:    700.0 x 600.0
04:49:39.952 [JavaFX Application Thread] DEBUG MainWindow           - Scaled ratio: (1.0, 1.0)
04:49:39.980 [JavaFX Application Thread] DEBUG GameApplication      - Starting FXGL
04:49:40.034 [JavaFX Application Thread] INFO  FXGL                 - FXGL-0.5.2 on DESKTOP
04:49:40.035 [JavaFX Application Thread] INFO  FXGL                 - Source code and latest versions at: https://github.com/AlmasB/FXGL
04:49:40.037 [JavaFX Application Thread] INFO  FXGL                 -              Join the FXGL chat at: https://gitter.im/AlmasB/FXGL
04:49:40.071 [JavaFX Application Thread] DEBUG FS                   - Loaded DesktopFSService
04:49:40.072 [JavaFX Application Thread] DEBUG FXGL                 - Loading FXGL system data
04:49:40.098 [JavaFX Application Thread] DEBUG DesktopFSService     - Reading from: system\fxgl.bundle
04:49:40.136 [JavaFX Application Thread] DEBUG Bundle               - Logging bundle: FXGL
04:49:40.138 [JavaFX Application Thread] DEBUG Bundle               - FXGL.offline.timer.version.check=2018-08-17T16:45:45.901
04:49:40.280 [JavaFX Application Thread] DEBUG GameApplication      - FXGL started
04:49:40.282 [JavaFX Application Thread] DEBUG GameApplication      - Logging game settings
Title: PinBall
Version: 0.1
Width: 700
Height: 600
Fullscreen: false
Intro: false
Menus: false
Profiling: false
Single step:false
App Mode: DEVELOPER
Menu Key: ESCAPE
Stage Style: DECORATED
Scene Factory: class com.almasb.fxgl.scene.SceneFactory
Dialog Factory: class com.almasb.fxgl.ui.FXGLDialogFactory
UI Factory: class com.almasb.fxgl.ui.FXGLUIFactory
Notification Service: class com.almasb.fxgl.gameplay.notification.XboxNotificationView
Exception Handler: class com.almasb.fxgl.app.FXGLExceptionHandler
04:49:40.286 [JavaFX Application Thread] DEBUG GameApplication      - Configuring GameApplication
04:49:40.287 [JavaFX Application Thread] DEBUG GameApplication      - Initializing state machine and application states
04:49:40.361 [JavaFX Application Thread] DEBUG AssetLoader          - Loading from disk: /assets/ui/cursors/fxgl_default.png
04:49:40.460 [JavaFX Application Thread] DEBUG AssetLoader          - Loading from disk: /assets/ui/cursors/fxgl_default.png
04:49:40.563 [JavaFX Application Thread] DEBUG FXGLAssets           - Loading FXGLAssets
04:49:40.736 [JavaFX Application Thread] DEBUG AssetLoader          - Loading from disk: /assets/ui/fonts/VarelaRound-Regular.ttf
04:49:41.152 [JavaFX Application Thread] DEBUG AssetLoader          - Loading from disk: /assets/ui/fonts/lucida_console.ttf
04:49:41.218 [JavaFX Application Thread] DEBUG AssetLoader          - Loading from disk: /assets/ui/css/fxgl_dark.css
04:49:41.379 [JavaFX Application Thread] DEBUG AssetLoader          - Loading from disk: /assets/ui/cursors/fxgl_default.png
04:49:41.533 [JavaFX Application Thread] DEBUG AssetLoader          - Loading from disk: /assets/ui/cursors/fxgl_default.png
04:49:41.670 [JavaFX Application Thread] DEBUG GameScene            - Game scene initialized: 700x600
04:49:41.684 [JavaFX Application Thread] DEBUG GameWorld            - Game world initialized
04:49:41.899 [JavaFX Application Thread] DEBUG PhysicsWorld         - Physics world initialized: appHeight=600, physics.ppm=50,0
04:49:42.005 [JavaFX Application Thread] DEBUG Input                - Registered new binding: Pause - Esc
04:49:42.081 [JavaFX Application Thread] DEBUG Input                - Clearing active input actions
04:49:42.275 [JavaFX Application Thread] DEBUG AppStateMachine      - StartupState -> StartupState
04:49:42.293 [JavaFX Application Thread] INFO  GameApplication      - Game configuration took:  2,006 sec
04:49:42.304 [JavaFX Application Thread] DEBUG AssetLoader          - Loading from disk: /assets/textures/fxgl_icon.png
04:49:42.322 [JavaFX Application Thread] DEBUG MainWindow           - Opening main window
04:49:43.005 [JavaFX Application Thread] DEBUG MainWindow           - Window border size: (6.0, 29.0)
04:49:43.006 [JavaFX Application Thread] DEBUG MainWindow           - Scaled size: 700.0 x 600.0
04:49:43.007 [JavaFX Application Thread] DEBUG MainWindow           - Scaled ratio: (1.0, 1.0)
04:49:43.007 [JavaFX Application Thread] DEBUG MainWindow           - Scene size: 700.0 x 600.0
04:49:43.008 [JavaFX Application Thread] DEBUG MainWindow           - Stage size: 706.0 x 629.0
04:49:43.009 [JavaFX Application Thread] DEBUG GameApplication      - Running preInit()
04:49:43.018 [JavaFX Application Thread] DEBUG Input                - Registered new binding: Screenshot - P
04:49:43.020 [JavaFX Application Thread] DEBUG Input                - Registered new binding: Dev Options - CTRL+0
04:49:43.021 [JavaFX Application Thread] DEBUG Input                - Registered new binding: System info dump - CTRL+9
04:49:43.023 [JavaFX Application Thread] DEBUG Input                - Registered new binding: Restart - CTRL+R
04:49:43.024 [JavaFX Application Thread] DEBUG Input                - Registered new binding: Hit with LeftFlipper - A
04:49:43.024 [JavaFX Application Thread] DEBUG Input                - Registered new binding: Hit with RightFlipper - D
04:49:43.025 [JavaFX Application Thread] DEBUG Input                - Registered new binding: New ball - Space
04:49:43.028 [JavaFX Application Thread] DEBUG Input                - Registered new binding: New Table - N
04:49:43.084 [JavaFX Application Thread] DEBUG GameApplication      - Starting main loop
04:49:43.089 [JavaFX Application Thread] DEBUG StartupState         - STARTUP
04:49:43.090 [JavaFX Application Thread] DEBUG GameApplication      - Starting new game
04:49:43.091 [JavaFX Application Thread] DEBUG Input                - Clearing active input actions
04:49:43.120 [JavaFX Application Thread] DEBUG AppStateMachine      - StartupState -> LoadingState
04:49:43.143 [FXGL Background Thread 1 ] DEBUG InitAppTask          - Clearing previous game
04:49:43.144 [FXGL Background Thread 1 ] DEBUG GameWorld            - Clearing game world
04:49:43.145 [FXGL Background Thread 1 ] DEBUG PhysicsWorld         - Clearing physics world
04:49:43.145 [FXGL Background Thread 1 ] DEBUG GameScene            - Clearing game scene
04:49:43.151 [FXGL Background Thread 1 ] DEBUG InitAppTask          - Initializing Game
04:49:43.423 [FXGL Background Thread 1 ] DEBUG GameScene            - Creating render group for layer: BACKGROUND(1000)
04:49:43.554 [FXGL Background Thread 1 ] DEBUG GameScene            - Creating render group for layer: DEFAULT(100000)
04:49:43.569 [FXGL Background Thread 1 ] DEBUG InitAppTask          - Initializing Physics
04:49:43.573 [FXGL Background Thread 1 ] DEBUG InitAppTask          - Initializing UI
04:49:43.581 [FXGL Background Thread 1 ] DEBUG InitAppTask          - Initialization Complete
04:49:43.582 [FXGL Background Thread 1 ] INFO  InitAppTask          - Game initialization took: 0,439 sec
04:49:43.590 [JavaFX Application Thread] DEBUG Input                - Clearing active input actions
04:49:43.619 [JavaFX Application Thread] DEBUG AppStateMachine      - LoadingState -> PlayState
04:50:00.681 [JavaFX Application Thread] DEBUG GameApplication      - Exiting game application
04:50:00.685 [JavaFX Application Thread] DEBUG GameApplication      - Shutting down background threads
04:50:00.687 [JavaFX Application Thread] DEBUG GameApplication      - Exiting FXGL
04:50:00.687 [JavaFX Application Thread] DEBUG FXGL                 - Saving FXGL system data
04:50:00.699 [JavaFX Application Thread] DEBUG DesktopFSService     - Writing to: system\fxgl.bundle
04:50:00.720 [JavaFX Application Thread] DEBUG GameApplication      - Closing logger and exiting JavaFX
