04:50:54.795 [JavaFX Application Thread] DEBUG GameApplication      - Logger initialized
04:50:54.856 [JavaFX Application Thread] DEBUG MainWindow           - Creating a JavaFX scene
04:50:55.443 [JavaFX Application Thread] DEBUG MainWindow           - Target settings size: 700.0 x 600.0
04:50:55.444 [JavaFX Application Thread] DEBUG MainWindow           - Scaled scene size:    700.0 x 600.0
04:50:55.445 [JavaFX Application Thread] DEBUG MainWindow           - Scaled ratio: (1.0, 1.0)
04:50:55.468 [JavaFX Application Thread] DEBUG GameApplication      - Starting FXGL
04:50:55.517 [JavaFX Application Thread] INFO  FXGL                 - FXGL-0.5.2 on DESKTOP
04:50:55.518 [JavaFX Application Thread] INFO  FXGL                 - Source code and latest versions at: https://github.com/AlmasB/FXGL
04:50:55.519 [JavaFX Application Thread] INFO  FXGL                 -              Join the FXGL chat at: https://gitter.im/AlmasB/FXGL
04:50:55.548 [JavaFX Application Thread] DEBUG FS                   - Loaded DesktopFSService
04:50:55.550 [JavaFX Application Thread] DEBUG FXGL                 - Loading FXGL system data
04:50:55.563 [JavaFX Application Thread] DEBUG DesktopFSService     - Reading from: system\fxgl.bundle
04:50:55.588 [JavaFX Application Thread] DEBUG Bundle               - Logging bundle: FXGL
04:50:55.591 [JavaFX Application Thread] DEBUG Bundle               - FXGL.offline.timer.version.check=2018-08-17T16:45:45.901
04:50:55.718 [JavaFX Application Thread] DEBUG GameApplication      - FXGL started
04:50:55.719 [JavaFX Application Thread] DEBUG GameApplication      - Logging game settings
Title: PinBall
Version: 0.1
Width: 700
Height: 600
Fullscreen: false
Intro: false
Menus: false
Profiling: false
Single step:false
App Mode: DEVELOPER
Menu Key: ESCAPE
Stage Style: DECORATED
Scene Factory: class com.almasb.fxgl.scene.SceneFactory
Dialog Factory: class com.almasb.fxgl.ui.FXGLDialogFactory
UI Factory: class com.almasb.fxgl.ui.FXGLUIFactory
Notification Service: class com.almasb.fxgl.gameplay.notification.XboxNotificationView
Exception Handler: class com.almasb.fxgl.app.FXGLExceptionHandler
04:50:55.722 [JavaFX Application Thread] DEBUG GameApplication      - Configuring GameApplication
04:50:55.723 [JavaFX Application Thread] DEBUG GameApplication      - Initializing state machine and application states
04:50:55.780 [JavaFX Application Thread] DEBUG AssetLoader          - Loading from disk: /assets/ui/cursors/fxgl_default.png
04:50:55.883 [JavaFX Application Thread] DEBUG AssetLoader          - Loading from disk: /assets/ui/cursors/fxgl_default.png
04:50:55.993 [JavaFX Application Thread] DEBUG FXGLAssets           - Loading FXGLAssets
04:50:56.132 [JavaFX Application Thread] DEBUG AssetLoader          - Loading from disk: /assets/ui/fonts/VarelaRound-Regular.ttf
04:50:56.500 [JavaFX Application Thread] DEBUG AssetLoader          - Loading from disk: /assets/ui/fonts/lucida_console.ttf
04:50:56.547 [JavaFX Application Thread] DEBUG AssetLoader          - Loading from disk: /assets/ui/css/fxgl_dark.css
04:50:56.686 [JavaFX Application Thread] DEBUG AssetLoader          - Loading from disk: /assets/ui/cursors/fxgl_default.png
04:50:56.850 [JavaFX Application Thread] DEBUG AssetLoader          - Loading from disk: /assets/ui/cursors/fxgl_default.png
04:50:56.982 [JavaFX Application Thread] DEBUG GameScene            - Game scene initialized: 700x600
04:50:56.997 [JavaFX Application Thread] DEBUG GameWorld            - Game world initialized
04:50:57.223 [JavaFX Application Thread] DEBUG PhysicsWorld         - Physics world initialized: appHeight=600, physics.ppm=50,0
04:50:57.317 [JavaFX Application Thread] DEBUG Input                - Registered new binding: Pause - Esc
04:50:57.394 [JavaFX Application Thread] DEBUG Input                - Clearing active input actions
04:50:57.626 [JavaFX Application Thread] DEBUG AppStateMachine      - StartupState -> StartupState
04:50:57.644 [JavaFX Application Thread] INFO  GameApplication      - Game configuration took:  1,921 sec
04:50:57.653 [JavaFX Application Thread] DEBUG AssetLoader          - Loading from disk: /assets/textures/fxgl_icon.png
04:50:57.669 [JavaFX Application Thread] DEBUG MainWindow           - Opening main window
04:50:58.252 [JavaFX Application Thread] DEBUG MainWindow           - Window border size: (6.0, 29.0)
04:50:58.253 [JavaFX Application Thread] DEBUG MainWindow           - Scaled size: 700.0 x 600.0
04:50:58.254 [JavaFX Application Thread] DEBUG MainWindow           - Scaled ratio: (1.0, 1.0)
04:50:58.255 [JavaFX Application Thread] DEBUG MainWindow           - Scene size: 700.0 x 600.0
04:50:58.256 [JavaFX Application Thread] DEBUG MainWindow           - Stage size: 706.0 x 629.0
04:50:58.256 [JavaFX Application Thread] DEBUG GameApplication      - Running preInit()
04:50:58.264 [JavaFX Application Thread] DEBUG Input                - Registered new binding: Screenshot - P
04:50:58.267 [JavaFX Application Thread] DEBUG Input                - Registered new binding: Dev Options - CTRL+0
04:50:58.269 [JavaFX Application Thread] DEBUG Input                - Registered new binding: System info dump - CTRL+9
04:50:58.271 [JavaFX Application Thread] DEBUG Input                - Registered new binding: Restart - CTRL+R
04:50:58.272 [JavaFX Application Thread] DEBUG Input                - Registered new binding: Hit with LeftFlipper - A
04:50:58.273 [JavaFX Application Thread] DEBUG Input                - Registered new binding: Hit with RightFlipper - D
04:50:58.273 [JavaFX Application Thread] DEBUG Input                - Registered new binding: New ball - Space
04:50:58.278 [JavaFX Application Thread] DEBUG Input                - Registered new binding: New Table - N
04:50:58.350 [JavaFX Application Thread] DEBUG GameApplication      - Starting main loop
04:50:58.358 [JavaFX Application Thread] DEBUG StartupState         - STARTUP
04:50:58.359 [JavaFX Application Thread] DEBUG GameApplication      - Starting new game
04:50:58.360 [JavaFX Application Thread] DEBUG Input                - Clearing active input actions
04:50:58.394 [JavaFX Application Thread] DEBUG AppStateMachine      - StartupState -> LoadingState
04:50:58.419 [FXGL Background Thread 1 ] DEBUG InitAppTask          - Clearing previous game
04:50:58.420 [FXGL Background Thread 1 ] DEBUG GameWorld            - Clearing game world
04:50:58.421 [FXGL Background Thread 1 ] DEBUG PhysicsWorld         - Clearing physics world
04:50:58.422 [FXGL Background Thread 1 ] DEBUG GameScene            - Clearing game scene
04:50:58.427 [FXGL Background Thread 1 ] DEBUG InitAppTask          - Initializing Game
04:50:58.710 [FXGL Background Thread 1 ] DEBUG GameScene            - Creating render group for layer: BACKGROUND(1000)
04:50:58.881 [FXGL Background Thread 1 ] DEBUG GameScene            - Creating render group for layer: DEFAULT(100000)
04:50:58.899 [FXGL Background Thread 1 ] DEBUG InitAppTask          - Initializing Physics
04:50:58.903 [FXGL Background Thread 1 ] DEBUG InitAppTask          - Initializing UI
04:50:58.911 [FXGL Background Thread 1 ] DEBUG InitAppTask          - Initialization Complete
04:50:58.913 [FXGL Background Thread 1 ] INFO  InitAppTask          - Game initialization took: 0,493 sec
04:50:58.918 [JavaFX Application Thread] DEBUG Input                - Clearing active input actions
04:50:58.950 [JavaFX Application Thread] DEBUG AppStateMachine      - LoadingState -> PlayState
04:52:32.012 [JavaFX Application Thread] DEBUG GameApplication      - Exiting game application
04:52:32.015 [JavaFX Application Thread] DEBUG GameApplication      - Shutting down background threads
04:52:32.016 [JavaFX Application Thread] DEBUG GameApplication      - Exiting FXGL
04:52:32.016 [JavaFX Application Thread] DEBUG FXGL                 - Saving FXGL system data
04:52:32.023 [JavaFX Application Thread] DEBUG DesktopFSService     - Writing to: system\fxgl.bundle
04:52:32.046 [JavaFX Application Thread] DEBUG GameApplication      - Closing logger and exiting JavaFX
