21:07:58.133 [JavaFX Application Thread] DEBUG GameApplication      - Logger initialized
21:07:58.182 [JavaFX Application Thread] DEBUG MainWindow           - Creating a JavaFX scene
21:07:58.552 [JavaFX Application Thread] DEBUG MainWindow           - Target settings size: 500.0 x 600.0
21:07:58.553 [JavaFX Application Thread] DEBUG MainWindow           - Scaled scene size:    500.0 x 600.0
21:07:58.554 [JavaFX Application Thread] DEBUG MainWindow           - Scaled ratio: (1.0, 1.0)
21:07:58.573 [JavaFX Application Thread] DEBUG GameApplication      - Starting FXGL
21:07:58.607 [JavaFX Application Thread] INFO  FXGL                 - FXGL-0.5.2 on DESKTOP
21:07:58.608 [JavaFX Application Thread] INFO  FXGL                 - Source code and latest versions at: https://github.com/AlmasB/FXGL
21:07:58.609 [JavaFX Application Thread] INFO  FXGL                 -              Join the FXGL chat at: https://gitter.im/AlmasB/FXGL
21:07:58.628 [JavaFX Application Thread] DEBUG FS                   - Loaded DesktopFSService
21:07:58.629 [JavaFX Application Thread] DEBUG FXGL                 - Loading FXGL system data
21:07:58.646 [JavaFX Application Thread] DEBUG DesktopFSService     - Reading from: system\fxgl.bundle
21:07:58.672 [JavaFX Application Thread] DEBUG Bundle               - Logging bundle: FXGL
21:07:58.674 [JavaFX Application Thread] DEBUG Bundle               - FXGL.offline.timer.version.check=2018-08-10T04:24:54.913
21:07:58.767 [JavaFX Application Thread] DEBUG GameApplication      - FXGL started
21:07:58.768 [JavaFX Application Thread] DEBUG GameApplication      - Logging game settings
Title: PinBall
Version: 0.1
Width: 500
Height: 600
Fullscreen: false
Intro: false
Menus: false
Profiling: false
Single step:false
App Mode: DEVELOPER
Menu Key: ESCAPE
Stage Style: DECORATED
Scene Factory: class com.almasb.fxgl.scene.SceneFactory
Dialog Factory: class com.almasb.fxgl.ui.FXGLDialogFactory
UI Factory: class com.almasb.fxgl.ui.FXGLUIFactory
Notification Service: class com.almasb.fxgl.gameplay.notification.XboxNotificationView
Exception Handler: class com.almasb.fxgl.app.FXGLExceptionHandler
21:07:58.770 [JavaFX Application Thread] DEBUG GameApplication      - Configuring GameApplication
21:07:58.771 [JavaFX Application Thread] DEBUG GameApplication      - Initializing state machine and application states
21:07:58.876 [JavaFX Application Thread] DEBUG AssetLoader          - Loading from disk: /assets/ui/cursors/fxgl_default.png
21:07:58.948 [JavaFX Application Thread] DEBUG AssetLoader          - Loading from disk: /assets/ui/cursors/fxgl_default.png
21:07:59.025 [JavaFX Application Thread] DEBUG FXGLAssets           - Loading FXGLAssets
21:07:59.129 [JavaFX Application Thread] DEBUG AssetLoader          - Loading from disk: /assets/ui/fonts/VarelaRound-Regular.ttf
21:07:59.441 [JavaFX Application Thread] DEBUG AssetLoader          - Loading from disk: /assets/ui/fonts/lucida_console.ttf
21:07:59.469 [JavaFX Application Thread] DEBUG AssetLoader          - Loading from disk: /assets/ui/css/fxgl_dark.css
21:07:59.571 [JavaFX Application Thread] DEBUG AssetLoader          - Loading from disk: /assets/ui/cursors/fxgl_default.png
21:07:59.675 [JavaFX Application Thread] DEBUG AssetLoader          - Loading from disk: /assets/ui/cursors/fxgl_default.png
21:07:59.763 [JavaFX Application Thread] DEBUG GameScene            - Game scene initialized: 500x600
21:07:59.772 [JavaFX Application Thread] DEBUG GameWorld            - Game world initialized
21:07:59.929 [JavaFX Application Thread] DEBUG PhysicsWorld         - Physics world initialized: appHeight=600, physics.ppm=50,0
21:08:00.007 [JavaFX Application Thread] DEBUG Input                - Registered new binding: Pause - Esc
21:08:00.063 [JavaFX Application Thread] DEBUG Input                - Clearing active input actions
21:08:00.188 [JavaFX Application Thread] DEBUG AppStateMachine      - StartupState -> StartupState
21:08:00.197 [JavaFX Application Thread] INFO  GameApplication      - Game configuration took:  1,426 sec
21:08:00.202 [JavaFX Application Thread] DEBUG AssetLoader          - Loading from disk: /assets/textures/fxgl_icon.png
21:08:00.214 [JavaFX Application Thread] DEBUG MainWindow           - Opening main window
21:08:00.605 [JavaFX Application Thread] DEBUG MainWindow           - Window border size: (6.0, 29.0)
21:08:00.606 [JavaFX Application Thread] DEBUG MainWindow           - Scaled size: 500.0 x 600.0
21:08:00.607 [JavaFX Application Thread] DEBUG MainWindow           - Scaled ratio: (1.0, 1.0)
21:08:00.607 [JavaFX Application Thread] DEBUG MainWindow           - Scene size: 500.0 x 600.0
21:08:00.608 [JavaFX Application Thread] DEBUG MainWindow           - Stage size: 506.0 x 629.0
21:08:00.608 [JavaFX Application Thread] DEBUG GameApplication      - Running preInit()
21:08:00.614 [JavaFX Application Thread] DEBUG Input                - Registered new binding: Screenshot - P
21:08:00.616 [JavaFX Application Thread] DEBUG Input                - Registered new binding: Dev Options - CTRL+0
21:08:00.618 [JavaFX Application Thread] DEBUG Input                - Registered new binding: System info dump - CTRL+9
21:08:00.619 [JavaFX Application Thread] DEBUG Input                - Registered new binding: Restart - CTRL+R
21:08:00.620 [JavaFX Application Thread] DEBUG Input                - Registered new binding: Move Right - D
21:08:00.658 [JavaFX Application Thread] DEBUG GameApplication      - Starting main loop
21:08:00.663 [JavaFX Application Thread] DEBUG StartupState         - STARTUP
21:08:00.663 [JavaFX Application Thread] DEBUG GameApplication      - Starting new game
21:08:00.663 [JavaFX Application Thread] DEBUG Input                - Clearing active input actions
21:08:00.681 [JavaFX Application Thread] DEBUG AppStateMachine      - StartupState -> LoadingState
21:08:00.692 [FXGL Background Thread 1 ] DEBUG InitAppTask          - Clearing previous game
21:08:00.693 [FXGL Background Thread 1 ] DEBUG GameWorld            - Clearing game world
21:08:00.693 [FXGL Background Thread 1 ] DEBUG PhysicsWorld         - Clearing physics world
21:08:00.693 [FXGL Background Thread 1 ] DEBUG GameScene            - Clearing game scene
21:08:00.696 [FXGL Background Thread 1 ] DEBUG InitAppTask          - Initializing Game
21:08:00.872 [FXGL Background Thread 1 ] DEBUG GameScene            - Creating render group for layer: BACKGROUND(1000)
21:08:00.879 [FXGL Background Thread 1 ] DEBUG GameScene            - Creating render group for layer: DEFAULT(100000)
21:08:00.977 [FXGL Background Thread 1 ] DEBUG InitAppTask          - Initializing Physics
21:08:00.979 [FXGL Background Thread 1 ] DEBUG InitAppTask          - Initializing UI
21:08:00.980 [FXGL Background Thread 1 ] DEBUG InitAppTask          - Initialization Complete
21:08:00.981 [FXGL Background Thread 1 ] INFO  InitAppTask          - Game initialization took: 0,288 sec
21:08:00.990 [JavaFX Application Thread] DEBUG Input                - Clearing active input actions
21:08:01.012 [JavaFX Application Thread] DEBUG AppStateMachine      - LoadingState -> PlayState
21:08:05.907 [JavaFX Application Thread] DEBUG GameApplication      - Exiting game application
21:08:05.909 [JavaFX Application Thread] DEBUG GameApplication      - Shutting down background threads
21:08:05.910 [JavaFX Application Thread] DEBUG GameApplication      - Exiting FXGL
21:08:05.911 [JavaFX Application Thread] DEBUG FXGL                 - Saving FXGL system data
21:08:05.919 [JavaFX Application Thread] DEBUG DesktopFSService     - Writing to: system\fxgl.bundle
21:08:05.932 [JavaFX Application Thread] DEBUG GameApplication      - Closing logger and exiting JavaFX
