22:59:08.936 [JavaFX Application Thread] DEBUG GameApplication      - Logger initialized
22:59:09.043 [JavaFX Application Thread] DEBUG MainWindow           - Creating a JavaFX scene
22:59:09.625 [JavaFX Application Thread] DEBUG MainWindow           - Target settings size: 700.0 x 600.0
22:59:09.626 [JavaFX Application Thread] DEBUG MainWindow           - Scaled scene size:    700.0 x 600.0
22:59:09.627 [JavaFX Application Thread] DEBUG MainWindow           - Scaled ratio: (1.0, 1.0)
22:59:09.654 [JavaFX Application Thread] DEBUG GameApplication      - Starting FXGL
22:59:09.703 [JavaFX Application Thread] INFO  FXGL                 - FXGL-0.5.2 on DESKTOP
22:59:09.705 [JavaFX Application Thread] INFO  FXGL                 - Source code and latest versions at: https://github.com/AlmasB/FXGL
22:59:09.706 [JavaFX Application Thread] INFO  FXGL                 -              Join the FXGL chat at: https://gitter.im/AlmasB/FXGL
22:59:09.740 [JavaFX Application Thread] DEBUG FS                   - Loaded DesktopFSService
22:59:09.742 [JavaFX Application Thread] DEBUG FXGL                 - Loading FXGL system data
22:59:09.760 [JavaFX Application Thread] DEBUG DesktopFSService     - Reading from: system\fxgl.bundle
22:59:09.792 [JavaFX Application Thread] DEBUG Bundle               - Logging bundle: FXGL
22:59:09.795 [JavaFX Application Thread] DEBUG Bundle               - FXGL.offline.timer.version.check=2018-08-17T16:45:45.901
22:59:09.962 [JavaFX Application Thread] DEBUG GameApplication      - FXGL started
22:59:09.964 [JavaFX Application Thread] DEBUG GameApplication      - Logging game settings
Title: PinBall
Version: 0.1
Width: 700
Height: 600
Fullscreen: false
Intro: false
Menus: false
Profiling: false
Single step:false
App Mode: DEVELOPER
Menu Key: ESCAPE
Stage Style: DECORATED
Scene Factory: class com.almasb.fxgl.scene.SceneFactory
Dialog Factory: class com.almasb.fxgl.ui.FXGLDialogFactory
UI Factory: class com.almasb.fxgl.ui.FXGLUIFactory
Notification Service: class com.almasb.fxgl.gameplay.notification.XboxNotificationView
Exception Handler: class com.almasb.fxgl.app.FXGLExceptionHandler
22:59:09.967 [JavaFX Application Thread] DEBUG GameApplication      - Configuring GameApplication
22:59:09.968 [JavaFX Application Thread] DEBUG GameApplication      - Initializing state machine and application states
22:59:10.031 [JavaFX Application Thread] DEBUG AssetLoader          - Loading from disk: /assets/ui/cursors/fxgl_default.png
22:59:10.138 [JavaFX Application Thread] DEBUG AssetLoader          - Loading from disk: /assets/ui/cursors/fxgl_default.png
22:59:10.238 [JavaFX Application Thread] DEBUG FXGLAssets           - Loading FXGLAssets
22:59:10.399 [JavaFX Application Thread] DEBUG AssetLoader          - Loading from disk: /assets/ui/fonts/VarelaRound-Regular.ttf
22:59:10.780 [JavaFX Application Thread] DEBUG AssetLoader          - Loading from disk: /assets/ui/fonts/lucida_console.ttf
22:59:10.835 [JavaFX Application Thread] DEBUG AssetLoader          - Loading from disk: /assets/ui/css/fxgl_dark.css
22:59:10.991 [JavaFX Application Thread] DEBUG AssetLoader          - Loading from disk: /assets/ui/cursors/fxgl_default.png
22:59:11.189 [JavaFX Application Thread] DEBUG AssetLoader          - Loading from disk: /assets/ui/cursors/fxgl_default.png
22:59:11.370 [JavaFX Application Thread] DEBUG GameScene            - Game scene initialized: 700x600
22:59:11.387 [JavaFX Application Thread] DEBUG GameWorld            - Game world initialized
22:59:11.726 [JavaFX Application Thread] DEBUG PhysicsWorld         - Physics world initialized: appHeight=600, physics.ppm=50,0
22:59:11.889 [JavaFX Application Thread] DEBUG Input                - Registered new binding: Pause - Esc
22:59:12.001 [JavaFX Application Thread] DEBUG Input                - Clearing active input actions
22:59:12.244 [JavaFX Application Thread] DEBUG AppStateMachine      - StartupState -> StartupState
22:59:12.268 [JavaFX Application Thread] INFO  GameApplication      - Game configuration took:  2,299 sec
22:59:12.278 [JavaFX Application Thread] DEBUG AssetLoader          - Loading from disk: /assets/textures/fxgl_icon.png
22:59:12.299 [JavaFX Application Thread] DEBUG MainWindow           - Opening main window
22:59:12.964 [JavaFX Application Thread] DEBUG MainWindow           - Window border size: (6.0, 29.0)
22:59:12.965 [JavaFX Application Thread] DEBUG MainWindow           - Scaled size: 700.0 x 600.0
22:59:12.966 [JavaFX Application Thread] DEBUG MainWindow           - Scaled ratio: (1.0, 1.0)
22:59:12.967 [JavaFX Application Thread] DEBUG MainWindow           - Scene size: 700.0 x 600.0
22:59:12.967 [JavaFX Application Thread] DEBUG MainWindow           - Stage size: 706.0 x 629.0
22:59:12.968 [JavaFX Application Thread] DEBUG GameApplication      - Running preInit()
22:59:12.977 [JavaFX Application Thread] DEBUG Input                - Registered new binding: Screenshot - P
22:59:12.979 [JavaFX Application Thread] DEBUG Input                - Registered new binding: Dev Options - CTRL+0
22:59:12.982 [JavaFX Application Thread] DEBUG Input                - Registered new binding: System info dump - CTRL+9
22:59:12.984 [JavaFX Application Thread] DEBUG Input                - Registered new binding: Restart - CTRL+R
22:59:12.985 [JavaFX Application Thread] DEBUG Input                - Registered new binding: Hit with LeftFlipper - A
22:59:12.986 [JavaFX Application Thread] DEBUG Input                - Registered new binding: Hit with RightFlipper - D
22:59:12.987 [JavaFX Application Thread] DEBUG Input                - Registered new binding: New ball - Space
22:59:12.991 [JavaFX Application Thread] DEBUG Input                - Registered new binding: New Table - N
22:59:13.062 [JavaFX Application Thread] DEBUG GameApplication      - Starting main loop
22:59:13.070 [JavaFX Application Thread] DEBUG StartupState         - STARTUP
22:59:13.071 [JavaFX Application Thread] DEBUG GameApplication      - Starting new game
22:59:13.071 [JavaFX Application Thread] DEBUG Input                - Clearing active input actions
22:59:13.109 [JavaFX Application Thread] DEBUG AppStateMachine      - StartupState -> LoadingState
22:59:13.139 [FXGL Background Thread 1 ] DEBUG InitAppTask          - Clearing previous game
22:59:13.140 [FXGL Background Thread 1 ] DEBUG GameWorld            - Clearing game world
22:59:13.141 [FXGL Background Thread 1 ] DEBUG PhysicsWorld         - Clearing physics world
22:59:13.142 [FXGL Background Thread 1 ] DEBUG GameScene            - Clearing game scene
22:59:13.147 [FXGL Background Thread 1 ] DEBUG InitAppTask          - Initializing Game
22:59:13.425 [FXGL Background Thread 1 ] DEBUG GameScene            - Creating render group for layer: BACKGROUND(1000)
22:59:13.579 [FXGL Background Thread 1 ] DEBUG GameScene            - Creating render group for layer: DEFAULT(100000)
22:59:13.598 [FXGL Background Thread 1 ] DEBUG InitAppTask          - Initializing Physics
22:59:13.602 [FXGL Background Thread 1 ] DEBUG InitAppTask          - Initializing UI
22:59:13.610 [FXGL Background Thread 1 ] DEBUG InitAppTask          - Initialization Complete
22:59:13.611 [FXGL Background Thread 1 ] INFO  InitAppTask          - Game initialization took: 0,471 sec
22:59:13.627 [JavaFX Application Thread] DEBUG Input                - Clearing active input actions
22:59:13.658 [JavaFX Application Thread] DEBUG AppStateMachine      - LoadingState -> PlayState
22:59:33.211 [JavaFX Application Thread] DEBUG AssetLoader          - Loading from cache: /assets/sounds/kickerBumper.wav
22:59:33.227 [JavaFX Application Thread] DEBUG AssetLoader          - Loading from cache: /assets/sounds/kickerBumper.wav
22:59:33.243 [JavaFX Application Thread] DEBUG AssetLoader          - Loading from cache: /assets/sounds/kickerBumper.wav
22:59:34.028 [JavaFX Application Thread] DEBUG AssetLoader          - Loading from cache: /assets/sounds/popBumper.wav
22:59:34.939 [JavaFX Application Thread] DEBUG AssetLoader          - Loading from cache: /assets/sounds/popBumper.wav
22:59:38.700 [JavaFX Application Thread] DEBUG AssetLoader          - Loading from cache: /assets/sounds/DropTarget.wav
22:59:38.700 [JavaFX Application Thread] DEBUG AssetLoader          - Loading from cache: /assets/sounds/Bonus.wav
22:59:39.163 [JavaFX Application Thread] DEBUG AssetLoader          - Loading from cache: /assets/sounds/kickerBumper.wav
22:59:39.370 [JavaFX Application Thread] DEBUG AssetLoader          - Loading from cache: /assets/sounds/SpotTarget.wav
22:59:39.371 [JavaFX Application Thread] DEBUG AssetLoader          - Loading from cache: /assets/sounds/Bonus.wav
22:59:42.426 [JavaFX Application Thread] DEBUG AssetLoader          - Loading from cache: /assets/sounds/DisableTarget.wav
22:59:43.324 [JavaFX Application Thread] FATAL GameApplication      - Uncaught Exception:

Fatal exception occurred: java.lang.NullPointerException : null
E: com.almasb.fxgl.physics.box2d.dynamics.Fixture.getProxyId(Fixture.java:263)
E: com.almasb.fxgl.physics.box2d.dynamics.Fixture.testProxyOverlap(Fixture.java:257)
E: com.almasb.fxgl.physics.box2d.dynamics.ContactManager.collide(ContactManager.java:264)
E: com.almasb.fxgl.physics.box2d.dynamics.World.step(World.java:303)
E: com.almasb.fxgl.physics.PhysicsWorld.onUpdate(PhysicsWorld.java:232)
E: com.almasb.fxgl.app.PlayState.onUpdate(AppStates.kt:237)
E: com.almasb.fxgl.app.State.update(State.java:73)
E: com.almasb.fxgl.app.AppStateMachine.onUpdate(AppStateMachine.java:100)
E: com.almasb.fxgl.app.GameApplication.stepLoop(GameApplication.java:382)
E: com.almasb.fxgl.app.GameApplication$2.handle(GameApplication.java:348)
E: javafx.animation.AnimationTimer$AnimationTimerReceiver.lambda$handle$484(AnimationTimer.java:57)
E: java.security.AccessController.doPrivileged(Native Method)
E: javafx.animation.AnimationTimer$AnimationTimerReceiver.handle(AnimationTimer.java:56)
E: com.sun.scenario.animation.AbstractMasterTimer.timePulseImpl(AbstractMasterTimer.java:357)
E: com.sun.scenario.animation.AbstractMasterTimer$MainLoop.run(AbstractMasterTimer.java:267)
E: com.sun.javafx.tk.quantum.QuantumToolkit.pulse(QuantumToolkit.java:506)
E: com.sun.javafx.tk.quantum.QuantumToolkit.pulse(QuantumToolkit.java:490)
E: com.sun.javafx.tk.quantum.QuantumToolkit.lambda$runToolkit$404(QuantumToolkit.java:319)
E: com.sun.glass.ui.InvokeLaterDispatcher$Future.run(InvokeLaterDispatcher.java:95)
E: com.sun.glass.ui.win.WinApplication._runLoop(Native Method)
E: com.sun.glass.ui.win.WinApplication.lambda$null$148(WinApplication.java:191)
E: java.lang.Thread.run(Thread.java:745)

22:59:43.325 [JavaFX Application Thread] FATAL GameApplication      - Application will now exit
22:59:43.326 [JavaFX Application Thread] DEBUG GameApplication      - Stopping main loop
22:59:46.254 [JavaFX Application Thread] DEBUG GameApplication      - Exiting game application
22:59:46.257 [JavaFX Application Thread] DEBUG GameApplication      - Shutting down background threads
22:59:46.259 [JavaFX Application Thread] DEBUG GameApplication      - Exiting FXGL
22:59:46.260 [JavaFX Application Thread] DEBUG FXGL                 - Saving FXGL system data
22:59:46.268 [JavaFX Application Thread] DEBUG DesktopFSService     - Writing to: system\fxgl.bundle
22:59:46.283 [JavaFX Application Thread] DEBUG GameApplication      - Closing logger and exiting JavaFX
