16:47:10.532 [JavaFX Application Thread] DEBUG GameApplication      - Logger initialized
16:47:10.601 [JavaFX Application Thread] DEBUG MainWindow           - Creating a JavaFX scene
16:47:11.050 [JavaFX Application Thread] DEBUG MainWindow           - Target settings size: 500.0 x 600.0
16:47:11.051 [JavaFX Application Thread] DEBUG MainWindow           - Scaled scene size:    500.0 x 600.0
16:47:11.052 [JavaFX Application Thread] DEBUG MainWindow           - Scaled ratio: (1.0, 1.0)
16:47:11.072 [JavaFX Application Thread] DEBUG GameApplication      - Starting FXGL
16:47:11.111 [JavaFX Application Thread] INFO  FXGL                 - FXGL-0.5.2 on DESKTOP
16:47:11.112 [JavaFX Application Thread] INFO  FXGL                 - Source code and latest versions at: https://github.com/AlmasB/FXGL
16:47:11.113 [JavaFX Application Thread] INFO  FXGL                 -              Join the FXGL chat at: https://gitter.im/AlmasB/FXGL
16:47:11.137 [JavaFX Application Thread] DEBUG FS                   - Loaded DesktopFSService
16:47:11.139 [JavaFX Application Thread] DEBUG FXGL                 - Loading FXGL system data
16:47:11.173 [JavaFX Application Thread] DEBUG DesktopFSService     - Reading from: system\fxgl.bundle
16:47:11.207 [JavaFX Application Thread] DEBUG Bundle               - Logging bundle: FXGL
16:47:11.209 [JavaFX Application Thread] DEBUG Bundle               - FXGL.offline.timer.version.check=2018-08-10T04:24:54.913
16:47:11.326 [JavaFX Application Thread] DEBUG GameApplication      - FXGL started
16:47:11.328 [JavaFX Application Thread] DEBUG GameApplication      - Logging game settings
Title: PinBall
Version: 0.1
Width: 500
Height: 600
Fullscreen: false
Intro: false
Menus: false
Profiling: false
Single step:false
App Mode: DEVELOPER
Menu Key: ESCAPE
Stage Style: DECORATED
Scene Factory: class com.almasb.fxgl.scene.SceneFactory
Dialog Factory: class com.almasb.fxgl.ui.FXGLDialogFactory
UI Factory: class com.almasb.fxgl.ui.FXGLUIFactory
Notification Service: class com.almasb.fxgl.gameplay.notification.XboxNotificationView
Exception Handler: class com.almasb.fxgl.app.FXGLExceptionHandler
16:47:11.334 [JavaFX Application Thread] DEBUG GameApplication      - Configuring GameApplication
16:47:11.335 [JavaFX Application Thread] DEBUG GameApplication      - Initializing state machine and application states
16:47:11.394 [JavaFX Application Thread] DEBUG AssetLoader          - Loading from disk: /assets/ui/cursors/fxgl_default.png
16:47:11.514 [JavaFX Application Thread] DEBUG AssetLoader          - Loading from disk: /assets/ui/cursors/fxgl_default.png
16:47:11.644 [JavaFX Application Thread] DEBUG FXGLAssets           - Loading FXGLAssets
16:47:11.788 [JavaFX Application Thread] DEBUG AssetLoader          - Loading from disk: /assets/ui/fonts/VarelaRound-Regular.ttf
16:47:12.117 [JavaFX Application Thread] DEBUG AssetLoader          - Loading from disk: /assets/ui/fonts/lucida_console.ttf
16:47:12.155 [JavaFX Application Thread] DEBUG AssetLoader          - Loading from disk: /assets/ui/css/fxgl_dark.css
16:47:12.292 [JavaFX Application Thread] DEBUG AssetLoader          - Loading from disk: /assets/ui/cursors/fxgl_default.png
16:47:12.435 [JavaFX Application Thread] DEBUG AssetLoader          - Loading from disk: /assets/ui/cursors/fxgl_default.png
16:47:12.529 [JavaFX Application Thread] DEBUG GameScene            - Game scene initialized: 500x600
16:47:12.538 [JavaFX Application Thread] DEBUG GameWorld            - Game world initialized
16:47:12.688 [JavaFX Application Thread] DEBUG PhysicsWorld         - Physics world initialized: appHeight=600, physics.ppm=50,0
16:47:12.764 [JavaFX Application Thread] DEBUG Input                - Registered new binding: Pause - Esc
16:47:12.817 [JavaFX Application Thread] DEBUG Input                - Clearing active input actions
16:47:12.932 [JavaFX Application Thread] DEBUG AppStateMachine      - StartupState -> StartupState
16:47:12.942 [JavaFX Application Thread] INFO  GameApplication      - Game configuration took:  1,606 sec
16:47:12.948 [JavaFX Application Thread] DEBUG AssetLoader          - Loading from disk: /assets/textures/fxgl_icon.png
16:47:12.959 [JavaFX Application Thread] DEBUG MainWindow           - Opening main window
16:47:13.687 [JavaFX Application Thread] DEBUG MainWindow           - Window border size: (6.0, 29.0)
16:47:13.688 [JavaFX Application Thread] DEBUG MainWindow           - Scaled size: 500.0 x 600.0
16:47:13.688 [JavaFX Application Thread] DEBUG MainWindow           - Scaled ratio: (1.0, 1.0)
16:47:13.689 [JavaFX Application Thread] DEBUG MainWindow           - Scene size: 500.0 x 600.0
16:47:13.690 [JavaFX Application Thread] DEBUG MainWindow           - Stage size: 506.0 x 629.0
16:47:13.690 [JavaFX Application Thread] DEBUG GameApplication      - Running preInit()
16:47:13.697 [JavaFX Application Thread] DEBUG Input                - Registered new binding: Screenshot - P
16:47:13.699 [JavaFX Application Thread] DEBUG Input                - Registered new binding: Dev Options - CTRL+0
16:47:13.701 [JavaFX Application Thread] DEBUG Input                - Registered new binding: System info dump - CTRL+9
16:47:13.702 [JavaFX Application Thread] DEBUG Input                - Registered new binding: Restart - CTRL+R
16:47:13.703 [JavaFX Application Thread] DEBUG Input                - Registered new binding: Move Right - D
16:47:13.768 [JavaFX Application Thread] DEBUG GameApplication      - Starting main loop
16:47:13.772 [JavaFX Application Thread] DEBUG StartupState         - STARTUP
16:47:13.773 [JavaFX Application Thread] DEBUG GameApplication      - Starting new game
16:47:13.774 [JavaFX Application Thread] DEBUG Input                - Clearing active input actions
16:47:13.800 [JavaFX Application Thread] DEBUG AppStateMachine      - StartupState -> LoadingState
16:47:13.836 [FXGL Background Thread 1 ] DEBUG InitAppTask          - Clearing previous game
16:47:13.836 [FXGL Background Thread 1 ] DEBUG GameWorld            - Clearing game world
16:47:13.837 [FXGL Background Thread 1 ] DEBUG PhysicsWorld         - Clearing physics world
16:47:13.837 [FXGL Background Thread 1 ] DEBUG GameScene            - Clearing game scene
16:47:13.842 [FXGL Background Thread 1 ] DEBUG InitAppTask          - Initializing Game
16:47:14.303 [FXGL Background Thread 1 ] DEBUG GameScene            - Creating render group for layer: BACKGROUND(1000)
16:47:14.310 [FXGL Background Thread 1 ] DEBUG GameScene            - Creating render group for layer: DEFAULT(100000)
16:47:14.389 [FXGL Background Thread 1 ] DEBUG InitAppTask          - Initializing Physics
16:47:14.391 [FXGL Background Thread 1 ] DEBUG InitAppTask          - Initializing UI
16:47:14.392 [FXGL Background Thread 1 ] DEBUG InitAppTask          - Initialization Complete
16:47:14.392 [FXGL Background Thread 1 ] INFO  InitAppTask          - Game initialization took: 0,556 sec
16:47:14.404 [JavaFX Application Thread] DEBUG Input                - Clearing active input actions
16:47:14.424 [JavaFX Application Thread] DEBUG AppStateMachine      - LoadingState -> PlayState
16:58:47.780 [JavaFX Application Thread] DEBUG GameApplication      - Exiting game application
16:58:47.783 [JavaFX Application Thread] DEBUG GameApplication      - Shutting down background threads
16:58:47.785 [JavaFX Application Thread] DEBUG GameApplication      - Exiting FXGL
16:58:47.785 [JavaFX Application Thread] DEBUG FXGL                 - Saving FXGL system data
16:58:47.821 [JavaFX Application Thread] DEBUG DesktopFSService     - Writing to: system\fxgl.bundle
16:58:47.850 [JavaFX Application Thread] DEBUG GameApplication      - Closing logger and exiting JavaFX
