16:17:23.165 [JavaFX Application Thread] DEBUG GameApplication      - Logger initialized
16:17:23.215 [JavaFX Application Thread] DEBUG MainWindow           - Creating a JavaFX scene
16:17:23.790 [JavaFX Application Thread] DEBUG MainWindow           - Target settings size: 700.0 x 600.0
16:17:23.790 [JavaFX Application Thread] DEBUG MainWindow           - Scaled scene size:    700.0 x 600.0
16:17:23.791 [JavaFX Application Thread] DEBUG MainWindow           - Scaled ratio: (1.0, 1.0)
16:17:23.814 [JavaFX Application Thread] DEBUG GameApplication      - Starting FXGL
16:17:23.857 [JavaFX Application Thread] INFO  FXGL                 - FXGL-0.5.2 on DESKTOP
16:17:23.859 [JavaFX Application Thread] INFO  FXGL                 - Source code and latest versions at: https://github.com/AlmasB/FXGL
16:17:23.860 [JavaFX Application Thread] INFO  FXGL                 -              Join the FXGL chat at: https://gitter.im/AlmasB/FXGL
16:17:23.890 [JavaFX Application Thread] DEBUG FS                   - Loaded DesktopFSService
16:17:23.892 [JavaFX Application Thread] DEBUG FXGL                 - Loading FXGL system data
16:17:23.907 [JavaFX Application Thread] DEBUG DesktopFSService     - Reading from: system\fxgl.bundle
16:17:23.934 [JavaFX Application Thread] DEBUG Bundle               - Logging bundle: FXGL
16:17:23.937 [JavaFX Application Thread] DEBUG Bundle               - FXGL.offline.timer.version.check=2018-08-17T16:45:45.901
16:17:24.090 [JavaFX Application Thread] DEBUG GameApplication      - FXGL started
16:17:24.091 [JavaFX Application Thread] DEBUG GameApplication      - Logging game settings
Title: PinBall
Version: 0.1
Width: 700
Height: 600
Fullscreen: false
Intro: false
Menus: false
Profiling: false
Single step:false
App Mode: DEVELOPER
Menu Key: ESCAPE
Stage Style: DECORATED
Scene Factory: class com.almasb.fxgl.scene.SceneFactory
Dialog Factory: class com.almasb.fxgl.ui.FXGLDialogFactory
UI Factory: class com.almasb.fxgl.ui.FXGLUIFactory
Notification Service: class com.almasb.fxgl.gameplay.notification.XboxNotificationView
Exception Handler: class com.almasb.fxgl.app.FXGLExceptionHandler
16:17:24.095 [JavaFX Application Thread] DEBUG GameApplication      - Configuring GameApplication
16:17:24.096 [JavaFX Application Thread] DEBUG GameApplication      - Initializing state machine and application states
16:17:24.155 [JavaFX Application Thread] DEBUG AssetLoader          - Loading from disk: /assets/ui/cursors/fxgl_default.png
16:17:24.269 [JavaFX Application Thread] DEBUG AssetLoader          - Loading from disk: /assets/ui/cursors/fxgl_default.png
16:17:24.367 [JavaFX Application Thread] DEBUG FXGLAssets           - Loading FXGLAssets
16:17:24.526 [JavaFX Application Thread] DEBUG AssetLoader          - Loading from disk: /assets/ui/fonts/VarelaRound-Regular.ttf
16:17:25.037 [JavaFX Application Thread] DEBUG AssetLoader          - Loading from disk: /assets/ui/fonts/lucida_console.ttf
16:17:25.085 [JavaFX Application Thread] DEBUG AssetLoader          - Loading from disk: /assets/ui/css/fxgl_dark.css
16:17:25.216 [JavaFX Application Thread] DEBUG AssetLoader          - Loading from disk: /assets/ui/cursors/fxgl_default.png
16:17:25.395 [JavaFX Application Thread] DEBUG AssetLoader          - Loading from disk: /assets/ui/cursors/fxgl_default.png
16:17:25.552 [JavaFX Application Thread] DEBUG GameScene            - Game scene initialized: 700x600
16:17:25.569 [JavaFX Application Thread] DEBUG GameWorld            - Game world initialized
16:17:25.803 [JavaFX Application Thread] DEBUG PhysicsWorld         - Physics world initialized: appHeight=600, physics.ppm=50,0
16:17:25.911 [JavaFX Application Thread] DEBUG Input                - Registered new binding: Pause - Esc
16:17:25.993 [JavaFX Application Thread] DEBUG Input                - Clearing active input actions
16:17:26.208 [JavaFX Application Thread] DEBUG AppStateMachine      - StartupState -> StartupState
16:17:26.225 [JavaFX Application Thread] INFO  GameApplication      - Game configuration took:  2,128 sec
16:17:26.235 [JavaFX Application Thread] DEBUG AssetLoader          - Loading from disk: /assets/textures/fxgl_icon.png
16:17:26.254 [JavaFX Application Thread] DEBUG MainWindow           - Opening main window
16:17:26.876 [JavaFX Application Thread] DEBUG MainWindow           - Window border size: (6.0, 29.0)
16:17:26.877 [JavaFX Application Thread] DEBUG MainWindow           - Scaled size: 700.0 x 600.0
16:17:26.878 [JavaFX Application Thread] DEBUG MainWindow           - Scaled ratio: (1.0, 1.0)
16:17:26.879 [JavaFX Application Thread] DEBUG MainWindow           - Scene size: 700.0 x 600.0
16:17:26.879 [JavaFX Application Thread] DEBUG MainWindow           - Stage size: 706.0 x 629.0
16:17:26.880 [JavaFX Application Thread] DEBUG GameApplication      - Running preInit()
16:17:26.889 [JavaFX Application Thread] DEBUG Input                - Registered new binding: Screenshot - P
16:17:26.893 [JavaFX Application Thread] DEBUG Input                - Registered new binding: Dev Options - CTRL+0
16:17:26.896 [JavaFX Application Thread] DEBUG Input                - Registered new binding: System info dump - CTRL+9
16:17:26.900 [JavaFX Application Thread] DEBUG Input                - Registered new binding: Restart - CTRL+R
16:17:26.902 [JavaFX Application Thread] DEBUG Input                - Registered new binding: Hit with LeftFlipper - A
16:17:26.903 [JavaFX Application Thread] DEBUG Input                - Registered new binding: Hit with RightFlipper - D
16:17:26.904 [JavaFX Application Thread] DEBUG Input                - Registered new binding: New ball - Space
16:17:26.909 [JavaFX Application Thread] DEBUG Input                - Registered new binding: New Table - N
16:17:26.962 [JavaFX Application Thread] DEBUG GameApplication      - Starting main loop
16:17:26.967 [JavaFX Application Thread] DEBUG StartupState         - STARTUP
16:17:26.968 [JavaFX Application Thread] DEBUG GameApplication      - Starting new game
16:17:26.968 [JavaFX Application Thread] DEBUG Input                - Clearing active input actions
16:17:26.991 [JavaFX Application Thread] DEBUG AppStateMachine      - StartupState -> LoadingState
16:17:27.009 [FXGL Background Thread 1 ] DEBUG InitAppTask          - Clearing previous game
16:17:27.010 [FXGL Background Thread 1 ] DEBUG GameWorld            - Clearing game world
16:17:27.011 [FXGL Background Thread 1 ] DEBUG PhysicsWorld         - Clearing physics world
16:17:27.012 [FXGL Background Thread 1 ] DEBUG GameScene            - Clearing game scene
16:17:27.016 [FXGL Background Thread 1 ] DEBUG InitAppTask          - Initializing Game
16:17:27.256 [FXGL Background Thread 1 ] DEBUG GameScene            - Creating render group for layer: BACKGROUND(1000)
16:17:27.388 [FXGL Background Thread 1 ] DEBUG GameScene            - Creating render group for layer: DEFAULT(100000)
16:17:27.401 [FXGL Background Thread 1 ] DEBUG InitAppTask          - Initializing Physics
16:17:27.404 [FXGL Background Thread 1 ] DEBUG InitAppTask          - Initializing UI
16:17:27.410 [FXGL Background Thread 1 ] DEBUG InitAppTask          - Initialization Complete
16:17:27.410 [FXGL Background Thread 1 ] INFO  InitAppTask          - Game initialization took: 0,401 sec
16:17:27.413 [JavaFX Application Thread] DEBUG Input                - Clearing active input actions
16:17:27.438 [JavaFX Application Thread] DEBUG AppStateMachine      - LoadingState -> PlayState
16:17:32.070 [JavaFX Application Thread] DEBUG AssetLoader          - Loading from cache: /assets/sounds/popBumper.wav
16:17:34.998 [JavaFX Application Thread] DEBUG AssetLoader          - Loading from cache: /assets/sounds/popBumper.wav
16:17:36.263 [JavaFX Application Thread] DEBUG AssetLoader          - Loading from cache: /assets/sounds/kickerBumper.wav
16:17:38.135 [JavaFX Application Thread] DEBUG AssetLoader          - Loading from cache: /assets/sounds/popBumper.wav
16:17:38.406 [JavaFX Application Thread] DEBUG AssetLoader          - Loading from cache: /assets/sounds/popBumper.wav
16:17:39.783 [JavaFX Application Thread] DEBUG AssetLoader          - Loading from cache: /assets/sounds/kickerBumper.wav
16:17:39.910 [JavaFX Application Thread] DEBUG AssetLoader          - Loading from cache: /assets/sounds/kickerBumper.wav
16:17:41.863 [JavaFX Application Thread] DEBUG AssetLoader          - Loading from cache: /assets/sounds/popBumper.wav
16:17:42.134 [JavaFX Application Thread] DEBUG AssetLoader          - Loading from cache: /assets/sounds/popBumper.wav
16:17:43.590 [JavaFX Application Thread] DEBUG AssetLoader          - Loading from cache: /assets/sounds/kickerBumper.wav
16:17:44.982 [JavaFX Application Thread] DEBUG AssetLoader          - Loading from cache: /assets/sounds/kickerBumper.wav
16:17:45.158 [JavaFX Application Thread] DEBUG AssetLoader          - Loading from cache: /assets/sounds/kickerBumper.wav
16:17:47.302 [JavaFX Application Thread] DEBUG AssetLoader          - Loading from cache: /assets/sounds/popBumper.wav
16:17:47.557 [JavaFX Application Thread] DEBUG AssetLoader          - Loading from cache: /assets/sounds/popBumper.wav
16:17:49.029 [JavaFX Application Thread] DEBUG AssetLoader          - Loading from cache: /assets/sounds/kickerBumper.wav
16:17:50.422 [JavaFX Application Thread] DEBUG AssetLoader          - Loading from cache: /assets/sounds/kickerBumper.wav
16:17:50.598 [JavaFX Application Thread] DEBUG AssetLoader          - Loading from cache: /assets/sounds/kickerBumper.wav
16:17:52.486 [JavaFX Application Thread] DEBUG AssetLoader          - Loading from cache: /assets/sounds/popBumper.wav
16:17:52.757 [JavaFX Application Thread] DEBUG AssetLoader          - Loading from cache: /assets/sounds/popBumper.wav
16:17:54.117 [JavaFX Application Thread] DEBUG AssetLoader          - Loading from cache: /assets/sounds/kickerBumper.wav
16:17:54.390 [JavaFX Application Thread] DEBUG AssetLoader          - Loading from cache: /assets/sounds/kickerBumper.wav
16:17:55.926 [JavaFX Application Thread] DEBUG AssetLoader          - Loading from cache: /assets/sounds/popBumper.wav
16:17:56.198 [JavaFX Application Thread] DEBUG AssetLoader          - Loading from cache: /assets/sounds/popBumper.wav
16:17:57.653 [JavaFX Application Thread] DEBUG AssetLoader          - Loading from cache: /assets/sounds/kickerBumper.wav
16:17:59.046 [JavaFX Application Thread] DEBUG AssetLoader          - Loading from cache: /assets/sounds/kickerBumper.wav
16:17:59.221 [JavaFX Application Thread] DEBUG AssetLoader          - Loading from cache: /assets/sounds/kickerBumper.wav
16:18:01.413 [JavaFX Application Thread] DEBUG AssetLoader          - Loading from cache: /assets/sounds/popBumper.wav
16:18:01.670 [JavaFX Application Thread] DEBUG AssetLoader          - Loading from cache: /assets/sounds/popBumper.wav
16:18:03.045 [JavaFX Application Thread] DEBUG AssetLoader          - Loading from cache: /assets/sounds/kickerBumper.wav
16:18:03.318 [JavaFX Application Thread] DEBUG AssetLoader          - Loading from cache: /assets/sounds/kickerBumper.wav
16:18:04.806 [JavaFX Application Thread] DEBUG AssetLoader          - Loading from cache: /assets/sounds/popBumper.wav
16:18:05.078 [JavaFX Application Thread] DEBUG AssetLoader          - Loading from cache: /assets/sounds/popBumper.wav
16:18:06.549 [JavaFX Application Thread] DEBUG AssetLoader          - Loading from cache: /assets/sounds/kickerBumper.wav
16:18:11.510 [JavaFX Application Thread] DEBUG AssetLoader          - Loading from cache: /assets/sounds/kickerBumper.wav
16:18:12.214 [JavaFX Application Thread] DEBUG AssetLoader          - Loading from cache: /assets/sounds/popBumper.wav
16:18:12.757 [JavaFX Application Thread] DEBUG AssetLoader          - Loading from cache: /assets/sounds/kickerBumper.wav
16:18:13.269 [JavaFX Application Thread] DEBUG AssetLoader          - Loading from cache: /assets/sounds/popBumper.wav
16:18:14.038 [JavaFX Application Thread] DEBUG AssetLoader          - Loading from cache: /assets/sounds/popBumper.wav
16:18:15.142 [JavaFX Application Thread] DEBUG AssetLoader          - Loading from cache: /assets/sounds/popBumper.wav
16:18:15.911 [JavaFX Application Thread] FATAL GameApplication      - Uncaught Exception:

Fatal exception occurred: java.lang.NullPointerException : null
E: com.almasb.fxgl.physics.box2d.dynamics.Fixture.getProxyId(Fixture.java:263)
E: com.almasb.fxgl.physics.box2d.dynamics.Fixture.testProxyOverlap(Fixture.java:257)
E: com.almasb.fxgl.physics.box2d.dynamics.ContactManager.collide(ContactManager.java:264)
E: com.almasb.fxgl.physics.box2d.dynamics.World.step(World.java:303)
E: com.almasb.fxgl.physics.PhysicsWorld.onUpdate(PhysicsWorld.java:232)
E: com.almasb.fxgl.app.PlayState.onUpdate(AppStates.kt:237)
E: com.almasb.fxgl.app.State.update(State.java:73)
E: com.almasb.fxgl.app.AppStateMachine.onUpdate(AppStateMachine.java:100)
E: com.almasb.fxgl.app.GameApplication.stepLoop(GameApplication.java:382)
E: com.almasb.fxgl.app.GameApplication$2.handle(GameApplication.java:348)
E: javafx.animation.AnimationTimer$AnimationTimerReceiver.lambda$handle$484(AnimationTimer.java:57)
E: java.security.AccessController.doPrivileged(Native Method)
E: javafx.animation.AnimationTimer$AnimationTimerReceiver.handle(AnimationTimer.java:56)
E: com.sun.scenario.animation.AbstractMasterTimer.timePulseImpl(AbstractMasterTimer.java:357)
E: com.sun.scenario.animation.AbstractMasterTimer$MainLoop.run(AbstractMasterTimer.java:267)
E: com.sun.javafx.tk.quantum.QuantumToolkit.pulse(QuantumToolkit.java:506)
E: com.sun.javafx.tk.quantum.QuantumToolkit.pulse(QuantumToolkit.java:490)
E: com.sun.javafx.tk.quantum.QuantumToolkit.lambda$runToolkit$404(QuantumToolkit.java:319)
E: com.sun.glass.ui.InvokeLaterDispatcher$Future.run(InvokeLaterDispatcher.java:95)
E: com.sun.glass.ui.win.WinApplication._runLoop(Native Method)
E: com.sun.glass.ui.win.WinApplication.lambda$null$148(WinApplication.java:191)
E: java.lang.Thread.run(Thread.java:745)

16:18:15.912 [JavaFX Application Thread] FATAL GameApplication      - Application will now exit
16:18:15.913 [JavaFX Application Thread] DEBUG GameApplication      - Stopping main loop
16:22:43.628 [JavaFX Application Thread] DEBUG GameApplication      - Exiting game application
16:22:43.631 [JavaFX Application Thread] DEBUG GameApplication      - Shutting down background threads
16:22:43.632 [JavaFX Application Thread] DEBUG GameApplication      - Exiting FXGL
16:22:43.633 [JavaFX Application Thread] DEBUG FXGL                 - Saving FXGL system data
16:22:43.642 [JavaFX Application Thread] DEBUG DesktopFSService     - Writing to: system\fxgl.bundle
16:22:43.658 [JavaFX Application Thread] DEBUG GameApplication      - Closing logger and exiting JavaFX
