21:46:41.888 [JavaFX Application Thread] DEBUG GameApplication      - Logger initialized
21:46:41.932 [JavaFX Application Thread] DEBUG MainWindow           - Creating a JavaFX scene
21:46:42.259 [JavaFX Application Thread] DEBUG MainWindow           - Target settings size: 500.0 x 600.0
21:46:42.259 [JavaFX Application Thread] DEBUG MainWindow           - Scaled scene size:    500.0 x 600.0
21:46:42.260 [JavaFX Application Thread] DEBUG MainWindow           - Scaled ratio: (1.0, 1.0)
21:46:42.317 [JavaFX Application Thread] DEBUG GameApplication      - Starting FXGL
21:46:42.393 [JavaFX Application Thread] INFO  FXGL                 - FXGL-0.5.2 on DESKTOP
21:46:42.394 [JavaFX Application Thread] INFO  FXGL                 - Source code and latest versions at: https://github.com/AlmasB/FXGL
21:46:42.394 [JavaFX Application Thread] INFO  FXGL                 -              Join the FXGL chat at: https://gitter.im/AlmasB/FXGL
21:46:42.453 [JavaFX Application Thread] DEBUG FS                   - Loaded DesktopFSService
21:46:42.455 [JavaFX Application Thread] DEBUG FXGL                 - Loading FXGL system data
21:46:42.487 [JavaFX Application Thread] DEBUG DesktopFSService     - Reading from: system\fxgl.bundle
21:46:42.526 [JavaFX Application Thread] DEBUG Bundle               - Logging bundle: FXGL
21:46:42.527 [JavaFX Application Thread] DEBUG Bundle               - FXGL.offline.timer.version.check=2018-08-10T04:24:54.913
21:46:42.656 [JavaFX Application Thread] DEBUG GameApplication      - FXGL started
21:46:42.657 [JavaFX Application Thread] DEBUG GameApplication      - Logging game settings
Title: PinBall
Version: 0.1
Width: 500
Height: 600
Fullscreen: false
Intro: false
Menus: false
Profiling: false
Single step:false
App Mode: DEVELOPER
Menu Key: ESCAPE
Stage Style: DECORATED
Scene Factory: class com.almasb.fxgl.scene.SceneFactory
Dialog Factory: class com.almasb.fxgl.ui.FXGLDialogFactory
UI Factory: class com.almasb.fxgl.ui.FXGLUIFactory
Notification Service: class com.almasb.fxgl.gameplay.notification.XboxNotificationView
Exception Handler: class com.almasb.fxgl.app.FXGLExceptionHandler
21:46:42.660 [JavaFX Application Thread] DEBUG GameApplication      - Configuring GameApplication
21:46:42.660 [JavaFX Application Thread] DEBUG GameApplication      - Initializing state machine and application states
21:46:42.730 [JavaFX Application Thread] DEBUG AssetLoader          - Loading from disk: /assets/ui/cursors/fxgl_default.png
21:46:42.802 [JavaFX Application Thread] DEBUG AssetLoader          - Loading from disk: /assets/ui/cursors/fxgl_default.png
21:46:42.866 [JavaFX Application Thread] DEBUG FXGLAssets           - Loading FXGLAssets
21:46:42.953 [JavaFX Application Thread] DEBUG AssetLoader          - Loading from disk: /assets/ui/fonts/VarelaRound-Regular.ttf
21:46:43.180 [JavaFX Application Thread] DEBUG AssetLoader          - Loading from disk: /assets/ui/fonts/lucida_console.ttf
21:46:43.202 [JavaFX Application Thread] DEBUG AssetLoader          - Loading from disk: /assets/ui/css/fxgl_dark.css
21:46:43.280 [JavaFX Application Thread] DEBUG AssetLoader          - Loading from disk: /assets/ui/cursors/fxgl_default.png
21:46:43.373 [JavaFX Application Thread] DEBUG AssetLoader          - Loading from disk: /assets/ui/cursors/fxgl_default.png
21:46:43.487 [JavaFX Application Thread] DEBUG GameScene            - Game scene initialized: 500x600
21:46:43.496 [JavaFX Application Thread] DEBUG GameWorld            - Game world initialized
21:46:43.661 [JavaFX Application Thread] DEBUG PhysicsWorld         - Physics world initialized: appHeight=600, physics.ppm=50,0
21:46:43.722 [JavaFX Application Thread] DEBUG Input                - Registered new binding: Pause - Esc
21:46:43.765 [JavaFX Application Thread] DEBUG Input                - Clearing active input actions
21:46:43.866 [JavaFX Application Thread] DEBUG AppStateMachine      - StartupState -> StartupState
21:46:43.873 [JavaFX Application Thread] INFO  GameApplication      - Game configuration took:  1,213 sec
21:46:43.879 [JavaFX Application Thread] DEBUG AssetLoader          - Loading from disk: /assets/textures/fxgl_icon.png
21:46:43.886 [JavaFX Application Thread] DEBUG MainWindow           - Opening main window
21:46:44.219 [JavaFX Application Thread] DEBUG MainWindow           - Window border size: (6.0, 29.0)
21:46:44.219 [JavaFX Application Thread] DEBUG MainWindow           - Scaled size: 500.0 x 600.0
21:46:44.219 [JavaFX Application Thread] DEBUG MainWindow           - Scaled ratio: (1.0, 1.0)
21:46:44.220 [JavaFX Application Thread] DEBUG MainWindow           - Scene size: 500.0 x 600.0
21:46:44.220 [JavaFX Application Thread] DEBUG MainWindow           - Stage size: 506.0 x 629.0
21:46:44.221 [JavaFX Application Thread] DEBUG GameApplication      - Running preInit()
21:46:44.224 [JavaFX Application Thread] DEBUG Input                - Registered new binding: Screenshot - P
21:46:44.225 [JavaFX Application Thread] DEBUG Input                - Registered new binding: Dev Options - CTRL+0
21:46:44.226 [JavaFX Application Thread] DEBUG Input                - Registered new binding: System info dump - CTRL+9
21:46:44.227 [JavaFX Application Thread] DEBUG Input                - Registered new binding: Restart - CTRL+R
21:46:44.228 [JavaFX Application Thread] DEBUG Input                - Registered new binding: Move Right - D
21:46:44.263 [JavaFX Application Thread] DEBUG GameApplication      - Starting main loop
21:46:44.268 [JavaFX Application Thread] DEBUG StartupState         - STARTUP
21:46:44.268 [JavaFX Application Thread] DEBUG GameApplication      - Starting new game
21:46:44.268 [JavaFX Application Thread] DEBUG Input                - Clearing active input actions
21:46:44.284 [JavaFX Application Thread] DEBUG AppStateMachine      - StartupState -> LoadingState
21:46:44.300 [FXGL Background Thread 1 ] DEBUG InitAppTask          - Clearing previous game
21:46:44.301 [FXGL Background Thread 1 ] DEBUG GameWorld            - Clearing game world
21:46:44.301 [FXGL Background Thread 1 ] DEBUG PhysicsWorld         - Clearing physics world
21:46:44.301 [FXGL Background Thread 1 ] DEBUG GameScene            - Clearing game scene
21:46:44.304 [FXGL Background Thread 1 ] DEBUG InitAppTask          - Initializing Game
21:46:44.445 [FXGL Background Thread 1 ] DEBUG GameScene            - Creating render group for layer: BACKGROUND(1000)
21:46:44.449 [FXGL Background Thread 1 ] DEBUG GameScene            - Creating render group for layer: DEFAULT(100000)
21:46:44.494 [FXGL Background Thread 1 ] DEBUG InitAppTask          - Initializing Physics
21:46:44.495 [FXGL Background Thread 1 ] DEBUG InitAppTask          - Initializing UI
21:46:44.495 [FXGL Background Thread 1 ] DEBUG InitAppTask          - Initialization Complete
21:46:44.495 [FXGL Background Thread 1 ] INFO  InitAppTask          - Game initialization took: 0,195 sec
21:46:44.504 [JavaFX Application Thread] DEBUG Input                - Clearing active input actions
21:46:44.515 [JavaFX Application Thread] DEBUG AppStateMachine      - LoadingState -> PlayState
21:57:06.315 [JavaFX Application Thread] DEBUG GameApplication      - Exiting game application
21:57:06.317 [JavaFX Application Thread] DEBUG GameApplication      - Shutting down background threads
21:57:06.318 [JavaFX Application Thread] DEBUG GameApplication      - Exiting FXGL
21:57:06.318 [JavaFX Application Thread] DEBUG FXGL                 - Saving FXGL system data
21:57:06.324 [JavaFX Application Thread] DEBUG DesktopFSService     - Writing to: system\fxgl.bundle
21:57:06.335 [JavaFX Application Thread] DEBUG GameApplication      - Closing logger and exiting JavaFX
