16:59:01.174 [JavaFX Application Thread] DEBUG GameApplication      - Logger initialized
16:59:01.223 [JavaFX Application Thread] DEBUG MainWindow           - Creating a JavaFX scene
16:59:01.606 [JavaFX Application Thread] DEBUG MainWindow           - Target settings size: 500.0 x 600.0
16:59:01.607 [JavaFX Application Thread] DEBUG MainWindow           - Scaled scene size:    500.0 x 600.0
16:59:01.607 [JavaFX Application Thread] DEBUG MainWindow           - Scaled ratio: (1.0, 1.0)
16:59:01.627 [JavaFX Application Thread] DEBUG GameApplication      - Starting FXGL
16:59:01.664 [JavaFX Application Thread] INFO  FXGL                 - FXGL-0.5.2 on DESKTOP
16:59:01.665 [JavaFX Application Thread] INFO  FXGL                 - Source code and latest versions at: https://github.com/AlmasB/FXGL
16:59:01.666 [JavaFX Application Thread] INFO  FXGL                 -              Join the FXGL chat at: https://gitter.im/AlmasB/FXGL
16:59:01.688 [JavaFX Application Thread] DEBUG FS                   - Loaded DesktopFSService
16:59:01.689 [JavaFX Application Thread] DEBUG FXGL                 - Loading FXGL system data
16:59:01.709 [JavaFX Application Thread] DEBUG DesktopFSService     - Reading from: system\fxgl.bundle
16:59:01.734 [JavaFX Application Thread] DEBUG Bundle               - Logging bundle: FXGL
16:59:01.736 [JavaFX Application Thread] DEBUG Bundle               - FXGL.offline.timer.version.check=2018-08-10T04:24:54.913
16:59:01.826 [JavaFX Application Thread] DEBUG GameApplication      - FXGL started
16:59:01.827 [JavaFX Application Thread] DEBUG GameApplication      - Logging game settings
Title: PinBall
Version: 0.1
Width: 500
Height: 600
Fullscreen: false
Intro: false
Menus: false
Profiling: false
Single step:false
App Mode: DEVELOPER
Menu Key: ESCAPE
Stage Style: DECORATED
Scene Factory: class com.almasb.fxgl.scene.SceneFactory
Dialog Factory: class com.almasb.fxgl.ui.FXGLDialogFactory
UI Factory: class com.almasb.fxgl.ui.FXGLUIFactory
Notification Service: class com.almasb.fxgl.gameplay.notification.XboxNotificationView
Exception Handler: class com.almasb.fxgl.app.FXGLExceptionHandler
16:59:01.830 [JavaFX Application Thread] DEBUG GameApplication      - Configuring GameApplication
16:59:01.831 [JavaFX Application Thread] DEBUG GameApplication      - Initializing state machine and application states
16:59:01.871 [JavaFX Application Thread] DEBUG AssetLoader          - Loading from disk: /assets/ui/cursors/fxgl_default.png
16:59:01.955 [JavaFX Application Thread] DEBUG AssetLoader          - Loading from disk: /assets/ui/cursors/fxgl_default.png
16:59:02.024 [JavaFX Application Thread] DEBUG FXGLAssets           - Loading FXGLAssets
16:59:02.129 [JavaFX Application Thread] DEBUG AssetLoader          - Loading from disk: /assets/ui/fonts/VarelaRound-Regular.ttf
16:59:02.393 [JavaFX Application Thread] DEBUG AssetLoader          - Loading from disk: /assets/ui/fonts/lucida_console.ttf
16:59:02.425 [JavaFX Application Thread] DEBUG AssetLoader          - Loading from disk: /assets/ui/css/fxgl_dark.css
16:59:02.541 [JavaFX Application Thread] DEBUG AssetLoader          - Loading from disk: /assets/ui/cursors/fxgl_default.png
16:59:02.680 [JavaFX Application Thread] DEBUG AssetLoader          - Loading from disk: /assets/ui/cursors/fxgl_default.png
16:59:02.802 [JavaFX Application Thread] DEBUG GameScene            - Game scene initialized: 500x600
16:59:02.816 [JavaFX Application Thread] DEBUG GameWorld            - Game world initialized
16:59:03.075 [JavaFX Application Thread] DEBUG PhysicsWorld         - Physics world initialized: appHeight=600, physics.ppm=50,0
16:59:03.193 [JavaFX Application Thread] DEBUG Input                - Registered new binding: Pause - Esc
16:59:03.274 [JavaFX Application Thread] DEBUG Input                - Clearing active input actions
16:59:03.472 [JavaFX Application Thread] DEBUG AppStateMachine      - StartupState -> StartupState
16:59:03.487 [JavaFX Application Thread] INFO  GameApplication      - Game configuration took:  1,656 sec
16:59:03.497 [JavaFX Application Thread] DEBUG AssetLoader          - Loading from disk: /assets/textures/fxgl_icon.png
16:59:03.513 [JavaFX Application Thread] DEBUG MainWindow           - Opening main window
16:59:04.154 [JavaFX Application Thread] DEBUG MainWindow           - Window border size: (6.0, 29.0)
16:59:04.155 [JavaFX Application Thread] DEBUG MainWindow           - Scaled size: 500.0 x 600.0
16:59:04.155 [JavaFX Application Thread] DEBUG MainWindow           - Scaled ratio: (1.0, 1.0)
16:59:04.156 [JavaFX Application Thread] DEBUG MainWindow           - Scene size: 500.0 x 600.0
16:59:04.157 [JavaFX Application Thread] DEBUG MainWindow           - Stage size: 506.0 x 629.0
16:59:04.157 [JavaFX Application Thread] DEBUG GameApplication      - Running preInit()
16:59:04.164 [JavaFX Application Thread] DEBUG Input                - Registered new binding: Screenshot - P
16:59:04.166 [JavaFX Application Thread] DEBUG Input                - Registered new binding: Dev Options - CTRL+0
16:59:04.168 [JavaFX Application Thread] DEBUG Input                - Registered new binding: System info dump - CTRL+9
16:59:04.169 [JavaFX Application Thread] DEBUG Input                - Registered new binding: Restart - CTRL+R
16:59:04.170 [JavaFX Application Thread] DEBUG Input                - Registered new binding: Move Right - D
16:59:04.233 [JavaFX Application Thread] DEBUG GameApplication      - Starting main loop
16:59:04.237 [JavaFX Application Thread] DEBUG StartupState         - STARTUP
16:59:04.238 [JavaFX Application Thread] DEBUG GameApplication      - Starting new game
16:59:04.239 [JavaFX Application Thread] DEBUG Input                - Clearing active input actions
16:59:04.264 [JavaFX Application Thread] DEBUG AppStateMachine      - StartupState -> LoadingState
16:59:04.294 [FXGL Background Thread 1 ] DEBUG InitAppTask          - Clearing previous game
16:59:04.294 [FXGL Background Thread 1 ] DEBUG GameWorld            - Clearing game world
16:59:04.295 [FXGL Background Thread 1 ] DEBUG PhysicsWorld         - Clearing physics world
16:59:04.295 [FXGL Background Thread 1 ] DEBUG GameScene            - Clearing game scene
16:59:04.301 [FXGL Background Thread 1 ] DEBUG InitAppTask          - Initializing Game
16:59:04.522 [FXGL Background Thread 1 ] DEBUG GameScene            - Creating render group for layer: BACKGROUND(1000)
16:59:04.528 [FXGL Background Thread 1 ] DEBUG GameScene            - Creating render group for layer: DEFAULT(100000)
16:59:04.619 [FXGL Background Thread 1 ] DEBUG InitAppTask          - Initializing Physics
16:59:04.620 [FXGL Background Thread 1 ] DEBUG InitAppTask          - Initializing UI
16:59:04.621 [FXGL Background Thread 1 ] DEBUG InitAppTask          - Initialization Complete
16:59:04.622 [FXGL Background Thread 1 ] INFO  InitAppTask          - Game initialization took: 0,327 sec
16:59:04.626 [JavaFX Application Thread] DEBUG Input                - Clearing active input actions
16:59:04.644 [JavaFX Application Thread] DEBUG AppStateMachine      - LoadingState -> PlayState
17:14:45.426 [JavaFX Application Thread] DEBUG GameApplication      - Exiting game application
17:14:45.429 [JavaFX Application Thread] DEBUG GameApplication      - Shutting down background threads
17:14:45.430 [JavaFX Application Thread] DEBUG GameApplication      - Exiting FXGL
17:14:45.430 [JavaFX Application Thread] DEBUG FXGL                 - Saving FXGL system data
17:14:45.440 [JavaFX Application Thread] DEBUG DesktopFSService     - Writing to: system\fxgl.bundle
17:14:45.457 [JavaFX Application Thread] DEBUG GameApplication      - Closing logger and exiting JavaFX
