23:09:11.705 [JavaFX Application Thread] DEBUG GameApplication      - Logger initialized
23:09:11.778 [JavaFX Application Thread] DEBUG MainWindow           - Creating a JavaFX scene
23:09:12.307 [JavaFX Application Thread] DEBUG MainWindow           - Target settings size: 700.0 x 600.0
23:09:12.308 [JavaFX Application Thread] DEBUG MainWindow           - Scaled scene size:    700.0 x 600.0
23:09:12.309 [JavaFX Application Thread] DEBUG MainWindow           - Scaled ratio: (1.0, 1.0)
23:09:12.334 [JavaFX Application Thread] DEBUG GameApplication      - Starting FXGL
23:09:12.385 [JavaFX Application Thread] INFO  FXGL                 - FXGL-0.5.2 on DESKTOP
23:09:12.387 [JavaFX Application Thread] INFO  FXGL                 - Source code and latest versions at: https://github.com/AlmasB/FXGL
23:09:12.388 [JavaFX Application Thread] INFO  FXGL                 -              Join the FXGL chat at: https://gitter.im/AlmasB/FXGL
23:09:12.418 [JavaFX Application Thread] DEBUG FS                   - Loaded DesktopFSService
23:09:12.420 [JavaFX Application Thread] DEBUG FXGL                 - Loading FXGL system data
23:09:12.444 [JavaFX Application Thread] DEBUG DesktopFSService     - Reading from: system\fxgl.bundle
23:09:12.485 [JavaFX Application Thread] DEBUG Bundle               - Logging bundle: FXGL
23:09:12.488 [JavaFX Application Thread] DEBUG Bundle               - FXGL.offline.timer.version.check=2018-08-17T16:45:45.901
23:09:12.632 [JavaFX Application Thread] DEBUG GameApplication      - FXGL started
23:09:12.633 [JavaFX Application Thread] DEBUG GameApplication      - Logging game settings
Title: PinBall
Version: 0.1
Width: 700
Height: 600
Fullscreen: false
Intro: false
Menus: false
Profiling: false
Single step:false
App Mode: DEVELOPER
Menu Key: ESCAPE
Stage Style: DECORATED
Scene Factory: class com.almasb.fxgl.scene.SceneFactory
Dialog Factory: class com.almasb.fxgl.ui.FXGLDialogFactory
UI Factory: class com.almasb.fxgl.ui.FXGLUIFactory
Notification Service: class com.almasb.fxgl.gameplay.notification.XboxNotificationView
Exception Handler: class com.almasb.fxgl.app.FXGLExceptionHandler
23:09:12.638 [JavaFX Application Thread] DEBUG GameApplication      - Configuring GameApplication
23:09:12.639 [JavaFX Application Thread] DEBUG GameApplication      - Initializing state machine and application states
23:09:12.699 [JavaFX Application Thread] DEBUG AssetLoader          - Loading from disk: /assets/ui/cursors/fxgl_default.png
23:09:12.810 [JavaFX Application Thread] DEBUG AssetLoader          - Loading from disk: /assets/ui/cursors/fxgl_default.png
23:09:12.923 [JavaFX Application Thread] DEBUG FXGLAssets           - Loading FXGLAssets
23:09:13.082 [JavaFX Application Thread] DEBUG AssetLoader          - Loading from disk: /assets/ui/fonts/VarelaRound-Regular.ttf
23:09:13.413 [JavaFX Application Thread] DEBUG AssetLoader          - Loading from disk: /assets/ui/fonts/lucida_console.ttf
23:09:13.456 [JavaFX Application Thread] DEBUG AssetLoader          - Loading from disk: /assets/ui/css/fxgl_dark.css
23:09:13.593 [JavaFX Application Thread] DEBUG AssetLoader          - Loading from disk: /assets/ui/cursors/fxgl_default.png
23:09:13.755 [JavaFX Application Thread] DEBUG AssetLoader          - Loading from disk: /assets/ui/cursors/fxgl_default.png
23:09:13.912 [JavaFX Application Thread] DEBUG GameScene            - Game scene initialized: 700x600
23:09:13.925 [JavaFX Application Thread] DEBUG GameWorld            - Game world initialized
23:09:14.171 [JavaFX Application Thread] DEBUG PhysicsWorld         - Physics world initialized: appHeight=600, physics.ppm=50,0
23:09:14.284 [JavaFX Application Thread] DEBUG Input                - Registered new binding: Pause - Esc
23:09:14.359 [JavaFX Application Thread] DEBUG Input                - Clearing active input actions
23:09:14.560 [JavaFX Application Thread] DEBUG AppStateMachine      - StartupState -> StartupState
23:09:14.577 [JavaFX Application Thread] INFO  GameApplication      - Game configuration took:  1,937 sec
23:09:14.585 [JavaFX Application Thread] DEBUG AssetLoader          - Loading from disk: /assets/textures/fxgl_icon.png
23:09:14.600 [JavaFX Application Thread] DEBUG MainWindow           - Opening main window
23:09:15.344 [JavaFX Application Thread] DEBUG MainWindow           - Window border size: (6.0, 29.0)
23:09:15.345 [JavaFX Application Thread] DEBUG MainWindow           - Scaled size: 700.0 x 600.0
23:09:15.346 [JavaFX Application Thread] DEBUG MainWindow           - Scaled ratio: (1.0, 1.0)
23:09:15.346 [JavaFX Application Thread] DEBUG MainWindow           - Scene size: 700.0 x 600.0
23:09:15.347 [JavaFX Application Thread] DEBUG MainWindow           - Stage size: 706.0 x 629.0
23:09:15.348 [JavaFX Application Thread] DEBUG GameApplication      - Running preInit()
23:09:15.356 [JavaFX Application Thread] DEBUG Input                - Registered new binding: Screenshot - P
23:09:15.358 [JavaFX Application Thread] DEBUG Input                - Registered new binding: Dev Options - CTRL+0
23:09:15.360 [JavaFX Application Thread] DEBUG Input                - Registered new binding: System info dump - CTRL+9
23:09:15.362 [JavaFX Application Thread] DEBUG Input                - Registered new binding: Restart - CTRL+R
23:09:15.363 [JavaFX Application Thread] DEBUG Input                - Registered new binding: Hit with LeftFlipper - A
23:09:15.364 [JavaFX Application Thread] DEBUG Input                - Registered new binding: Hit with RightFlipper - D
23:09:15.365 [JavaFX Application Thread] DEBUG Input                - Registered new binding: New ball - Space
23:09:15.369 [JavaFX Application Thread] DEBUG Input                - Registered new binding: New Table - N
23:09:15.438 [JavaFX Application Thread] DEBUG GameApplication      - Starting main loop
23:09:15.444 [JavaFX Application Thread] DEBUG StartupState         - STARTUP
23:09:15.445 [JavaFX Application Thread] DEBUG GameApplication      - Starting new game
23:09:15.446 [JavaFX Application Thread] DEBUG Input                - Clearing active input actions
23:09:15.477 [JavaFX Application Thread] DEBUG AppStateMachine      - StartupState -> LoadingState
23:09:15.500 [FXGL Background Thread 1 ] DEBUG InitAppTask          - Clearing previous game
23:09:15.501 [FXGL Background Thread 1 ] DEBUG GameWorld            - Clearing game world
23:09:15.501 [FXGL Background Thread 1 ] DEBUG PhysicsWorld         - Clearing physics world
23:09:15.502 [FXGL Background Thread 1 ] DEBUG GameScene            - Clearing game scene
23:09:15.508 [FXGL Background Thread 1 ] DEBUG InitAppTask          - Initializing Game
23:09:15.798 [FXGL Background Thread 1 ] DEBUG GameScene            - Creating render group for layer: BACKGROUND(1000)
23:09:15.931 [FXGL Background Thread 1 ] DEBUG GameScene            - Creating render group for layer: DEFAULT(100000)
23:09:15.946 [FXGL Background Thread 1 ] DEBUG InitAppTask          - Initializing Physics
23:09:15.949 [FXGL Background Thread 1 ] DEBUG InitAppTask          - Initializing UI
23:09:15.957 [FXGL Background Thread 1 ] DEBUG InitAppTask          - Initialization Complete
23:09:15.958 [FXGL Background Thread 1 ] INFO  InitAppTask          - Game initialization took: 0,457 sec
23:09:15.965 [JavaFX Application Thread] DEBUG Input                - Clearing active input actions
23:09:15.990 [JavaFX Application Thread] DEBUG AppStateMachine      - LoadingState -> PlayState
23:09:19.845 [JavaFX Application Thread] DEBUG AssetLoader          - Loading from cache: /assets/sounds/SpotTarget.wav
23:09:19.846 [JavaFX Application Thread] DEBUG AssetLoader          - Loading from cache: /assets/sounds/Bonus.wav
23:09:20.452 [JavaFX Application Thread] DEBUG AssetLoader          - Loading from cache: /assets/sounds/popBumper.wav
23:09:32.484 [JavaFX Application Thread] DEBUG AssetLoader          - Loading from cache: /assets/sounds/popBumper.wav
23:09:32.693 [JavaFX Application Thread] DEBUG AssetLoader          - Loading from cache: /assets/sounds/kickerBumper.wav
23:09:33.621 [JavaFX Application Thread] FATAL GameApplication      - Uncaught Exception:

Fatal exception occurred: java.lang.NullPointerException : null
E: com.almasb.fxgl.physics.box2d.dynamics.Fixture.getProxyId(Fixture.java:263)
E: com.almasb.fxgl.physics.box2d.dynamics.Fixture.testProxyOverlap(Fixture.java:257)
E: com.almasb.fxgl.physics.box2d.dynamics.ContactManager.collide(ContactManager.java:264)
E: com.almasb.fxgl.physics.box2d.dynamics.World.step(World.java:303)
E: com.almasb.fxgl.physics.PhysicsWorld.onUpdate(PhysicsWorld.java:232)
E: com.almasb.fxgl.app.PlayState.onUpdate(AppStates.kt:237)
E: com.almasb.fxgl.app.State.update(State.java:73)
E: com.almasb.fxgl.app.AppStateMachine.onUpdate(AppStateMachine.java:100)
E: com.almasb.fxgl.app.GameApplication.stepLoop(GameApplication.java:382)
E: com.almasb.fxgl.app.GameApplication$2.handle(GameApplication.java:348)
E: javafx.animation.AnimationTimer$AnimationTimerReceiver.lambda$handle$484(AnimationTimer.java:57)
E: java.security.AccessController.doPrivileged(Native Method)
E: javafx.animation.AnimationTimer$AnimationTimerReceiver.handle(AnimationTimer.java:56)
E: com.sun.scenario.animation.AbstractMasterTimer.timePulseImpl(AbstractMasterTimer.java:357)
E: com.sun.scenario.animation.AbstractMasterTimer$MainLoop.run(AbstractMasterTimer.java:267)
E: com.sun.javafx.tk.quantum.QuantumToolkit.pulse(QuantumToolkit.java:506)
E: com.sun.javafx.tk.quantum.QuantumToolkit.pulse(QuantumToolkit.java:490)
E: com.sun.javafx.tk.quantum.QuantumToolkit.lambda$runToolkit$404(QuantumToolkit.java:319)
E: com.sun.glass.ui.InvokeLaterDispatcher$Future.run(InvokeLaterDispatcher.java:95)
E: com.sun.glass.ui.win.WinApplication._runLoop(Native Method)
E: com.sun.glass.ui.win.WinApplication.lambda$null$148(WinApplication.java:191)
E: java.lang.Thread.run(Thread.java:745)

23:09:33.622 [JavaFX Application Thread] FATAL GameApplication      - Application will now exit
23:09:33.623 [JavaFX Application Thread] DEBUG GameApplication      - Stopping main loop
23:09:36.174 [JavaFX Application Thread] DEBUG GameApplication      - Exiting game application
23:09:36.176 [JavaFX Application Thread] DEBUG GameApplication      - Shutting down background threads
23:09:36.177 [JavaFX Application Thread] DEBUG GameApplication      - Exiting FXGL
23:09:36.178 [JavaFX Application Thread] DEBUG FXGL                 - Saving FXGL system data
23:09:36.187 [JavaFX Application Thread] DEBUG DesktopFSService     - Writing to: system\fxgl.bundle
23:09:36.201 [JavaFX Application Thread] DEBUG GameApplication      - Closing logger and exiting JavaFX
