04:55:21.870 [JavaFX Application Thread] DEBUG GameApplication      - Logger initialized
04:55:21.920 [JavaFX Application Thread] DEBUG MainWindow           - Creating a JavaFX scene
04:55:22.485 [JavaFX Application Thread] DEBUG MainWindow           - Target settings size: 700.0 x 600.0
04:55:22.486 [JavaFX Application Thread] DEBUG MainWindow           - Scaled scene size:    700.0 x 600.0
04:55:22.487 [JavaFX Application Thread] DEBUG MainWindow           - Scaled ratio: (1.0, 1.0)
04:55:22.511 [JavaFX Application Thread] DEBUG GameApplication      - Starting FXGL
04:55:22.557 [JavaFX Application Thread] INFO  FXGL                 - FXGL-0.5.2 on DESKTOP
04:55:22.558 [JavaFX Application Thread] INFO  FXGL                 - Source code and latest versions at: https://github.com/AlmasB/FXGL
04:55:22.559 [JavaFX Application Thread] INFO  FXGL                 -              Join the FXGL chat at: https://gitter.im/AlmasB/FXGL
04:55:22.586 [JavaFX Application Thread] DEBUG FS                   - Loaded DesktopFSService
04:55:22.588 [JavaFX Application Thread] DEBUG FXGL                 - Loading FXGL system data
04:55:22.602 [JavaFX Application Thread] DEBUG DesktopFSService     - Reading from: system\fxgl.bundle
04:55:22.629 [JavaFX Application Thread] DEBUG Bundle               - Logging bundle: FXGL
04:55:22.632 [JavaFX Application Thread] DEBUG Bundle               - FXGL.offline.timer.version.check=2018-08-17T16:45:45.901
04:55:22.764 [JavaFX Application Thread] DEBUG GameApplication      - FXGL started
04:55:22.766 [JavaFX Application Thread] DEBUG GameApplication      - Logging game settings
Title: PinBall
Version: 0.1
Width: 700
Height: 600
Fullscreen: false
Intro: false
Menus: false
Profiling: false
Single step:false
App Mode: DEVELOPER
Menu Key: ESCAPE
Stage Style: DECORATED
Scene Factory: class com.almasb.fxgl.scene.SceneFactory
Dialog Factory: class com.almasb.fxgl.ui.FXGLDialogFactory
UI Factory: class com.almasb.fxgl.ui.FXGLUIFactory
Notification Service: class com.almasb.fxgl.gameplay.notification.XboxNotificationView
Exception Handler: class com.almasb.fxgl.app.FXGLExceptionHandler
04:55:22.770 [JavaFX Application Thread] DEBUG GameApplication      - Configuring GameApplication
04:55:22.771 [JavaFX Application Thread] DEBUG GameApplication      - Initializing state machine and application states
04:55:22.828 [JavaFX Application Thread] DEBUG AssetLoader          - Loading from disk: /assets/ui/cursors/fxgl_default.png
04:55:22.933 [JavaFX Application Thread] DEBUG AssetLoader          - Loading from disk: /assets/ui/cursors/fxgl_default.png
04:55:23.018 [JavaFX Application Thread] DEBUG FXGLAssets           - Loading FXGLAssets
04:55:23.155 [JavaFX Application Thread] DEBUG AssetLoader          - Loading from disk: /assets/ui/fonts/VarelaRound-Regular.ttf
04:55:23.495 [JavaFX Application Thread] DEBUG AssetLoader          - Loading from disk: /assets/ui/fonts/lucida_console.ttf
04:55:23.537 [JavaFX Application Thread] DEBUG AssetLoader          - Loading from disk: /assets/ui/css/fxgl_dark.css
04:55:23.665 [JavaFX Application Thread] DEBUG AssetLoader          - Loading from disk: /assets/ui/cursors/fxgl_default.png
04:55:23.830 [JavaFX Application Thread] DEBUG AssetLoader          - Loading from disk: /assets/ui/cursors/fxgl_default.png
04:55:23.954 [JavaFX Application Thread] DEBUG GameScene            - Game scene initialized: 700x600
04:55:23.968 [JavaFX Application Thread] DEBUG GameWorld            - Game world initialized
04:55:24.188 [JavaFX Application Thread] DEBUG PhysicsWorld         - Physics world initialized: appHeight=600, physics.ppm=50,0
04:55:24.291 [JavaFX Application Thread] DEBUG Input                - Registered new binding: Pause - Esc
04:55:24.364 [JavaFX Application Thread] DEBUG Input                - Clearing active input actions
04:55:24.567 [JavaFX Application Thread] DEBUG AppStateMachine      - StartupState -> StartupState
04:55:24.583 [JavaFX Application Thread] INFO  GameApplication      - Game configuration took:  1,811 sec
04:55:24.591 [JavaFX Application Thread] DEBUG AssetLoader          - Loading from disk: /assets/textures/fxgl_icon.png
04:55:24.611 [JavaFX Application Thread] DEBUG MainWindow           - Opening main window
04:55:25.204 [JavaFX Application Thread] DEBUG MainWindow           - Window border size: (6.0, 29.0)
04:55:25.205 [JavaFX Application Thread] DEBUG MainWindow           - Scaled size: 700.0 x 600.0
04:55:25.205 [JavaFX Application Thread] DEBUG MainWindow           - Scaled ratio: (1.0, 1.0)
04:55:25.206 [JavaFX Application Thread] DEBUG MainWindow           - Scene size: 700.0 x 600.0
04:55:25.207 [JavaFX Application Thread] DEBUG MainWindow           - Stage size: 706.0 x 629.0
04:55:25.208 [JavaFX Application Thread] DEBUG GameApplication      - Running preInit()
04:55:25.215 [JavaFX Application Thread] DEBUG Input                - Registered new binding: Screenshot - P
04:55:25.217 [JavaFX Application Thread] DEBUG Input                - Registered new binding: Dev Options - CTRL+0
04:55:25.219 [JavaFX Application Thread] DEBUG Input                - Registered new binding: System info dump - CTRL+9
04:55:25.221 [JavaFX Application Thread] DEBUG Input                - Registered new binding: Restart - CTRL+R
04:55:25.221 [JavaFX Application Thread] DEBUG Input                - Registered new binding: Hit with LeftFlipper - A
04:55:25.222 [JavaFX Application Thread] DEBUG Input                - Registered new binding: Hit with RightFlipper - D
04:55:25.223 [JavaFX Application Thread] DEBUG Input                - Registered new binding: New ball - Space
04:55:25.226 [JavaFX Application Thread] DEBUG Input                - Registered new binding: New Table - N
04:55:25.298 [JavaFX Application Thread] DEBUG GameApplication      - Starting main loop
04:55:25.304 [JavaFX Application Thread] DEBUG StartupState         - STARTUP
04:55:25.305 [JavaFX Application Thread] DEBUG GameApplication      - Starting new game
04:55:25.306 [JavaFX Application Thread] DEBUG Input                - Clearing active input actions
04:55:25.339 [JavaFX Application Thread] DEBUG AppStateMachine      - StartupState -> LoadingState
04:55:25.364 [FXGL Background Thread 1 ] DEBUG InitAppTask          - Clearing previous game
04:55:25.365 [FXGL Background Thread 1 ] DEBUG GameWorld            - Clearing game world
04:55:25.365 [FXGL Background Thread 1 ] DEBUG PhysicsWorld         - Clearing physics world
04:55:25.366 [FXGL Background Thread 1 ] DEBUG GameScene            - Clearing game scene
04:55:25.370 [FXGL Background Thread 1 ] DEBUG InitAppTask          - Initializing Game
04:55:25.658 [FXGL Background Thread 1 ] DEBUG GameScene            - Creating render group for layer: BACKGROUND(1000)
04:55:25.790 [FXGL Background Thread 1 ] DEBUG GameScene            - Creating render group for layer: DEFAULT(100000)
04:55:25.804 [FXGL Background Thread 1 ] DEBUG InitAppTask          - Initializing Physics
04:55:25.806 [FXGL Background Thread 1 ] DEBUG InitAppTask          - Initializing UI
04:55:25.813 [FXGL Background Thread 1 ] DEBUG InitAppTask          - Initialization Complete
04:55:25.815 [FXGL Background Thread 1 ] INFO  InitAppTask          - Game initialization took: 0,450 sec
04:55:25.819 [JavaFX Application Thread] DEBUG Input                - Clearing active input actions
04:55:25.852 [JavaFX Application Thread] DEBUG AppStateMachine      - LoadingState -> PlayState
04:56:17.240 [JavaFX Application Thread] DEBUG GameApplication      - Exiting game application
04:56:17.243 [JavaFX Application Thread] DEBUG GameApplication      - Shutting down background threads
04:56:17.244 [JavaFX Application Thread] DEBUG GameApplication      - Exiting FXGL
04:56:17.245 [JavaFX Application Thread] DEBUG FXGL                 - Saving FXGL system data
04:56:17.251 [JavaFX Application Thread] DEBUG DesktopFSService     - Writing to: system\fxgl.bundle
04:56:17.267 [JavaFX Application Thread] DEBUG GameApplication      - Closing logger and exiting JavaFX
