20:52:25.849 [JavaFX Application Thread] DEBUG GameApplication      - Logger initialized
20:52:25.894 [JavaFX Application Thread] DEBUG MainWindow           - Creating a JavaFX scene
20:52:26.282 [JavaFX Application Thread] DEBUG MainWindow           - Target settings size: 500.0 x 600.0
20:52:26.283 [JavaFX Application Thread] DEBUG MainWindow           - Scaled scene size:    500.0 x 600.0
20:52:26.284 [JavaFX Application Thread] DEBUG MainWindow           - Scaled ratio: (1.0, 1.0)
20:52:26.305 [JavaFX Application Thread] DEBUG GameApplication      - Starting FXGL
20:52:26.345 [JavaFX Application Thread] INFO  FXGL                 - FXGL-0.5.2 on DESKTOP
20:52:26.347 [JavaFX Application Thread] INFO  FXGL                 - Source code and latest versions at: https://github.com/AlmasB/FXGL
20:52:26.347 [JavaFX Application Thread] INFO  FXGL                 -              Join the FXGL chat at: https://gitter.im/AlmasB/FXGL
20:52:26.371 [JavaFX Application Thread] DEBUG FS                   - Loaded DesktopFSService
20:52:26.372 [JavaFX Application Thread] DEBUG FXGL                 - Loading FXGL system data
20:52:26.393 [JavaFX Application Thread] DEBUG DesktopFSService     - Reading from: system\fxgl.bundle
20:52:26.426 [JavaFX Application Thread] DEBUG Bundle               - Logging bundle: FXGL
20:52:26.428 [JavaFX Application Thread] DEBUG Bundle               - FXGL.offline.timer.version.check=2018-08-10T04:24:54.913
20:52:26.535 [JavaFX Application Thread] DEBUG GameApplication      - FXGL started
20:52:26.536 [JavaFX Application Thread] DEBUG GameApplication      - Logging game settings
Title: PinBall
Version: 0.1
Width: 500
Height: 600
Fullscreen: false
Intro: false
Menus: false
Profiling: false
Single step:false
App Mode: DEVELOPER
Menu Key: ESCAPE
Stage Style: DECORATED
Scene Factory: class com.almasb.fxgl.scene.SceneFactory
Dialog Factory: class com.almasb.fxgl.ui.FXGLDialogFactory
UI Factory: class com.almasb.fxgl.ui.FXGLUIFactory
Notification Service: class com.almasb.fxgl.gameplay.notification.XboxNotificationView
Exception Handler: class com.almasb.fxgl.app.FXGLExceptionHandler
20:52:26.539 [JavaFX Application Thread] DEBUG GameApplication      - Configuring GameApplication
20:52:26.539 [JavaFX Application Thread] DEBUG GameApplication      - Initializing state machine and application states
20:52:26.581 [JavaFX Application Thread] DEBUG AssetLoader          - Loading from disk: /assets/ui/cursors/fxgl_default.png
20:52:26.639 [JavaFX Application Thread] DEBUG AssetLoader          - Loading from disk: /assets/ui/cursors/fxgl_default.png
20:52:26.699 [JavaFX Application Thread] DEBUG FXGLAssets           - Loading FXGLAssets
20:52:26.780 [JavaFX Application Thread] DEBUG AssetLoader          - Loading from disk: /assets/ui/fonts/VarelaRound-Regular.ttf
20:52:26.971 [JavaFX Application Thread] DEBUG AssetLoader          - Loading from disk: /assets/ui/fonts/lucida_console.ttf
20:52:26.995 [JavaFX Application Thread] DEBUG AssetLoader          - Loading from disk: /assets/ui/css/fxgl_dark.css
20:52:27.076 [JavaFX Application Thread] DEBUG AssetLoader          - Loading from disk: /assets/ui/cursors/fxgl_default.png
20:52:27.172 [JavaFX Application Thread] DEBUG AssetLoader          - Loading from disk: /assets/ui/cursors/fxgl_default.png
20:52:27.251 [JavaFX Application Thread] DEBUG GameScene            - Game scene initialized: 500x600
20:52:27.261 [JavaFX Application Thread] DEBUG GameWorld            - Game world initialized
20:52:27.392 [JavaFX Application Thread] DEBUG PhysicsWorld         - Physics world initialized: appHeight=600, physics.ppm=50,0
20:52:27.453 [JavaFX Application Thread] DEBUG Input                - Registered new binding: Pause - Esc
20:52:27.498 [JavaFX Application Thread] DEBUG Input                - Clearing active input actions
20:52:27.608 [JavaFX Application Thread] DEBUG AppStateMachine      - StartupState -> StartupState
20:52:27.615 [JavaFX Application Thread] INFO  GameApplication      - Game configuration took:  1,075 sec
20:52:27.620 [JavaFX Application Thread] DEBUG AssetLoader          - Loading from disk: /assets/textures/fxgl_icon.png
20:52:27.631 [JavaFX Application Thread] DEBUG MainWindow           - Opening main window
20:52:27.978 [JavaFX Application Thread] DEBUG MainWindow           - Window border size: (6.0, 29.0)
20:52:27.979 [JavaFX Application Thread] DEBUG MainWindow           - Scaled size: 500.0 x 600.0
20:52:27.979 [JavaFX Application Thread] DEBUG MainWindow           - Scaled ratio: (1.0, 1.0)
20:52:27.980 [JavaFX Application Thread] DEBUG MainWindow           - Scene size: 500.0 x 600.0
20:52:27.980 [JavaFX Application Thread] DEBUG MainWindow           - Stage size: 506.0 x 629.0
20:52:27.981 [JavaFX Application Thread] DEBUG GameApplication      - Running preInit()
20:52:27.985 [JavaFX Application Thread] DEBUG Input                - Registered new binding: Screenshot - P
20:52:27.986 [JavaFX Application Thread] DEBUG Input                - Registered new binding: Dev Options - CTRL+0
20:52:27.987 [JavaFX Application Thread] DEBUG Input                - Registered new binding: System info dump - CTRL+9
20:52:27.988 [JavaFX Application Thread] DEBUG Input                - Registered new binding: Restart - CTRL+R
20:52:27.989 [JavaFX Application Thread] DEBUG Input                - Registered new binding: Move Right - D
20:52:28.024 [JavaFX Application Thread] DEBUG GameApplication      - Starting main loop
20:52:28.028 [JavaFX Application Thread] DEBUG StartupState         - STARTUP
20:52:28.028 [JavaFX Application Thread] DEBUG GameApplication      - Starting new game
20:52:28.029 [JavaFX Application Thread] DEBUG Input                - Clearing active input actions
20:52:28.042 [JavaFX Application Thread] DEBUG AppStateMachine      - StartupState -> LoadingState
20:52:28.053 [FXGL Background Thread 1 ] DEBUG InitAppTask          - Clearing previous game
20:52:28.053 [FXGL Background Thread 1 ] DEBUG GameWorld            - Clearing game world
20:52:28.053 [FXGL Background Thread 1 ] DEBUG PhysicsWorld         - Clearing physics world
20:52:28.054 [FXGL Background Thread 1 ] DEBUG GameScene            - Clearing game scene
20:52:28.056 [FXGL Background Thread 1 ] DEBUG InitAppTask          - Initializing Game
20:52:28.204 [FXGL Background Thread 1 ] DEBUG GameScene            - Creating render group for layer: BACKGROUND(1000)
20:52:28.208 [FXGL Background Thread 1 ] DEBUG GameScene            - Creating render group for layer: DEFAULT(100000)
20:52:28.268 [FXGL Background Thread 1 ] DEBUG InitAppTask          - Initializing Physics
20:52:28.269 [FXGL Background Thread 1 ] DEBUG InitAppTask          - Initializing UI
20:52:28.269 [FXGL Background Thread 1 ] DEBUG InitAppTask          - Initialization Complete
20:52:28.270 [FXGL Background Thread 1 ] INFO  InitAppTask          - Game initialization took: 0,217 sec
20:52:28.284 [JavaFX Application Thread] DEBUG Input                - Clearing active input actions
20:52:28.310 [JavaFX Application Thread] DEBUG AppStateMachine      - LoadingState -> PlayState
20:52:35.936 [JavaFX Application Thread] DEBUG GameApplication      - Exiting game application
20:52:35.939 [JavaFX Application Thread] DEBUG GameApplication      - Shutting down background threads
20:52:35.940 [JavaFX Application Thread] DEBUG GameApplication      - Exiting FXGL
20:52:35.940 [JavaFX Application Thread] DEBUG FXGL                 - Saving FXGL system data
20:52:35.948 [JavaFX Application Thread] DEBUG DesktopFSService     - Writing to: system\fxgl.bundle
20:52:35.964 [JavaFX Application Thread] DEBUG GameApplication      - Closing logger and exiting JavaFX
