20:51:48.717 [JavaFX Application Thread] DEBUG GameApplication      - Logger initialized
20:51:48.792 [JavaFX Application Thread] DEBUG MainWindow           - Creating a JavaFX scene
20:51:49.356 [JavaFX Application Thread] DEBUG MainWindow           - Target settings size: 500.0 x 600.0
20:51:49.356 [JavaFX Application Thread] DEBUG MainWindow           - Scaled scene size:    500.0 x 600.0
20:51:49.357 [JavaFX Application Thread] DEBUG MainWindow           - Scaled ratio: (1.0, 1.0)
20:51:49.383 [JavaFX Application Thread] DEBUG GameApplication      - Starting FXGL
20:51:49.427 [JavaFX Application Thread] INFO  FXGL                 - FXGL-0.5.2 on DESKTOP
20:51:49.429 [JavaFX Application Thread] INFO  FXGL                 - Source code and latest versions at: https://github.com/AlmasB/FXGL
20:51:49.429 [JavaFX Application Thread] INFO  FXGL                 -              Join the FXGL chat at: https://gitter.im/AlmasB/FXGL
20:51:49.461 [JavaFX Application Thread] DEBUG FS                   - Loaded DesktopFSService
20:51:49.463 [JavaFX Application Thread] DEBUG FXGL                 - Loading FXGL system data
20:51:49.490 [JavaFX Application Thread] DEBUG DesktopFSService     - Reading from: system\fxgl.bundle
20:51:49.529 [JavaFX Application Thread] DEBUG Bundle               - Logging bundle: FXGL
20:51:49.531 [JavaFX Application Thread] DEBUG Bundle               - FXGL.offline.timer.version.check=2018-08-10T04:24:54.913
20:51:49.679 [JavaFX Application Thread] DEBUG GameApplication      - FXGL started
20:51:49.684 [JavaFX Application Thread] DEBUG GameApplication      - Logging game settings
Title: PinBall
Version: 0.1
Width: 500
Height: 600
Fullscreen: false
Intro: false
Menus: false
Profiling: false
Single step:false
App Mode: DEVELOPER
Menu Key: ESCAPE
Stage Style: DECORATED
Scene Factory: class com.almasb.fxgl.scene.SceneFactory
Dialog Factory: class com.almasb.fxgl.ui.FXGLDialogFactory
UI Factory: class com.almasb.fxgl.ui.FXGLUIFactory
Notification Service: class com.almasb.fxgl.gameplay.notification.XboxNotificationView
Exception Handler: class com.almasb.fxgl.app.FXGLExceptionHandler
20:51:49.690 [JavaFX Application Thread] DEBUG GameApplication      - Configuring GameApplication
20:51:49.691 [JavaFX Application Thread] DEBUG GameApplication      - Initializing state machine and application states
20:51:49.752 [JavaFX Application Thread] DEBUG AssetLoader          - Loading from disk: /assets/ui/cursors/fxgl_default.png
20:51:49.864 [JavaFX Application Thread] DEBUG AssetLoader          - Loading from disk: /assets/ui/cursors/fxgl_default.png
20:51:49.963 [JavaFX Application Thread] DEBUG FXGLAssets           - Loading FXGLAssets
20:51:50.116 [JavaFX Application Thread] DEBUG AssetLoader          - Loading from disk: /assets/ui/fonts/VarelaRound-Regular.ttf
20:51:50.477 [JavaFX Application Thread] DEBUG AssetLoader          - Loading from disk: /assets/ui/fonts/lucida_console.ttf
20:51:50.521 [JavaFX Application Thread] DEBUG AssetLoader          - Loading from disk: /assets/ui/css/fxgl_dark.css
20:51:50.660 [JavaFX Application Thread] DEBUG AssetLoader          - Loading from disk: /assets/ui/cursors/fxgl_default.png
20:51:50.819 [JavaFX Application Thread] DEBUG AssetLoader          - Loading from disk: /assets/ui/cursors/fxgl_default.png
20:51:50.950 [JavaFX Application Thread] DEBUG GameScene            - Game scene initialized: 500x600
20:51:50.964 [JavaFX Application Thread] DEBUG GameWorld            - Game world initialized
20:51:51.191 [JavaFX Application Thread] DEBUG PhysicsWorld         - Physics world initialized: appHeight=600, physics.ppm=50,0
20:51:51.312 [JavaFX Application Thread] DEBUG Input                - Registered new binding: Pause - Esc
20:51:51.392 [JavaFX Application Thread] DEBUG Input                - Clearing active input actions
20:51:51.598 [JavaFX Application Thread] DEBUG AppStateMachine      - StartupState -> StartupState
20:51:51.615 [JavaFX Application Thread] INFO  GameApplication      - Game configuration took:  1,924 sec
20:51:51.622 [JavaFX Application Thread] DEBUG AssetLoader          - Loading from disk: /assets/textures/fxgl_icon.png
20:51:51.641 [JavaFX Application Thread] DEBUG MainWindow           - Opening main window
20:51:52.293 [JavaFX Application Thread] DEBUG MainWindow           - Window border size: (6.0, 29.0)
20:51:52.294 [JavaFX Application Thread] DEBUG MainWindow           - Scaled size: 500.0 x 600.0
20:51:52.295 [JavaFX Application Thread] DEBUG MainWindow           - Scaled ratio: (1.0, 1.0)
20:51:52.296 [JavaFX Application Thread] DEBUG MainWindow           - Scene size: 500.0 x 600.0
20:51:52.296 [JavaFX Application Thread] DEBUG MainWindow           - Stage size: 506.0 x 629.0
20:51:52.297 [JavaFX Application Thread] DEBUG GameApplication      - Running preInit()
20:51:52.303 [JavaFX Application Thread] DEBUG Input                - Registered new binding: Screenshot - P
20:51:52.304 [JavaFX Application Thread] DEBUG Input                - Registered new binding: Dev Options - CTRL+0
20:51:52.306 [JavaFX Application Thread] DEBUG Input                - Registered new binding: System info dump - CTRL+9
20:51:52.308 [JavaFX Application Thread] DEBUG Input                - Registered new binding: Restart - CTRL+R
20:51:52.308 [JavaFX Application Thread] DEBUG Input                - Registered new binding: Move Right - D
20:51:52.361 [JavaFX Application Thread] DEBUG GameApplication      - Starting main loop
20:51:52.366 [JavaFX Application Thread] DEBUG StartupState         - STARTUP
20:51:52.367 [JavaFX Application Thread] DEBUG GameApplication      - Starting new game
20:51:52.367 [JavaFX Application Thread] DEBUG Input                - Clearing active input actions
20:51:52.389 [JavaFX Application Thread] DEBUG AppStateMachine      - StartupState -> LoadingState
20:51:52.406 [FXGL Background Thread 1 ] DEBUG InitAppTask          - Clearing previous game
20:51:52.407 [FXGL Background Thread 1 ] DEBUG GameWorld            - Clearing game world
20:51:52.407 [FXGL Background Thread 1 ] DEBUG PhysicsWorld         - Clearing physics world
20:51:52.408 [FXGL Background Thread 1 ] DEBUG GameScene            - Clearing game scene
20:51:52.412 [FXGL Background Thread 1 ] DEBUG InitAppTask          - Initializing Game
20:51:52.678 [FXGL Background Thread 1 ] DEBUG GameScene            - Creating render group for layer: BACKGROUND(1000)
20:51:52.689 [FXGL Background Thread 1 ] DEBUG GameScene            - Creating render group for layer: DEFAULT(100000)
20:51:52.799 [FXGL Background Thread 1 ] DEBUG InitAppTask          - Initializing Physics
20:51:52.801 [FXGL Background Thread 1 ] DEBUG InitAppTask          - Initializing UI
20:51:52.801 [FXGL Background Thread 1 ] DEBUG InitAppTask          - Initialization Complete
20:51:52.802 [FXGL Background Thread 1 ] INFO  InitAppTask          - Game initialization took: 0,395 sec
20:51:52.807 [JavaFX Application Thread] DEBUG Input                - Clearing active input actions
20:51:52.832 [JavaFX Application Thread] DEBUG AppStateMachine      - LoadingState -> PlayState
20:53:01.174 [JavaFX Application Thread] DEBUG GameApplication      - Exiting game application
20:53:01.177 [JavaFX Application Thread] DEBUG GameApplication      - Shutting down background threads
20:53:01.178 [JavaFX Application Thread] DEBUG GameApplication      - Exiting FXGL
20:53:01.178 [JavaFX Application Thread] DEBUG FXGL                 - Saving FXGL system data
20:53:01.186 [JavaFX Application Thread] DEBUG DesktopFSService     - Writing to: system\fxgl.bundle
20:53:01.210 [JavaFX Application Thread] DEBUG GameApplication      - Closing logger and exiting JavaFX
