16:35:26.687 [JavaFX Application Thread] DEBUG GameApplication      - Logger initialized
16:35:26.737 [JavaFX Application Thread] DEBUG MainWindow           - Creating a JavaFX scene
16:35:27.281 [JavaFX Application Thread] DEBUG MainWindow           - Target settings size: 700.0 x 600.0
16:35:27.282 [JavaFX Application Thread] DEBUG MainWindow           - Scaled scene size:    700.0 x 600.0
16:35:27.283 [JavaFX Application Thread] DEBUG MainWindow           - Scaled ratio: (1.0, 1.0)
16:35:27.315 [JavaFX Application Thread] DEBUG GameApplication      - Starting FXGL
16:35:27.369 [JavaFX Application Thread] INFO  FXGL                 - FXGL-0.5.2 on DESKTOP
16:35:27.371 [JavaFX Application Thread] INFO  FXGL                 - Source code and latest versions at: https://github.com/AlmasB/FXGL
16:35:27.372 [JavaFX Application Thread] INFO  FXGL                 -              Join the FXGL chat at: https://gitter.im/AlmasB/FXGL
16:35:27.409 [JavaFX Application Thread] DEBUG FS                   - Loaded DesktopFSService
16:35:27.411 [JavaFX Application Thread] DEBUG FXGL                 - Loading FXGL system data
16:35:27.429 [JavaFX Application Thread] DEBUG DesktopFSService     - Reading from: system\fxgl.bundle
16:35:27.461 [JavaFX Application Thread] DEBUG Bundle               - Logging bundle: FXGL
16:35:27.464 [JavaFX Application Thread] DEBUG Bundle               - FXGL.offline.timer.version.check=2018-08-17T16:45:45.901
16:35:27.616 [JavaFX Application Thread] DEBUG GameApplication      - FXGL started
16:35:27.618 [JavaFX Application Thread] DEBUG GameApplication      - Logging game settings
Title: PinBall
Version: 0.1
Width: 700
Height: 600
Fullscreen: false
Intro: false
Menus: false
Profiling: false
Single step:false
App Mode: DEVELOPER
Menu Key: ESCAPE
Stage Style: DECORATED
Scene Factory: class com.almasb.fxgl.scene.SceneFactory
Dialog Factory: class com.almasb.fxgl.ui.FXGLDialogFactory
UI Factory: class com.almasb.fxgl.ui.FXGLUIFactory
Notification Service: class com.almasb.fxgl.gameplay.notification.XboxNotificationView
Exception Handler: class com.almasb.fxgl.app.FXGLExceptionHandler
16:35:27.622 [JavaFX Application Thread] DEBUG GameApplication      - Configuring GameApplication
16:35:27.623 [JavaFX Application Thread] DEBUG GameApplication      - Initializing state machine and application states
16:35:27.684 [JavaFX Application Thread] DEBUG AssetLoader          - Loading from disk: /assets/ui/cursors/fxgl_default.png
16:35:27.788 [JavaFX Application Thread] DEBUG AssetLoader          - Loading from disk: /assets/ui/cursors/fxgl_default.png
16:35:27.890 [JavaFX Application Thread] DEBUG FXGLAssets           - Loading FXGLAssets
16:35:28.041 [JavaFX Application Thread] DEBUG AssetLoader          - Loading from disk: /assets/ui/fonts/VarelaRound-Regular.ttf
16:35:28.468 [JavaFX Application Thread] DEBUG AssetLoader          - Loading from disk: /assets/ui/fonts/lucida_console.ttf
16:35:28.513 [JavaFX Application Thread] DEBUG AssetLoader          - Loading from disk: /assets/ui/css/fxgl_dark.css
16:35:28.647 [JavaFX Application Thread] DEBUG AssetLoader          - Loading from disk: /assets/ui/cursors/fxgl_default.png
16:35:28.824 [JavaFX Application Thread] DEBUG AssetLoader          - Loading from disk: /assets/ui/cursors/fxgl_default.png
16:35:28.964 [JavaFX Application Thread] DEBUG GameScene            - Game scene initialized: 700x600
16:35:28.978 [JavaFX Application Thread] DEBUG GameWorld            - Game world initialized
16:35:29.215 [JavaFX Application Thread] DEBUG PhysicsWorld         - Physics world initialized: appHeight=600, physics.ppm=50,0
16:35:29.316 [JavaFX Application Thread] DEBUG Input                - Registered new binding: Pause - Esc
16:35:29.394 [JavaFX Application Thread] DEBUG Input                - Clearing active input actions
16:35:29.595 [JavaFX Application Thread] DEBUG AppStateMachine      - StartupState -> StartupState
16:35:29.611 [JavaFX Application Thread] INFO  GameApplication      - Game configuration took:  1,988 sec
16:35:29.620 [JavaFX Application Thread] DEBUG AssetLoader          - Loading from disk: /assets/textures/fxgl_icon.png
16:35:29.638 [JavaFX Application Thread] DEBUG MainWindow           - Opening main window
16:35:30.294 [JavaFX Application Thread] DEBUG MainWindow           - Window border size: (6.0, 29.0)
16:35:30.295 [JavaFX Application Thread] DEBUG MainWindow           - Scaled size: 700.0 x 600.0
16:35:30.296 [JavaFX Application Thread] DEBUG MainWindow           - Scaled ratio: (1.0, 1.0)
16:35:30.297 [JavaFX Application Thread] DEBUG MainWindow           - Scene size: 700.0 x 600.0
16:35:30.298 [JavaFX Application Thread] DEBUG MainWindow           - Stage size: 706.0 x 629.0
16:35:30.299 [JavaFX Application Thread] DEBUG GameApplication      - Running preInit()
16:35:30.308 [JavaFX Application Thread] DEBUG Input                - Registered new binding: Screenshot - P
16:35:30.310 [JavaFX Application Thread] DEBUG Input                - Registered new binding: Dev Options - CTRL+0
16:35:30.313 [JavaFX Application Thread] DEBUG Input                - Registered new binding: System info dump - CTRL+9
16:35:30.315 [JavaFX Application Thread] DEBUG Input                - Registered new binding: Restart - CTRL+R
16:35:30.316 [JavaFX Application Thread] DEBUG Input                - Registered new binding: Hit with LeftFlipper - A
16:35:30.317 [JavaFX Application Thread] DEBUG Input                - Registered new binding: Hit with RightFlipper - D
16:35:30.318 [JavaFX Application Thread] DEBUG Input                - Registered new binding: New ball - Space
16:35:30.323 [JavaFX Application Thread] DEBUG Input                - Registered new binding: New Table - N
16:35:30.397 [JavaFX Application Thread] DEBUG GameApplication      - Starting main loop
16:35:30.403 [JavaFX Application Thread] DEBUG StartupState         - STARTUP
16:35:30.404 [JavaFX Application Thread] DEBUG GameApplication      - Starting new game
16:35:30.405 [JavaFX Application Thread] DEBUG Input                - Clearing active input actions
16:35:30.438 [JavaFX Application Thread] DEBUG AppStateMachine      - StartupState -> LoadingState
16:35:30.497 [FXGL Background Thread 1 ] DEBUG InitAppTask          - Clearing previous game
16:35:30.498 [FXGL Background Thread 1 ] DEBUG GameWorld            - Clearing game world
16:35:30.498 [FXGL Background Thread 1 ] DEBUG PhysicsWorld         - Clearing physics world
16:35:30.499 [FXGL Background Thread 1 ] DEBUG GameScene            - Clearing game scene
16:35:30.505 [FXGL Background Thread 1 ] DEBUG InitAppTask          - Initializing Game
16:35:30.806 [FXGL Background Thread 1 ] DEBUG GameScene            - Creating render group for layer: BACKGROUND(1000)
16:35:30.947 [FXGL Background Thread 1 ] DEBUG GameScene            - Creating render group for layer: DEFAULT(100000)
16:35:30.962 [FXGL Background Thread 1 ] DEBUG InitAppTask          - Initializing Physics
16:35:30.966 [FXGL Background Thread 1 ] DEBUG InitAppTask          - Initializing UI
16:35:30.975 [FXGL Background Thread 1 ] DEBUG InitAppTask          - Initialization Complete
16:35:30.976 [FXGL Background Thread 1 ] INFO  InitAppTask          - Game initialization took: 0,480 sec
16:35:30.995 [JavaFX Application Thread] DEBUG Input                - Clearing active input actions
16:35:31.028 [JavaFX Application Thread] DEBUG AppStateMachine      - LoadingState -> PlayState
16:36:21.776 [JavaFX Application Thread] DEBUG GameApplication      - Exiting game application
16:36:21.779 [JavaFX Application Thread] DEBUG GameApplication      - Shutting down background threads
16:36:21.784 [JavaFX Application Thread] DEBUG GameApplication      - Exiting FXGL
16:36:21.785 [JavaFX Application Thread] DEBUG FXGL                 - Saving FXGL system data
16:36:21.792 [JavaFX Application Thread] DEBUG DesktopFSService     - Writing to: system\fxgl.bundle
16:36:21.808 [JavaFX Application Thread] DEBUG GameApplication      - Closing logger and exiting JavaFX
