22:53:29.786 [JavaFX Application Thread] DEBUG GameApplication      - Logger initialized
22:53:29.857 [JavaFX Application Thread] DEBUG MainWindow           - Creating a JavaFX scene
22:53:30.454 [JavaFX Application Thread] DEBUG MainWindow           - Target settings size: 700.0 x 600.0
22:53:30.455 [JavaFX Application Thread] DEBUG MainWindow           - Scaled scene size:    700.0 x 600.0
22:53:30.457 [JavaFX Application Thread] DEBUG MainWindow           - Scaled ratio: (1.0, 1.0)
22:53:30.479 [JavaFX Application Thread] DEBUG GameApplication      - Starting FXGL
22:53:30.529 [JavaFX Application Thread] INFO  FXGL                 - FXGL-0.5.2 on DESKTOP
22:53:30.531 [JavaFX Application Thread] INFO  FXGL                 - Source code and latest versions at: https://github.com/AlmasB/FXGL
22:53:30.532 [JavaFX Application Thread] INFO  FXGL                 -              Join the FXGL chat at: https://gitter.im/AlmasB/FXGL
22:53:30.563 [JavaFX Application Thread] DEBUG FS                   - Loaded DesktopFSService
22:53:30.566 [JavaFX Application Thread] DEBUG FXGL                 - Loading FXGL system data
22:53:30.592 [JavaFX Application Thread] DEBUG DesktopFSService     - Reading from: system\fxgl.bundle
22:53:30.630 [JavaFX Application Thread] DEBUG Bundle               - Logging bundle: FXGL
22:53:30.633 [JavaFX Application Thread] DEBUG Bundle               - FXGL.offline.timer.version.check=2018-08-17T16:45:45.901
22:53:30.801 [JavaFX Application Thread] DEBUG GameApplication      - FXGL started
22:53:30.803 [JavaFX Application Thread] DEBUG GameApplication      - Logging game settings
Title: PinBall
Version: 0.1
Width: 700
Height: 600
Fullscreen: false
Intro: false
Menus: false
Profiling: false
Single step:false
App Mode: DEVELOPER
Menu Key: ESCAPE
Stage Style: DECORATED
Scene Factory: class com.almasb.fxgl.scene.SceneFactory
Dialog Factory: class com.almasb.fxgl.ui.FXGLDialogFactory
UI Factory: class com.almasb.fxgl.ui.FXGLUIFactory
Notification Service: class com.almasb.fxgl.gameplay.notification.XboxNotificationView
Exception Handler: class com.almasb.fxgl.app.FXGLExceptionHandler
22:53:30.807 [JavaFX Application Thread] DEBUG GameApplication      - Configuring GameApplication
22:53:30.808 [JavaFX Application Thread] DEBUG GameApplication      - Initializing state machine and application states
22:53:30.877 [JavaFX Application Thread] DEBUG AssetLoader          - Loading from disk: /assets/ui/cursors/fxgl_default.png
22:53:30.992 [JavaFX Application Thread] DEBUG AssetLoader          - Loading from disk: /assets/ui/cursors/fxgl_default.png
22:53:31.113 [JavaFX Application Thread] DEBUG FXGLAssets           - Loading FXGLAssets
22:53:31.286 [JavaFX Application Thread] DEBUG AssetLoader          - Loading from disk: /assets/ui/fonts/VarelaRound-Regular.ttf
22:53:31.683 [JavaFX Application Thread] DEBUG AssetLoader          - Loading from disk: /assets/ui/fonts/lucida_console.ttf
22:53:31.736 [JavaFX Application Thread] DEBUG AssetLoader          - Loading from disk: /assets/ui/css/fxgl_dark.css
22:53:31.898 [JavaFX Application Thread] DEBUG AssetLoader          - Loading from disk: /assets/ui/cursors/fxgl_default.png
22:53:32.074 [JavaFX Application Thread] DEBUG AssetLoader          - Loading from disk: /assets/ui/cursors/fxgl_default.png
22:53:32.219 [JavaFX Application Thread] DEBUG GameScene            - Game scene initialized: 700x600
22:53:32.234 [JavaFX Application Thread] DEBUG GameWorld            - Game world initialized
22:53:32.501 [JavaFX Application Thread] DEBUG PhysicsWorld         - Physics world initialized: appHeight=600, physics.ppm=50,0
22:53:32.628 [JavaFX Application Thread] DEBUG Input                - Registered new binding: Pause - Esc
22:53:32.721 [JavaFX Application Thread] DEBUG Input                - Clearing active input actions
22:53:32.949 [JavaFX Application Thread] DEBUG AppStateMachine      - StartupState -> StartupState
22:53:32.969 [JavaFX Application Thread] INFO  GameApplication      - Game configuration took:  2,160 sec
22:53:32.977 [JavaFX Application Thread] DEBUG AssetLoader          - Loading from disk: /assets/textures/fxgl_icon.png
22:53:32.998 [JavaFX Application Thread] DEBUG MainWindow           - Opening main window
22:53:33.735 [JavaFX Application Thread] DEBUG MainWindow           - Window border size: (6.0, 29.0)
22:53:33.736 [JavaFX Application Thread] DEBUG MainWindow           - Scaled size: 700.0 x 600.0
22:53:33.737 [JavaFX Application Thread] DEBUG MainWindow           - Scaled ratio: (1.0, 1.0)
22:53:33.738 [JavaFX Application Thread] DEBUG MainWindow           - Scene size: 700.0 x 600.0
22:53:33.738 [JavaFX Application Thread] DEBUG MainWindow           - Stage size: 706.0 x 629.0
22:53:33.739 [JavaFX Application Thread] DEBUG GameApplication      - Running preInit()
22:53:33.748 [JavaFX Application Thread] DEBUG Input                - Registered new binding: Screenshot - P
22:53:33.751 [JavaFX Application Thread] DEBUG Input                - Registered new binding: Dev Options - CTRL+0
22:53:33.753 [JavaFX Application Thread] DEBUG Input                - Registered new binding: System info dump - CTRL+9
22:53:33.755 [JavaFX Application Thread] DEBUG Input                - Registered new binding: Restart - CTRL+R
22:53:33.757 [JavaFX Application Thread] DEBUG Input                - Registered new binding: Hit with LeftFlipper - A
22:53:33.757 [JavaFX Application Thread] DEBUG Input                - Registered new binding: Hit with RightFlipper - D
22:53:33.758 [JavaFX Application Thread] DEBUG Input                - Registered new binding: New ball - Space
22:53:33.763 [JavaFX Application Thread] DEBUG Input                - Registered new binding: New Table - N
22:53:33.837 [JavaFX Application Thread] DEBUG GameApplication      - Starting main loop
22:53:33.842 [JavaFX Application Thread] DEBUG StartupState         - STARTUP
22:53:33.844 [JavaFX Application Thread] DEBUG GameApplication      - Starting new game
22:53:33.844 [JavaFX Application Thread] DEBUG Input                - Clearing active input actions
22:53:33.876 [JavaFX Application Thread] DEBUG AppStateMachine      - StartupState -> LoadingState
22:53:33.900 [FXGL Background Thread 1 ] DEBUG InitAppTask          - Clearing previous game
22:53:33.901 [FXGL Background Thread 1 ] DEBUG GameWorld            - Clearing game world
22:53:33.902 [FXGL Background Thread 1 ] DEBUG PhysicsWorld         - Clearing physics world
22:53:33.903 [FXGL Background Thread 1 ] DEBUG GameScene            - Clearing game scene
22:53:33.908 [FXGL Background Thread 1 ] DEBUG InitAppTask          - Initializing Game
22:53:34.241 [FXGL Background Thread 1 ] DEBUG GameScene            - Creating render group for layer: BACKGROUND(1000)
22:53:34.374 [FXGL Background Thread 1 ] DEBUG GameScene            - Creating render group for layer: DEFAULT(100000)
22:53:34.388 [FXGL Background Thread 1 ] DEBUG InitAppTask          - Initializing Physics
22:53:34.391 [FXGL Background Thread 1 ] DEBUG InitAppTask          - Initializing UI
22:53:34.397 [FXGL Background Thread 1 ] DEBUG InitAppTask          - Initialization Complete
22:53:34.398 [FXGL Background Thread 1 ] INFO  InitAppTask          - Game initialization took: 0,498 sec
22:53:34.408 [JavaFX Application Thread] DEBUG Input                - Clearing active input actions
22:53:34.435 [JavaFX Application Thread] DEBUG AppStateMachine      - LoadingState -> PlayState
22:53:47.326 [JavaFX Application Thread] DEBUG AssetLoader          - Loading from cache: /assets/sounds/kickerBumper.wav
22:53:53.445 [JavaFX Application Thread] DEBUG AssetLoader          - Loading from cache: /assets/sounds/kickerBumper.wav
22:53:53.726 [JavaFX Application Thread] DEBUG AssetLoader          - Loading from cache: /assets/sounds/kickerBumper.wav
22:54:09.966 [JavaFX Application Thread] DEBUG AssetLoader          - Loading from cache: /assets/sounds/kickerBumper.wav
22:54:10.638 [JavaFX Application Thread] DEBUG AssetLoader          - Loading from cache: /assets/sounds/kickerBumper.wav
22:54:14.871 [JavaFX Application Thread] DEBUG GameApplication      - Exiting game application
22:54:14.874 [JavaFX Application Thread] DEBUG GameApplication      - Shutting down background threads
22:54:14.875 [JavaFX Application Thread] DEBUG GameApplication      - Exiting FXGL
22:54:14.876 [JavaFX Application Thread] DEBUG FXGL                 - Saving FXGL system data
22:54:14.883 [JavaFX Application Thread] DEBUG DesktopFSService     - Writing to: system\fxgl.bundle
22:54:14.897 [JavaFX Application Thread] DEBUG GameApplication      - Closing logger and exiting JavaFX
