04:46:29.796 [JavaFX Application Thread] DEBUG GameApplication      - Logger initialized
04:46:29.843 [JavaFX Application Thread] DEBUG MainWindow           - Creating a JavaFX scene
04:46:30.405 [JavaFX Application Thread] DEBUG MainWindow           - Target settings size: 700.0 x 600.0
04:46:30.405 [JavaFX Application Thread] DEBUG MainWindow           - Scaled scene size:    700.0 x 600.0
04:46:30.406 [JavaFX Application Thread] DEBUG MainWindow           - Scaled ratio: (1.0, 1.0)
04:46:30.434 [JavaFX Application Thread] DEBUG GameApplication      - Starting FXGL
04:46:30.491 [JavaFX Application Thread] INFO  FXGL                 - FXGL-0.5.2 on DESKTOP
04:46:30.493 [JavaFX Application Thread] INFO  FXGL                 - Source code and latest versions at: https://github.com/AlmasB/FXGL
04:46:30.494 [JavaFX Application Thread] INFO  FXGL                 -              Join the FXGL chat at: https://gitter.im/AlmasB/FXGL
04:46:30.528 [JavaFX Application Thread] DEBUG FS                   - Loaded DesktopFSService
04:46:30.530 [JavaFX Application Thread] DEBUG FXGL                 - Loading FXGL system data
04:46:30.547 [JavaFX Application Thread] DEBUG DesktopFSService     - Reading from: system\fxgl.bundle
04:46:30.573 [JavaFX Application Thread] DEBUG Bundle               - Logging bundle: FXGL
04:46:30.575 [JavaFX Application Thread] DEBUG Bundle               - FXGL.offline.timer.version.check=2018-08-17T16:45:45.901
04:46:30.700 [JavaFX Application Thread] DEBUG GameApplication      - FXGL started
04:46:30.701 [JavaFX Application Thread] DEBUG GameApplication      - Logging game settings
Title: PinBall
Version: 0.1
Width: 700
Height: 600
Fullscreen: false
Intro: false
Menus: false
Profiling: false
Single step:false
App Mode: DEVELOPER
Menu Key: ESCAPE
Stage Style: DECORATED
Scene Factory: class com.almasb.fxgl.scene.SceneFactory
Dialog Factory: class com.almasb.fxgl.ui.FXGLDialogFactory
UI Factory: class com.almasb.fxgl.ui.FXGLUIFactory
Notification Service: class com.almasb.fxgl.gameplay.notification.XboxNotificationView
Exception Handler: class com.almasb.fxgl.app.FXGLExceptionHandler
04:46:30.705 [JavaFX Application Thread] DEBUG GameApplication      - Configuring GameApplication
04:46:30.706 [JavaFX Application Thread] DEBUG GameApplication      - Initializing state machine and application states
04:46:30.767 [JavaFX Application Thread] DEBUG AssetLoader          - Loading from disk: /assets/ui/cursors/fxgl_default.png
04:46:30.869 [JavaFX Application Thread] DEBUG AssetLoader          - Loading from disk: /assets/ui/cursors/fxgl_default.png
04:46:30.969 [JavaFX Application Thread] DEBUG FXGLAssets           - Loading FXGLAssets
04:46:31.110 [JavaFX Application Thread] DEBUG AssetLoader          - Loading from disk: /assets/ui/fonts/VarelaRound-Regular.ttf
04:46:31.440 [JavaFX Application Thread] DEBUG AssetLoader          - Loading from disk: /assets/ui/fonts/lucida_console.ttf
04:46:31.484 [JavaFX Application Thread] DEBUG AssetLoader          - Loading from disk: /assets/ui/css/fxgl_dark.css
04:46:31.614 [JavaFX Application Thread] DEBUG AssetLoader          - Loading from disk: /assets/ui/cursors/fxgl_default.png
04:46:31.783 [JavaFX Application Thread] DEBUG AssetLoader          - Loading from disk: /assets/ui/cursors/fxgl_default.png
04:46:31.927 [JavaFX Application Thread] DEBUG GameScene            - Game scene initialized: 700x600
04:46:31.938 [JavaFX Application Thread] DEBUG GameWorld            - Game world initialized
04:46:32.179 [JavaFX Application Thread] DEBUG PhysicsWorld         - Physics world initialized: appHeight=600, physics.ppm=50,0
04:46:32.275 [JavaFX Application Thread] DEBUG Input                - Registered new binding: Pause - Esc
04:46:32.355 [JavaFX Application Thread] DEBUG Input                - Clearing active input actions
04:46:32.554 [JavaFX Application Thread] DEBUG AppStateMachine      - StartupState -> StartupState
04:46:32.574 [JavaFX Application Thread] INFO  GameApplication      - Game configuration took:  1,867 sec
04:46:32.582 [JavaFX Application Thread] DEBUG AssetLoader          - Loading from disk: /assets/textures/fxgl_icon.png
04:46:32.596 [JavaFX Application Thread] DEBUG MainWindow           - Opening main window
04:46:33.212 [JavaFX Application Thread] DEBUG MainWindow           - Window border size: (6.0, 29.0)
04:46:33.213 [JavaFX Application Thread] DEBUG MainWindow           - Scaled size: 700.0 x 600.0
04:46:33.214 [JavaFX Application Thread] DEBUG MainWindow           - Scaled ratio: (1.0, 1.0)
04:46:33.215 [JavaFX Application Thread] DEBUG MainWindow           - Scene size: 700.0 x 600.0
04:46:33.216 [JavaFX Application Thread] DEBUG MainWindow           - Stage size: 706.0 x 629.0
04:46:33.217 [JavaFX Application Thread] DEBUG GameApplication      - Running preInit()
04:46:33.225 [JavaFX Application Thread] DEBUG Input                - Registered new binding: Screenshot - P
04:46:33.227 [JavaFX Application Thread] DEBUG Input                - Registered new binding: Dev Options - CTRL+0
04:46:33.229 [JavaFX Application Thread] DEBUG Input                - Registered new binding: System info dump - CTRL+9
04:46:33.231 [JavaFX Application Thread] DEBUG Input                - Registered new binding: Restart - CTRL+R
04:46:33.232 [JavaFX Application Thread] DEBUG Input                - Registered new binding: Hit with LeftFlipper - A
04:46:33.233 [JavaFX Application Thread] DEBUG Input                - Registered new binding: Hit with RightFlipper - D
04:46:33.234 [JavaFX Application Thread] DEBUG Input                - Registered new binding: New ball - Space
04:46:33.239 [JavaFX Application Thread] DEBUG Input                - Registered new binding: New Table - N
04:46:33.306 [JavaFX Application Thread] DEBUG GameApplication      - Starting main loop
04:46:33.312 [JavaFX Application Thread] DEBUG StartupState         - STARTUP
04:46:33.313 [JavaFX Application Thread] DEBUG GameApplication      - Starting new game
04:46:33.314 [JavaFX Application Thread] DEBUG Input                - Clearing active input actions
04:46:33.343 [JavaFX Application Thread] DEBUG AppStateMachine      - StartupState -> LoadingState
04:46:33.365 [FXGL Background Thread 1 ] DEBUG InitAppTask          - Clearing previous game
04:46:33.366 [FXGL Background Thread 1 ] DEBUG GameWorld            - Clearing game world
04:46:33.367 [FXGL Background Thread 1 ] DEBUG PhysicsWorld         - Clearing physics world
04:46:33.367 [FXGL Background Thread 1 ] DEBUG GameScene            - Clearing game scene
04:46:33.372 [FXGL Background Thread 1 ] DEBUG InitAppTask          - Initializing Game
04:46:33.631 [FXGL Background Thread 1 ] DEBUG GameScene            - Creating render group for layer: BACKGROUND(1000)
04:46:33.770 [FXGL Background Thread 1 ] DEBUG GameScene            - Creating render group for layer: DEFAULT(100000)
04:46:33.789 [FXGL Background Thread 1 ] DEBUG InitAppTask          - Initializing Physics
04:46:33.792 [FXGL Background Thread 1 ] DEBUG InitAppTask          - Initializing UI
04:46:33.801 [FXGL Background Thread 1 ] DEBUG InitAppTask          - Initialization Complete
04:46:33.803 [FXGL Background Thread 1 ] INFO  InitAppTask          - Game initialization took: 0,437 sec
04:46:33.809 [JavaFX Application Thread] DEBUG Input                - Clearing active input actions
04:46:33.844 [JavaFX Application Thread] DEBUG AppStateMachine      - LoadingState -> PlayState
04:49:57.984 [JavaFX Application Thread] DEBUG GameApplication      - Exiting game application
04:49:57.988 [JavaFX Application Thread] DEBUG GameApplication      - Shutting down background threads
04:49:57.989 [JavaFX Application Thread] DEBUG GameApplication      - Exiting FXGL
04:49:57.990 [JavaFX Application Thread] DEBUG FXGL                 - Saving FXGL system data
04:49:57.998 [JavaFX Application Thread] DEBUG DesktopFSService     - Writing to: system\fxgl.bundle
04:49:58.015 [JavaFX Application Thread] DEBUG GameApplication      - Closing logger and exiting JavaFX
